CRITICAL - 2024-09-19 22:21:22 --> Undefined array key "access_token"
#0 /www/wwwroot/iaclicks.com/inc/core/Whatsapp_api/Controllers/Whatsapp_api.php(160): CodeIgniter\Debug\Exceptions->errorHandler()
#1 /www/wwwroot/iaclicks.com/vendor/codeigniter4/framework/system/CodeIgniter.php(832): Core\Whatsapp_api\Controllers\Whatsapp_api->send_pedido()
#2 /www/wwwroot/iaclicks.com/vendor/codeigniter4/framework/system/CodeIgniter.php(419): CodeIgniter\CodeIgniter->runController()
#3 /www/wwwroot/iaclicks.com/vendor/codeigniter4/framework/system/CodeIgniter.php(326): CodeIgniter\CodeIgniter->handleRequest()
#4 /www/wwwroot/iaclicks.com/index.php(44): CodeIgniter\CodeIgniter->run()
#5 {main}
CRITICAL - 2024-09-19 22:22:07 --> Undefined array key "access_token"
#0 /www/wwwroot/iaclicks.com/inc/core/Whatsapp_api/Controllers/Whatsapp_api.php(160): CodeIgniter\Debug\Exceptions->errorHandler()
#1 /www/wwwroot/iaclicks.com/vendor/codeigniter4/framework/system/CodeIgniter.php(832): Core\Whatsapp_api\Controllers\Whatsapp_api->send_pedido()
#2 /www/wwwroot/iaclicks.com/vendor/codeigniter4/framework/system/CodeIgniter.php(419): CodeIgniter\CodeIgniter->runController()
#3 /www/wwwroot/iaclicks.com/vendor/codeigniter4/framework/system/CodeIgniter.php(326): CodeIgniter\CodeIgniter->handleRequest()
#4 /www/wwwroot/iaclicks.com/index.php(44): CodeIgniter\CodeIgniter->run()
#5 {main}
CRITICAL - 2024-09-19 22:22:17 --> Undefined array key "access_token"
#0 /www/wwwroot/iaclicks.com/inc/core/Whatsapp_api/Controllers/Whatsapp_api.php(160): CodeIgniter\Debug\Exceptions->errorHandler()
#1 /www/wwwroot/iaclicks.com/vendor/codeigniter4/framework/system/CodeIgniter.php(832): Core\Whatsapp_api\Controllers\Whatsapp_api->send_pedido()
#2 /www/wwwroot/iaclicks.com/vendor/codeigniter4/framework/system/CodeIgniter.php(419): CodeIgniter\CodeIgniter->runController()
#3 /www/wwwroot/iaclicks.com/vendor/codeigniter4/framework/system/CodeIgniter.php(326): CodeIgniter\CodeIgniter->handleRequest()
#4 /www/wwwroot/iaclicks.com/index.php(44): CodeIgniter\CodeIgniter->run()
#5 {main}
CRITICAL - 2024-09-19 22:23:22 --> Undefined array key "access_token"
#0 /www/wwwroot/iaclicks.com/inc/core/Whatsapp_api/Controllers/Whatsapp_api.php(160): CodeIgniter\Debug\Exceptions->errorHandler()
#1 /www/wwwroot/iaclicks.com/vendor/codeigniter4/framework/system/CodeIgniter.php(832): Core\Whatsapp_api\Controllers\Whatsapp_api->send_pedido()
#2 /www/wwwroot/iaclicks.com/vendor/codeigniter4/framework/system/CodeIgniter.php(419): CodeIgniter\CodeIgniter->runController()
#3 /www/wwwroot/iaclicks.com/vendor/codeigniter4/framework/system/CodeIgniter.php(326): CodeIgniter\CodeIgniter->handleRequest()
#4 /www/wwwroot/iaclicks.com/index.php(44): CodeIgniter\CodeIgniter->run()
#5 {main}
CRITICAL - 2024-09-19 22:24:51 --> Undefined array key "access_token"
#0 /www/wwwroot/iaclicks.com/inc/core/Whatsapp_api/Controllers/Whatsapp_api.php(160): CodeIgniter\Debug\Exceptions->errorHandler()
#1 /www/wwwroot/iaclicks.com/vendor/codeigniter4/framework/system/CodeIgniter.php(832): Core\Whatsapp_api\Controllers\Whatsapp_api->send_pedido()
#2 /www/wwwroot/iaclicks.com/vendor/codeigniter4/framework/system/CodeIgniter.php(419): CodeIgniter\CodeIgniter->runController()
#3 /www/wwwroot/iaclicks.com/vendor/codeigniter4/framework/system/CodeIgniter.php(326): CodeIgniter\CodeIgniter->handleRequest()
#4 /www/wwwroot/iaclicks.com/index.php(44): CodeIgniter\CodeIgniter->run()
#5 {main}
CRITICAL - 2024-09-19 22:25:04 --> Undefined array key "access_token"
#0 /www/wwwroot/iaclicks.com/inc/core/Whatsapp_api/Controllers/Whatsapp_api.php(160): CodeIgniter\Debug\Exceptions->errorHandler()
#1 /www/wwwroot/iaclicks.com/vendor/codeigniter4/framework/system/CodeIgniter.php(832): Core\Whatsapp_api\Controllers\Whatsapp_api->send_pedido()
#2 /www/wwwroot/iaclicks.com/vendor/codeigniter4/framework/system/CodeIgniter.php(419): CodeIgniter\CodeIgniter->runController()
#3 /www/wwwroot/iaclicks.com/vendor/codeigniter4/framework/system/CodeIgniter.php(326): CodeIgniter\CodeIgniter->handleRequest()
#4 /www/wwwroot/iaclicks.com/index.php(44): CodeIgniter\CodeIgniter->run()
#5 {main}
CRITICAL - 2024-09-19 22:25:21 --> Undefined array key "access_token"
#0 /www/wwwroot/iaclicks.com/inc/core/Whatsapp_api/Controllers/Whatsapp_api.php(160): CodeIgniter\Debug\Exceptions->errorHandler()
#1 /www/wwwroot/iaclicks.com/vendor/codeigniter4/framework/system/CodeIgniter.php(832): Core\Whatsapp_api\Controllers\Whatsapp_api->send_pedido()
#2 /www/wwwroot/iaclicks.com/vendor/codeigniter4/framework/system/CodeIgniter.php(419): CodeIgniter\CodeIgniter->runController()
#3 /www/wwwroot/iaclicks.com/vendor/codeigniter4/framework/system/CodeIgniter.php(326): CodeIgniter\CodeIgniter->handleRequest()
#4 /www/wwwroot/iaclicks.com/index.php(44): CodeIgniter\CodeIgniter->run()
#5 {main}
