CRITICAL - 2024-08-18 01:41:57 --> Undefined array key "data"
#0 /www/wwwroot/iaclicks.com/inc/plugins/Mercadopago/Controllers/Mercadopago.php(147): CodeIgniter\Debug\Exceptions->errorHandler()
#1 /www/wwwroot/iaclicks.com/vendor/codeigniter4/framework/system/CodeIgniter.php(832): Plugins\Mercadopago\Controllers\Mercadopago->success()
#2 /www/wwwroot/iaclicks.com/vendor/codeigniter4/framework/system/CodeIgniter.php(419): CodeIgniter\CodeIgniter->runController()
#3 /www/wwwroot/iaclicks.com/vendor/codeigniter4/framework/system/CodeIgniter.php(326): CodeIgniter\CodeIgniter->handleRequest()
#4 /www/wwwroot/iaclicks.com/index.php(44): CodeIgniter\CodeIgniter->run()
#5 {main}
CRITICAL - 2024-08-18 02:16:36 --> Undefined array key "data"
#0 /www/wwwroot/iaclicks.com/inc/plugins/Mercadopago/Controllers/Mercadopago.php(147): CodeIgniter\Debug\Exceptions->errorHandler()
#1 /www/wwwroot/iaclicks.com/vendor/codeigniter4/framework/system/CodeIgniter.php(832): Plugins\Mercadopago\Controllers\Mercadopago->success()
#2 /www/wwwroot/iaclicks.com/vendor/codeigniter4/framework/system/CodeIgniter.php(419): CodeIgniter\CodeIgniter->runController()
#3 /www/wwwroot/iaclicks.com/vendor/codeigniter4/framework/system/CodeIgniter.php(326): CodeIgniter\CodeIgniter->handleRequest()
#4 /www/wwwroot/iaclicks.com/index.php(44): CodeIgniter\CodeIgniter->run()
#5 {main}
CRITICAL - 2024-08-18 20:26:28 --> Undefined array key "data"
#0 /www/wwwroot/iaclicks.com/inc/plugins/Mercadopago/Controllers/Mercadopago.php(147): CodeIgniter\Debug\Exceptions->errorHandler()
#1 /www/wwwroot/iaclicks.com/vendor/codeigniter4/framework/system/CodeIgniter.php(832): Plugins\Mercadopago\Controllers\Mercadopago->success()
#2 /www/wwwroot/iaclicks.com/vendor/codeigniter4/framework/system/CodeIgniter.php(419): CodeIgniter\CodeIgniter->runController()
#3 /www/wwwroot/iaclicks.com/vendor/codeigniter4/framework/system/CodeIgniter.php(326): CodeIgniter\CodeIgniter->handleRequest()
#4 /www/wwwroot/iaclicks.com/index.php(44): CodeIgniter\CodeIgniter->run()
#5 {main}
CRITICAL - 2024-08-18 20:26:36 --> Undefined array key "data"
#0 /www/wwwroot/iaclicks.com/inc/plugins/Mercadopago/Controllers/Mercadopago.php(147): CodeIgniter\Debug\Exceptions->errorHandler()
#1 /www/wwwroot/iaclicks.com/vendor/codeigniter4/framework/system/CodeIgniter.php(832): Plugins\Mercadopago\Controllers\Mercadopago->success()
#2 /www/wwwroot/iaclicks.com/vendor/codeigniter4/framework/system/CodeIgniter.php(419): CodeIgniter\CodeIgniter->runController()
#3 /www/wwwroot/iaclicks.com/vendor/codeigniter4/framework/system/CodeIgniter.php(326): CodeIgniter\CodeIgniter->handleRequest()
#4 /www/wwwroot/iaclicks.com/index.php(44): CodeIgniter\CodeIgniter->run()
#5 {main}
CRITICAL - 2024-08-18 20:26:53 --> Undefined array key "data"
#0 /www/wwwroot/iaclicks.com/inc/plugins/Mercadopago/Controllers/Mercadopago.php(147): CodeIgniter\Debug\Exceptions->errorHandler()
#1 /www/wwwroot/iaclicks.com/vendor/codeigniter4/framework/system/CodeIgniter.php(832): Plugins\Mercadopago\Controllers\Mercadopago->success()
#2 /www/wwwroot/iaclicks.com/vendor/codeigniter4/framework/system/CodeIgniter.php(419): CodeIgniter\CodeIgniter->runController()
#3 /www/wwwroot/iaclicks.com/vendor/codeigniter4/framework/system/CodeIgniter.php(326): CodeIgniter\CodeIgniter->handleRequest()
#4 /www/wwwroot/iaclicks.com/index.php(44): CodeIgniter\CodeIgniter->run()
#5 {main}
