ERROR - 2024-10-13 10:00:51 --> Error connecting to the database: Access denied for user ''@'localhost' (using password: NO)
CRITICAL - 2024-10-13 10:00:51 --> Unable to connect to the database.
Main connection [MySQLi]: Access denied for user ''@'localhost' (using password: NO)
#0 /www/wwwroot/dash.wappbuzz.in/vendor/codeigniter4/framework/system/Database/BaseConnection.php(577): CodeIgniter\Database\BaseConnection->initialize()
#1 /www/wwwroot/dash.wappbuzz.in/vendor/codeigniter4/framework/system/Database/BaseBuilder.php(1455): CodeIgniter\Database\BaseConnection->query()
#2 /www/wwwroot/dash.wappbuzz.in/app/Helpers/Common_helper.php(1441): CodeIgniter\Database\BaseBuilder->get()
#3 /www/wwwroot/dash.wappbuzz.in/app/Helpers/Common_helper.php(1345): db_get()
#4 /www/wwwroot/dash.wappbuzz.in/inc/core/Appearance/Filters/beforeFilter.php(32): get_option()
#5 /www/wwwroot/dash.wappbuzz.in/app/Filters/MainFilter.php(50): include_once('...')
#6 /www/wwwroot/dash.wappbuzz.in/vendor/codeigniter4/framework/system/Filters/Filters.php(173): App\Filters\MainFilter->before()
#7 /www/wwwroot/dash.wappbuzz.in/vendor/codeigniter4/framework/system/CodeIgniter.php(393): CodeIgniter\Filters\Filters->run()
#8 /www/wwwroot/dash.wappbuzz.in/vendor/codeigniter4/framework/system/CodeIgniter.php(326): CodeIgniter\CodeIgniter->handleRequest()
#9 /www/wwwroot/dash.wappbuzz.in/index.php(44): CodeIgniter\CodeIgniter->run()
#10 {main}
ERROR - 2024-10-13 10:00:52 --> Error connecting to the database: Access denied for user ''@'localhost' (using password: NO)
CRITICAL - 2024-10-13 10:00:52 --> Unable to connect to the database.
Main connection [MySQLi]: Access denied for user ''@'localhost' (using password: NO)
#0 /www/wwwroot/dash.wappbuzz.in/vendor/codeigniter4/framework/system/Database/BaseConnection.php(577): CodeIgniter\Database\BaseConnection->initialize()
#1 /www/wwwroot/dash.wappbuzz.in/vendor/codeigniter4/framework/system/Database/BaseBuilder.php(1455): CodeIgniter\Database\BaseConnection->query()
#2 /www/wwwroot/dash.wappbuzz.in/app/Helpers/Common_helper.php(1441): CodeIgniter\Database\BaseBuilder->get()
#3 /www/wwwroot/dash.wappbuzz.in/app/Helpers/Common_helper.php(1345): db_get()
#4 /www/wwwroot/dash.wappbuzz.in/app/Helpers/Common_helper.php(1790): get_option()
#5 /www/wwwroot/dash.wappbuzz.in/inc/core/Home/Controllers/Home.php(7): parse_config()
#6 /www/wwwroot/dash.wappbuzz.in/vendor/codeigniter4/framework/system/CodeIgniter.php(809): Core\Home\Controllers\Home->__construct()
#7 /www/wwwroot/dash.wappbuzz.in/vendor/codeigniter4/framework/system/CodeIgniter.php(857): CodeIgniter\CodeIgniter->createController()
#8 /www/wwwroot/dash.wappbuzz.in/vendor/codeigniter4/framework/system/CodeIgniter.php(340): CodeIgniter\CodeIgniter->display404errors()
#9 /www/wwwroot/dash.wappbuzz.in/index.php(44): CodeIgniter\CodeIgniter->run()
#10 {main}
ERROR - 2024-10-13 10:00:54 --> Error connecting to the database: Access denied for user ''@'localhost' (using password: NO)
CRITICAL - 2024-10-13 10:00:54 --> Unable to connect to the database.
Main connection [MySQLi]: Access denied for user ''@'localhost' (using password: NO)
#0 /www/wwwroot/dash.wappbuzz.in/vendor/codeigniter4/framework/system/Database/BaseConnection.php(577): CodeIgniter\Database\BaseConnection->initialize()
#1 /www/wwwroot/dash.wappbuzz.in/vendor/codeigniter4/framework/system/Database/BaseBuilder.php(1455): CodeIgniter\Database\BaseConnection->query()
#2 /www/wwwroot/dash.wappbuzz.in/app/Helpers/Common_helper.php(1441): CodeIgniter\Database\BaseBuilder->get()
#3 /www/wwwroot/dash.wappbuzz.in/app/Helpers/Common_helper.php(1345): db_get()
#4 /www/wwwroot/dash.wappbuzz.in/inc/core/Appearance/Filters/beforeFilter.php(32): get_option()
#5 /www/wwwroot/dash.wappbuzz.in/app/Filters/MainFilter.php(50): include_once('...')
#6 /www/wwwroot/dash.wappbuzz.in/vendor/codeigniter4/framework/system/Filters/Filters.php(173): App\Filters\MainFilter->before()
#7 /www/wwwroot/dash.wappbuzz.in/vendor/codeigniter4/framework/system/CodeIgniter.php(393): CodeIgniter\Filters\Filters->run()
#8 /www/wwwroot/dash.wappbuzz.in/vendor/codeigniter4/framework/system/CodeIgniter.php(326): CodeIgniter\CodeIgniter->handleRequest()
#9 /www/wwwroot/dash.wappbuzz.in/index.php(44): CodeIgniter\CodeIgniter->run()
#10 {main}
ERROR - 2024-10-13 10:00:55 --> Error connecting to the database: Access denied for user ''@'localhost' (using password: NO)
CRITICAL - 2024-10-13 10:00:55 --> Unable to connect to the database.
Main connection [MySQLi]: Access denied for user ''@'localhost' (using password: NO)
#0 /www/wwwroot/dash.wappbuzz.in/vendor/codeigniter4/framework/system/Database/BaseConnection.php(577): CodeIgniter\Database\BaseConnection->initialize()
#1 /www/wwwroot/dash.wappbuzz.in/vendor/codeigniter4/framework/system/Database/BaseBuilder.php(1455): CodeIgniter\Database\BaseConnection->query()
#2 /www/wwwroot/dash.wappbuzz.in/app/Helpers/Common_helper.php(1441): CodeIgniter\Database\BaseBuilder->get()
#3 /www/wwwroot/dash.wappbuzz.in/app/Helpers/Common_helper.php(1345): db_get()
#4 /www/wwwroot/dash.wappbuzz.in/app/Helpers/Common_helper.php(1790): get_option()
#5 /www/wwwroot/dash.wappbuzz.in/inc/core/Home/Controllers/Home.php(7): parse_config()
#6 /www/wwwroot/dash.wappbuzz.in/vendor/codeigniter4/framework/system/CodeIgniter.php(809): Core\Home\Controllers\Home->__construct()
#7 /www/wwwroot/dash.wappbuzz.in/vendor/codeigniter4/framework/system/CodeIgniter.php(857): CodeIgniter\CodeIgniter->createController()
#8 /www/wwwroot/dash.wappbuzz.in/vendor/codeigniter4/framework/system/CodeIgniter.php(340): CodeIgniter\CodeIgniter->display404errors()
#9 /www/wwwroot/dash.wappbuzz.in/index.php(44): CodeIgniter\CodeIgniter->run()
#10 {main}
ERROR - 2024-10-13 10:00:58 --> Error connecting to the database: Access denied for user ''@'localhost' (using password: NO)
CRITICAL - 2024-10-13 10:00:58 --> Unable to connect to the database.
Main connection [MySQLi]: Access denied for user ''@'localhost' (using password: NO)
#0 /www/wwwroot/dash.wappbuzz.in/vendor/codeigniter4/framework/system/Database/BaseConnection.php(577): CodeIgniter\Database\BaseConnection->initialize()
#1 /www/wwwroot/dash.wappbuzz.in/vendor/codeigniter4/framework/system/Database/BaseBuilder.php(1455): CodeIgniter\Database\BaseConnection->query()
#2 /www/wwwroot/dash.wappbuzz.in/app/Helpers/Common_helper.php(1441): CodeIgniter\Database\BaseBuilder->get()
#3 /www/wwwroot/dash.wappbuzz.in/app/Helpers/Common_helper.php(1345): db_get()
#4 /www/wwwroot/dash.wappbuzz.in/inc/core/Appearance/Filters/beforeFilter.php(32): get_option()
#5 /www/wwwroot/dash.wappbuzz.in/app/Filters/MainFilter.php(50): include_once('...')
#6 /www/wwwroot/dash.wappbuzz.in/vendor/codeigniter4/framework/system/Filters/Filters.php(173): App\Filters\MainFilter->before()
#7 /www/wwwroot/dash.wappbuzz.in/vendor/codeigniter4/framework/system/CodeIgniter.php(393): CodeIgniter\Filters\Filters->run()
#8 /www/wwwroot/dash.wappbuzz.in/vendor/codeigniter4/framework/system/CodeIgniter.php(326): CodeIgniter\CodeIgniter->handleRequest()
#9 /www/wwwroot/dash.wappbuzz.in/index.php(44): CodeIgniter\CodeIgniter->run()
#10 {main}
ERROR - 2024-10-13 10:00:58 --> Error connecting to the database: Access denied for user ''@'localhost' (using password: NO)
CRITICAL - 2024-10-13 10:00:58 --> Unable to connect to the database.
Main connection [MySQLi]: Access denied for user ''@'localhost' (using password: NO)
#0 /www/wwwroot/dash.wappbuzz.in/vendor/codeigniter4/framework/system/Database/BaseConnection.php(577): CodeIgniter\Database\BaseConnection->initialize()
#1 /www/wwwroot/dash.wappbuzz.in/vendor/codeigniter4/framework/system/Database/BaseBuilder.php(1455): CodeIgniter\Database\BaseConnection->query()
#2 /www/wwwroot/dash.wappbuzz.in/app/Helpers/Common_helper.php(1441): CodeIgniter\Database\BaseBuilder->get()
#3 /www/wwwroot/dash.wappbuzz.in/app/Helpers/Common_helper.php(1345): db_get()
#4 /www/wwwroot/dash.wappbuzz.in/app/Helpers/Common_helper.php(1790): get_option()
#5 /www/wwwroot/dash.wappbuzz.in/inc/core/Home/Controllers/Home.php(7): parse_config()
#6 /www/wwwroot/dash.wappbuzz.in/vendor/codeigniter4/framework/system/CodeIgniter.php(809): Core\Home\Controllers\Home->__construct()
#7 /www/wwwroot/dash.wappbuzz.in/vendor/codeigniter4/framework/system/CodeIgniter.php(857): CodeIgniter\CodeIgniter->createController()
#8 /www/wwwroot/dash.wappbuzz.in/vendor/codeigniter4/framework/system/CodeIgniter.php(340): CodeIgniter\CodeIgniter->display404errors()
#9 /www/wwwroot/dash.wappbuzz.in/index.php(44): CodeIgniter\CodeIgniter->run()
#10 {main}
CRITICAL - 2024-10-13 10:13:56 --> Invalid file: Frontend\Stackblue\Views\home.php
#0 /www/wwwroot/dash.wappbuzz.in/vendor/codeigniter4/framework/system/View/View.php(198): CodeIgniter\Exceptions\FrameworkException::forInvalidFile()
#1 /www/wwwroot/dash.wappbuzz.in/vendor/codeigniter4/framework/system/Common.php(1089): CodeIgniter\View\View->render()
#2 /www/wwwroot/dash.wappbuzz.in/inc/core/Home/Controllers/Home.php(43): view()
#3 /www/wwwroot/dash.wappbuzz.in/vendor/codeigniter4/framework/system/CodeIgniter.php(832): Core\Home\Controllers\Home->index()
#4 /www/wwwroot/dash.wappbuzz.in/vendor/codeigniter4/framework/system/CodeIgniter.php(419): CodeIgniter\CodeIgniter->runController()
#5 /www/wwwroot/dash.wappbuzz.in/vendor/codeigniter4/framework/system/CodeIgniter.php(326): CodeIgniter\CodeIgniter->handleRequest()
#6 /www/wwwroot/dash.wappbuzz.in/index.php(44): CodeIgniter\CodeIgniter->run()
#7 {main}
CRITICAL - 2024-10-13 10:13:58 --> Invalid file: Frontend\Stackblue\Views\show404.php
#0 /www/wwwroot/dash.wappbuzz.in/vendor/codeigniter4/framework/system/View/View.php(198): CodeIgniter\Exceptions\FrameworkException::forInvalidFile()
#1 /www/wwwroot/dash.wappbuzz.in/vendor/codeigniter4/framework/system/Common.php(1089): CodeIgniter\View\View->render()
#2 /www/wwwroot/dash.wappbuzz.in/inc/core/Home/Controllers/Home.php(271): view()
#3 /www/wwwroot/dash.wappbuzz.in/vendor/codeigniter4/framework/system/CodeIgniter.php(832): Core\Home\Controllers\Home->show404()
#4 /www/wwwroot/dash.wappbuzz.in/vendor/codeigniter4/framework/system/CodeIgniter.php(858): CodeIgniter\CodeIgniter->runController()
#5 /www/wwwroot/dash.wappbuzz.in/vendor/codeigniter4/framework/system/CodeIgniter.php(340): CodeIgniter\CodeIgniter->display404errors()
#6 /www/wwwroot/dash.wappbuzz.in/index.php(44): CodeIgniter\CodeIgniter->run()
#7 {main}
CRITICAL - 2024-10-13 10:14:06 --> Invalid file: Frontend\Stackblue\Views\login.php
#0 /www/wwwroot/dash.wappbuzz.in/vendor/codeigniter4/framework/system/View/View.php(198): CodeIgniter\Exceptions\FrameworkException::forInvalidFile()
#1 /www/wwwroot/dash.wappbuzz.in/vendor/codeigniter4/framework/system/Common.php(1089): CodeIgniter\View\View->render()
#2 /www/wwwroot/dash.wappbuzz.in/inc/core/Home/Controllers/Home.php(171): view()
#3 /www/wwwroot/dash.wappbuzz.in/vendor/codeigniter4/framework/system/CodeIgniter.php(832): Core\Home\Controllers\Home->login()
#4 /www/wwwroot/dash.wappbuzz.in/vendor/codeigniter4/framework/system/CodeIgniter.php(419): CodeIgniter\CodeIgniter->runController()
#5 /www/wwwroot/dash.wappbuzz.in/vendor/codeigniter4/framework/system/CodeIgniter.php(326): CodeIgniter\CodeIgniter->handleRequest()
#6 /www/wwwroot/dash.wappbuzz.in/index.php(44): CodeIgniter\CodeIgniter->run()
#7 {main}
CRITICAL - 2024-10-13 10:14:07 --> Invalid file: Frontend\Stackblue\Views\show404.php
#0 /www/wwwroot/dash.wappbuzz.in/vendor/codeigniter4/framework/system/View/View.php(198): CodeIgniter\Exceptions\FrameworkException::forInvalidFile()
#1 /www/wwwroot/dash.wappbuzz.in/vendor/codeigniter4/framework/system/Common.php(1089): CodeIgniter\View\View->render()
#2 /www/wwwroot/dash.wappbuzz.in/inc/core/Home/Controllers/Home.php(271): view()
#3 /www/wwwroot/dash.wappbuzz.in/vendor/codeigniter4/framework/system/CodeIgniter.php(832): Core\Home\Controllers\Home->show404()
#4 /www/wwwroot/dash.wappbuzz.in/vendor/codeigniter4/framework/system/CodeIgniter.php(858): CodeIgniter\CodeIgniter->runController()
#5 /www/wwwroot/dash.wappbuzz.in/vendor/codeigniter4/framework/system/CodeIgniter.php(340): CodeIgniter\CodeIgniter->display404errors()
#6 /www/wwwroot/dash.wappbuzz.in/index.php(44): CodeIgniter\CodeIgniter->run()
#7 {main}
CRITICAL - 2024-10-13 10:14:15 --> Invalid file: Frontend\Stackblue\Views\login.php
#0 /www/wwwroot/dash.wappbuzz.in/vendor/codeigniter4/framework/system/View/View.php(198): CodeIgniter\Exceptions\FrameworkException::forInvalidFile()
#1 /www/wwwroot/dash.wappbuzz.in/vendor/codeigniter4/framework/system/Common.php(1089): CodeIgniter\View\View->render()
#2 /www/wwwroot/dash.wappbuzz.in/inc/core/Home/Controllers/Home.php(171): view()
#3 /www/wwwroot/dash.wappbuzz.in/vendor/codeigniter4/framework/system/CodeIgniter.php(832): Core\Home\Controllers\Home->login()
#4 /www/wwwroot/dash.wappbuzz.in/vendor/codeigniter4/framework/system/CodeIgniter.php(419): CodeIgniter\CodeIgniter->runController()
#5 /www/wwwroot/dash.wappbuzz.in/vendor/codeigniter4/framework/system/CodeIgniter.php(326): CodeIgniter\CodeIgniter->handleRequest()
#6 /www/wwwroot/dash.wappbuzz.in/index.php(44): CodeIgniter\CodeIgniter->run()
#7 {main}
CRITICAL - 2024-10-13 10:14:16 --> Invalid file: Frontend\Stackblue\Views\show404.php
#0 /www/wwwroot/dash.wappbuzz.in/vendor/codeigniter4/framework/system/View/View.php(198): CodeIgniter\Exceptions\FrameworkException::forInvalidFile()
#1 /www/wwwroot/dash.wappbuzz.in/vendor/codeigniter4/framework/system/Common.php(1089): CodeIgniter\View\View->render()
#2 /www/wwwroot/dash.wappbuzz.in/inc/core/Home/Controllers/Home.php(271): view()
#3 /www/wwwroot/dash.wappbuzz.in/vendor/codeigniter4/framework/system/CodeIgniter.php(832): Core\Home\Controllers\Home->show404()
#4 /www/wwwroot/dash.wappbuzz.in/vendor/codeigniter4/framework/system/CodeIgniter.php(858): CodeIgniter\CodeIgniter->runController()
#5 /www/wwwroot/dash.wappbuzz.in/vendor/codeigniter4/framework/system/CodeIgniter.php(340): CodeIgniter\CodeIgniter->display404errors()
#6 /www/wwwroot/dash.wappbuzz.in/index.php(44): CodeIgniter\CodeIgniter->run()
#7 {main}
CRITICAL - 2024-10-13 15:00:53 --> Call to undefined function Core\Auth\Models\send_whatsapp()
#0 /www/wwwroot/dash.wappbuzz.in/inc/core/Auth/Controllers/Auth.php(35): Core\Auth\Models\AuthModel->recovery_password()
#1 /www/wwwroot/dash.wappbuzz.in/vendor/codeigniter4/framework/system/CodeIgniter.php(832): Core\Auth\Controllers\Auth->recovery_password()
#2 /www/wwwroot/dash.wappbuzz.in/vendor/codeigniter4/framework/system/CodeIgniter.php(419): CodeIgniter\CodeIgniter->runController()
#3 /www/wwwroot/dash.wappbuzz.in/vendor/codeigniter4/framework/system/CodeIgniter.php(326): CodeIgniter\CodeIgniter->handleRequest()
#4 /www/wwwroot/dash.wappbuzz.in/index.php(44): CodeIgniter\CodeIgniter->run()
#5 {main}
ERROR - 2024-10-13 23:23:09 --> Duplicate entry '0' for key 'PRIMARY'
ERROR - 2024-10-13 23:23:40 --> Duplicate entry '0' for key 'PRIMARY'
ERROR - 2024-10-13 23:25:04 --> Duplicate entry '0' for key 'PRIMARY'
