ERROR - 2025-01-31 10:23:36 --> Error connecting to the database: Too many connections
CRITICAL - 2025-01-31 10:23:36 --> Unable to connect to the database.
Main connection [MySQLi]: Too many connections
#0 /www/wwwroot/sender.hubwale.in/vendor/codeigniter4/framework/system/Database/MySQLi/Connection.php(332): CodeIgniter\Database\BaseConnection->initialize()
#1 /www/wwwroot/sender.hubwale.in/vendor/codeigniter4/framework/system/Database/BaseConnection.php(1226): CodeIgniter\Database\MySQLi\Connection->_escapeString()
#2 /www/wwwroot/sender.hubwale.in/app/Helpers/Common_helper.php(1369): CodeIgniter\Database\BaseConnection->escapeString()
#3 /www/wwwroot/sender.hubwale.in/app/Helpers/Common_helper.php(1429): escapeString()
#4 /www/wwwroot/sender.hubwale.in/app/Filters/MainFilter.php(62): db_get()
#5 /www/wwwroot/sender.hubwale.in/vendor/codeigniter4/framework/system/Filters/Filters.php(173): App\Filters\MainFilter->before()
#6 /www/wwwroot/sender.hubwale.in/vendor/codeigniter4/framework/system/CodeIgniter.php(393): CodeIgniter\Filters\Filters->run()
#7 /www/wwwroot/sender.hubwale.in/vendor/codeigniter4/framework/system/CodeIgniter.php(326): CodeIgniter\CodeIgniter->handleRequest()
#8 /www/wwwroot/sender.hubwale.in/index.php(44): CodeIgniter\CodeIgniter->run()
#9 {main}
ERROR - 2025-01-31 10:23:51 --> Error connecting to the database: Too many connections
CRITICAL - 2025-01-31 10:23:51 --> Unable to connect to the database.
Main connection [MySQLi]: Too many connections
#0 /www/wwwroot/sender.hubwale.in/vendor/codeigniter4/framework/system/Database/BaseConnection.php(577): CodeIgniter\Database\BaseConnection->initialize()
#1 /www/wwwroot/sender.hubwale.in/vendor/codeigniter4/framework/system/Database/BaseBuilder.php(1455): CodeIgniter\Database\BaseConnection->query()
#2 /www/wwwroot/sender.hubwale.in/app/Helpers/Common_helper.php(1441): CodeIgniter\Database\BaseBuilder->get()
#3 /www/wwwroot/sender.hubwale.in/app/Filters/MainFilter.php(52): db_get()
#4 /www/wwwroot/sender.hubwale.in/vendor/codeigniter4/framework/system/Filters/Filters.php(173): App\Filters\MainFilter->before()
#5 /www/wwwroot/sender.hubwale.in/vendor/codeigniter4/framework/system/CodeIgniter.php(393): CodeIgniter\Filters\Filters->run()
#6 /www/wwwroot/sender.hubwale.in/vendor/codeigniter4/framework/system/CodeIgniter.php(326): CodeIgniter\CodeIgniter->handleRequest()
#7 /www/wwwroot/sender.hubwale.in/index.php(44): CodeIgniter\CodeIgniter->run()
#8 {main}
