ERROR - 2024-10-04 20:07:34 --> Error connecting to the database: Too many connections
CRITICAL - 2024-10-04 20:07:34 --> Unable to connect to the database.
Main connection [MySQLi]: Too many connections
#0 /www/wwwroot/app_zapmatic_app/vendor/codeigniter4/framework/system/Database/BaseConnection.php(577): CodeIgniter\Database\BaseConnection->initialize()
#1 /www/wwwroot/app_zapmatic_app/vendor/codeigniter4/framework/system/Database/BaseBuilder.php(1455): CodeIgniter\Database\BaseConnection->query()
#2 /www/wwwroot/app_zapmatic_app/app/Helpers/Common_helper.php(1441): CodeIgniter\Database\BaseBuilder->get()
#3 /www/wwwroot/app_zapmatic_app/app/Helpers/Common_helper.php(1345): db_get()
#4 /www/wwwroot/app_zapmatic_app/inc/core/Appearance/Filters/beforeFilter.php(32): get_option()
#5 /www/wwwroot/app_zapmatic_app/app/Filters/MainFilter.php(50): include_once('...')
#6 /www/wwwroot/app_zapmatic_app/vendor/codeigniter4/framework/system/Filters/Filters.php(173): App\Filters\MainFilter->before()
#7 /www/wwwroot/app_zapmatic_app/vendor/codeigniter4/framework/system/CodeIgniter.php(393): CodeIgniter\Filters\Filters->run()
#8 /www/wwwroot/app_zapmatic_app/vendor/codeigniter4/framework/system/CodeIgniter.php(326): CodeIgniter\CodeIgniter->handleRequest()
#9 /www/wwwroot/app_zapmatic_app/index.php(44): CodeIgniter\CodeIgniter->run()
#10 {main}
ERROR - 2024-10-04 20:07:35 --> Error connecting to the database: Too many connections
CRITICAL - 2024-10-04 20:07:35 --> Unable to connect to the database.
Main connection [MySQLi]: Too many connections
#0 /www/wwwroot/app_zapmatic_app/vendor/codeigniter4/framework/system/Database/BaseConnection.php(577): CodeIgniter\Database\BaseConnection->initialize()
#1 /www/wwwroot/app_zapmatic_app/vendor/codeigniter4/framework/system/Database/BaseBuilder.php(1455): CodeIgniter\Database\BaseConnection->query()
#2 /www/wwwroot/app_zapmatic_app/app/Helpers/Common_helper.php(1441): CodeIgniter\Database\BaseBuilder->get()
#3 /www/wwwroot/app_zapmatic_app/app/Helpers/Common_helper.php(1345): db_get()
#4 /www/wwwroot/app_zapmatic_app/app/Helpers/Common_helper.php(1790): get_option()
#5 /www/wwwroot/app_zapmatic_app/inc/core/Home/Controllers/Home.php(7): parse_config()
#6 /www/wwwroot/app_zapmatic_app/vendor/codeigniter4/framework/system/CodeIgniter.php(809): Core\Home\Controllers\Home->__construct()
#7 /www/wwwroot/app_zapmatic_app/vendor/codeigniter4/framework/system/CodeIgniter.php(857): CodeIgniter\CodeIgniter->createController()
#8 /www/wwwroot/app_zapmatic_app/vendor/codeigniter4/framework/system/CodeIgniter.php(340): CodeIgniter\CodeIgniter->display404errors()
#9 /www/wwwroot/app_zapmatic_app/index.php(44): CodeIgniter\CodeIgniter->run()
#10 {main}
ERROR - 2024-10-04 20:08:47 --> Error connecting to the database: Too many connections
CRITICAL - 2024-10-04 20:08:47 --> Unable to connect to the database.
Main connection [MySQLi]: Too many connections
#0 /www/wwwroot/app_zapmatic_app/vendor/codeigniter4/framework/system/Database/BaseConnection.php(577): CodeIgniter\Database\BaseConnection->initialize()
#1 /www/wwwroot/app_zapmatic_app/vendor/codeigniter4/framework/system/Database/BaseBuilder.php(1455): CodeIgniter\Database\BaseConnection->query()
#2 /www/wwwroot/app_zapmatic_app/app/Helpers/Common_helper.php(1441): CodeIgniter\Database\BaseBuilder->get()
#3 /www/wwwroot/app_zapmatic_app/app/Helpers/Common_helper.php(1345): db_get()
#4 /www/wwwroot/app_zapmatic_app/inc/core/Appearance/Filters/beforeFilter.php(32): get_option()
#5 /www/wwwroot/app_zapmatic_app/app/Filters/MainFilter.php(50): include_once('...')
#6 /www/wwwroot/app_zapmatic_app/vendor/codeigniter4/framework/system/Filters/Filters.php(173): App\Filters\MainFilter->before()
#7 /www/wwwroot/app_zapmatic_app/vendor/codeigniter4/framework/system/CodeIgniter.php(393): CodeIgniter\Filters\Filters->run()
#8 /www/wwwroot/app_zapmatic_app/vendor/codeigniter4/framework/system/CodeIgniter.php(326): CodeIgniter\CodeIgniter->handleRequest()
#9 /www/wwwroot/app_zapmatic_app/index.php(44): CodeIgniter\CodeIgniter->run()
#10 {main}
ERROR - 2024-10-04 20:08:48 --> Error connecting to the database: Too many connections
CRITICAL - 2024-10-04 20:08:48 --> Unable to connect to the database.
Main connection [MySQLi]: Too many connections
#0 /www/wwwroot/app_zapmatic_app/vendor/codeigniter4/framework/system/Database/BaseConnection.php(577): CodeIgniter\Database\BaseConnection->initialize()
#1 /www/wwwroot/app_zapmatic_app/vendor/codeigniter4/framework/system/Database/BaseBuilder.php(1455): CodeIgniter\Database\BaseConnection->query()
#2 /www/wwwroot/app_zapmatic_app/app/Helpers/Common_helper.php(1441): CodeIgniter\Database\BaseBuilder->get()
#3 /www/wwwroot/app_zapmatic_app/app/Helpers/Common_helper.php(1345): db_get()
#4 /www/wwwroot/app_zapmatic_app/app/Helpers/Common_helper.php(1790): get_option()
#5 /www/wwwroot/app_zapmatic_app/inc/core/Home/Controllers/Home.php(7): parse_config()
#6 /www/wwwroot/app_zapmatic_app/vendor/codeigniter4/framework/system/CodeIgniter.php(809): Core\Home\Controllers\Home->__construct()
#7 /www/wwwroot/app_zapmatic_app/vendor/codeigniter4/framework/system/CodeIgniter.php(857): CodeIgniter\CodeIgniter->createController()
#8 /www/wwwroot/app_zapmatic_app/vendor/codeigniter4/framework/system/CodeIgniter.php(340): CodeIgniter\CodeIgniter->display404errors()
#9 /www/wwwroot/app_zapmatic_app/index.php(44): CodeIgniter\CodeIgniter->run()
#10 {main}
ERROR - 2024-10-04 20:08:49 --> Error connecting to the database: Too many connections
CRITICAL - 2024-10-04 20:08:49 --> Unable to connect to the database.
Main connection [MySQLi]: Too many connections
#0 /www/wwwroot/app_zapmatic_app/vendor/codeigniter4/framework/system/Database/BaseConnection.php(577): CodeIgniter\Database\BaseConnection->initialize()
#1 /www/wwwroot/app_zapmatic_app/vendor/codeigniter4/framework/system/Database/BaseBuilder.php(1455): CodeIgniter\Database\BaseConnection->query()
#2 /www/wwwroot/app_zapmatic_app/app/Helpers/Common_helper.php(1441): CodeIgniter\Database\BaseBuilder->get()
#3 /www/wwwroot/app_zapmatic_app/app/Helpers/Common_helper.php(1345): db_get()
#4 /www/wwwroot/app_zapmatic_app/inc/core/Appearance/Filters/beforeFilter.php(32): get_option()
#5 /www/wwwroot/app_zapmatic_app/app/Filters/MainFilter.php(50): include_once('...')
#6 /www/wwwroot/app_zapmatic_app/vendor/codeigniter4/framework/system/Filters/Filters.php(173): App\Filters\MainFilter->before()
#7 /www/wwwroot/app_zapmatic_app/vendor/codeigniter4/framework/system/CodeIgniter.php(393): CodeIgniter\Filters\Filters->run()
#8 /www/wwwroot/app_zapmatic_app/vendor/codeigniter4/framework/system/CodeIgniter.php(326): CodeIgniter\CodeIgniter->handleRequest()
#9 /www/wwwroot/app_zapmatic_app/index.php(44): CodeIgniter\CodeIgniter->run()
#10 {main}
ERROR - 2024-10-04 20:08:52 --> Error connecting to the database: Too many connections
CRITICAL - 2024-10-04 20:08:52 --> Unable to connect to the database.
Main connection [MySQLi]: Too many connections
#0 /www/wwwroot/app_zapmatic_app/vendor/codeigniter4/framework/system/Database/BaseConnection.php(577): CodeIgniter\Database\BaseConnection->initialize()
#1 /www/wwwroot/app_zapmatic_app/vendor/codeigniter4/framework/system/Database/BaseBuilder.php(1455): CodeIgniter\Database\BaseConnection->query()
#2 /www/wwwroot/app_zapmatic_app/app/Helpers/Common_helper.php(1441): CodeIgniter\Database\BaseBuilder->get()
#3 /www/wwwroot/app_zapmatic_app/app/Helpers/Common_helper.php(1345): db_get()
#4 /www/wwwroot/app_zapmatic_app/inc/core/Appearance/Filters/beforeFilter.php(32): get_option()
#5 /www/wwwroot/app_zapmatic_app/app/Filters/MainFilter.php(50): include_once('...')
#6 /www/wwwroot/app_zapmatic_app/vendor/codeigniter4/framework/system/Filters/Filters.php(173): App\Filters\MainFilter->before()
#7 /www/wwwroot/app_zapmatic_app/vendor/codeigniter4/framework/system/CodeIgniter.php(393): CodeIgniter\Filters\Filters->run()
#8 /www/wwwroot/app_zapmatic_app/vendor/codeigniter4/framework/system/CodeIgniter.php(326): CodeIgniter\CodeIgniter->handleRequest()
#9 /www/wwwroot/app_zapmatic_app/index.php(44): CodeIgniter\CodeIgniter->run()
#10 {main}
ERROR - 2024-10-04 20:08:53 --> Error connecting to the database: Too many connections
CRITICAL - 2024-10-04 20:08:53 --> Unable to connect to the database.
Main connection [MySQLi]: Too many connections
#0 /www/wwwroot/app_zapmatic_app/vendor/codeigniter4/framework/system/Database/BaseConnection.php(577): CodeIgniter\Database\BaseConnection->initialize()
#1 /www/wwwroot/app_zapmatic_app/vendor/codeigniter4/framework/system/Database/BaseBuilder.php(1455): CodeIgniter\Database\BaseConnection->query()
#2 /www/wwwroot/app_zapmatic_app/app/Helpers/Common_helper.php(1441): CodeIgniter\Database\BaseBuilder->get()
#3 /www/wwwroot/app_zapmatic_app/app/Helpers/Common_helper.php(1345): db_get()
#4 /www/wwwroot/app_zapmatic_app/app/Helpers/Common_helper.php(1790): get_option()
#5 /www/wwwroot/app_zapmatic_app/inc/core/Home/Controllers/Home.php(7): parse_config()
#6 /www/wwwroot/app_zapmatic_app/vendor/codeigniter4/framework/system/CodeIgniter.php(809): Core\Home\Controllers\Home->__construct()
#7 /www/wwwroot/app_zapmatic_app/vendor/codeigniter4/framework/system/CodeIgniter.php(857): CodeIgniter\CodeIgniter->createController()
#8 /www/wwwroot/app_zapmatic_app/vendor/codeigniter4/framework/system/CodeIgniter.php(340): CodeIgniter\CodeIgniter->display404errors()
#9 /www/wwwroot/app_zapmatic_app/index.php(44): CodeIgniter\CodeIgniter->run()
#10 {main}
ERROR - 2024-10-04 20:09:11 --> Error connecting to the database: Too many connections
CRITICAL - 2024-10-04 20:09:11 --> Unable to connect to the database.
Main connection [MySQLi]: Too many connections
#0 /www/wwwroot/app_zapmatic_app/vendor/codeigniter4/framework/system/Database/BaseConnection.php(577): CodeIgniter\Database\BaseConnection->initialize()
#1 /www/wwwroot/app_zapmatic_app/vendor/codeigniter4/framework/system/Database/BaseBuilder.php(1455): CodeIgniter\Database\BaseConnection->query()
#2 /www/wwwroot/app_zapmatic_app/app/Helpers/Common_helper.php(1441): CodeIgniter\Database\BaseBuilder->get()
#3 /www/wwwroot/app_zapmatic_app/app/Helpers/Common_helper.php(1345): db_get()
#4 /www/wwwroot/app_zapmatic_app/inc/core/Appearance/Filters/beforeFilter.php(32): get_option()
#5 /www/wwwroot/app_zapmatic_app/app/Filters/MainFilter.php(50): include_once('...')
#6 /www/wwwroot/app_zapmatic_app/vendor/codeigniter4/framework/system/Filters/Filters.php(173): App\Filters\MainFilter->before()
#7 /www/wwwroot/app_zapmatic_app/vendor/codeigniter4/framework/system/CodeIgniter.php(393): CodeIgniter\Filters\Filters->run()
#8 /www/wwwroot/app_zapmatic_app/vendor/codeigniter4/framework/system/CodeIgniter.php(326): CodeIgniter\CodeIgniter->handleRequest()
#9 /www/wwwroot/app_zapmatic_app/index.php(44): CodeIgniter\CodeIgniter->run()
#10 {main}
ERROR - 2024-10-04 20:09:12 --> Error connecting to the database: Too many connections
CRITICAL - 2024-10-04 20:09:12 --> Unable to connect to the database.
Main connection [MySQLi]: Too many connections
#0 /www/wwwroot/app_zapmatic_app/vendor/codeigniter4/framework/system/Database/BaseConnection.php(577): CodeIgniter\Database\BaseConnection->initialize()
#1 /www/wwwroot/app_zapmatic_app/vendor/codeigniter4/framework/system/Database/BaseBuilder.php(1455): CodeIgniter\Database\BaseConnection->query()
#2 /www/wwwroot/app_zapmatic_app/app/Helpers/Common_helper.php(1441): CodeIgniter\Database\BaseBuilder->get()
#3 /www/wwwroot/app_zapmatic_app/app/Helpers/Common_helper.php(1345): db_get()
#4 /www/wwwroot/app_zapmatic_app/app/Helpers/Common_helper.php(1790): get_option()
#5 /www/wwwroot/app_zapmatic_app/inc/core/Home/Controllers/Home.php(7): parse_config()
#6 /www/wwwroot/app_zapmatic_app/vendor/codeigniter4/framework/system/CodeIgniter.php(809): Core\Home\Controllers\Home->__construct()
#7 /www/wwwroot/app_zapmatic_app/vendor/codeigniter4/framework/system/CodeIgniter.php(857): CodeIgniter\CodeIgniter->createController()
#8 /www/wwwroot/app_zapmatic_app/vendor/codeigniter4/framework/system/CodeIgniter.php(340): CodeIgniter\CodeIgniter->display404errors()
#9 /www/wwwroot/app_zapmatic_app/index.php(44): CodeIgniter\CodeIgniter->run()
#10 {main}
ERROR - 2024-10-04 20:10:10 --> Error connecting to the database: Too many connections
CRITICAL - 2024-10-04 20:10:10 --> Unable to connect to the database.
Main connection [MySQLi]: Too many connections
#0 /www/wwwroot/app_zapmatic_app/vendor/codeigniter4/framework/system/Database/BaseConnection.php(577): CodeIgniter\Database\BaseConnection->initialize()
#1 /www/wwwroot/app_zapmatic_app/vendor/codeigniter4/framework/system/Database/BaseBuilder.php(1455): CodeIgniter\Database\BaseConnection->query()
#2 /www/wwwroot/app_zapmatic_app/app/Helpers/Common_helper.php(1441): CodeIgniter\Database\BaseBuilder->get()
#3 /www/wwwroot/app_zapmatic_app/app/Helpers/Common_helper.php(1345): db_get()
#4 /www/wwwroot/app_zapmatic_app/inc/core/Appearance/Filters/beforeFilter.php(32): get_option()
#5 /www/wwwroot/app_zapmatic_app/app/Filters/MainFilter.php(50): include_once('...')
#6 /www/wwwroot/app_zapmatic_app/vendor/codeigniter4/framework/system/Filters/Filters.php(173): App\Filters\MainFilter->before()
#7 /www/wwwroot/app_zapmatic_app/vendor/codeigniter4/framework/system/CodeIgniter.php(393): CodeIgniter\Filters\Filters->run()
#8 /www/wwwroot/app_zapmatic_app/vendor/codeigniter4/framework/system/CodeIgniter.php(326): CodeIgniter\CodeIgniter->handleRequest()
#9 /www/wwwroot/app_zapmatic_app/index.php(44): CodeIgniter\CodeIgniter->run()
#10 {main}
ERROR - 2024-10-04 20:10:11 --> Error connecting to the database: Too many connections
CRITICAL - 2024-10-04 20:10:11 --> Unable to connect to the database.
Main connection [MySQLi]: Too many connections
#0 /www/wwwroot/app_zapmatic_app/vendor/codeigniter4/framework/system/Database/BaseConnection.php(577): CodeIgniter\Database\BaseConnection->initialize()
#1 /www/wwwroot/app_zapmatic_app/vendor/codeigniter4/framework/system/Database/BaseBuilder.php(1455): CodeIgniter\Database\BaseConnection->query()
#2 /www/wwwroot/app_zapmatic_app/app/Helpers/Common_helper.php(1441): CodeIgniter\Database\BaseBuilder->get()
#3 /www/wwwroot/app_zapmatic_app/app/Helpers/Common_helper.php(1345): db_get()
#4 /www/wwwroot/app_zapmatic_app/app/Helpers/Common_helper.php(1790): get_option()
#5 /www/wwwroot/app_zapmatic_app/inc/core/Home/Controllers/Home.php(7): parse_config()
#6 /www/wwwroot/app_zapmatic_app/vendor/codeigniter4/framework/system/CodeIgniter.php(809): Core\Home\Controllers\Home->__construct()
#7 /www/wwwroot/app_zapmatic_app/vendor/codeigniter4/framework/system/CodeIgniter.php(857): CodeIgniter\CodeIgniter->createController()
#8 /www/wwwroot/app_zapmatic_app/vendor/codeigniter4/framework/system/CodeIgniter.php(340): CodeIgniter\CodeIgniter->display404errors()
#9 /www/wwwroot/app_zapmatic_app/index.php(44): CodeIgniter\CodeIgniter->run()
#10 {main}
ERROR - 2024-10-04 20:10:20 --> Error connecting to the database: Too many connections
CRITICAL - 2024-10-04 20:10:20 --> Unable to connect to the database.
Main connection [MySQLi]: Too many connections
#0 /www/wwwroot/app_zapmatic_app/vendor/codeigniter4/framework/system/Database/BaseConnection.php(577): CodeIgniter\Database\BaseConnection->initialize()
#1 /www/wwwroot/app_zapmatic_app/vendor/codeigniter4/framework/system/Database/BaseBuilder.php(1455): CodeIgniter\Database\BaseConnection->query()
#2 /www/wwwroot/app_zapmatic_app/app/Helpers/Common_helper.php(1441): CodeIgniter\Database\BaseBuilder->get()
#3 /www/wwwroot/app_zapmatic_app/app/Helpers/Common_helper.php(1345): db_get()
#4 /www/wwwroot/app_zapmatic_app/inc/core/Appearance/Filters/beforeFilter.php(32): get_option()
#5 /www/wwwroot/app_zapmatic_app/app/Filters/MainFilter.php(50): include_once('...')
#6 /www/wwwroot/app_zapmatic_app/vendor/codeigniter4/framework/system/Filters/Filters.php(173): App\Filters\MainFilter->before()
#7 /www/wwwroot/app_zapmatic_app/vendor/codeigniter4/framework/system/CodeIgniter.php(393): CodeIgniter\Filters\Filters->run()
#8 /www/wwwroot/app_zapmatic_app/vendor/codeigniter4/framework/system/CodeIgniter.php(326): CodeIgniter\CodeIgniter->handleRequest()
#9 /www/wwwroot/app_zapmatic_app/index.php(44): CodeIgniter\CodeIgniter->run()
#10 {main}
ERROR - 2024-10-04 20:10:20 --> Error connecting to the database: Too many connections
CRITICAL - 2024-10-04 20:10:20 --> Unable to connect to the database.
Main connection [MySQLi]: Too many connections
#0 /www/wwwroot/app_zapmatic_app/vendor/codeigniter4/framework/system/Database/BaseConnection.php(577): CodeIgniter\Database\BaseConnection->initialize()
#1 /www/wwwroot/app_zapmatic_app/vendor/codeigniter4/framework/system/Database/BaseBuilder.php(1455): CodeIgniter\Database\BaseConnection->query()
#2 /www/wwwroot/app_zapmatic_app/app/Helpers/Common_helper.php(1441): CodeIgniter\Database\BaseBuilder->get()
#3 /www/wwwroot/app_zapmatic_app/app/Helpers/Common_helper.php(1345): db_get()
#4 /www/wwwroot/app_zapmatic_app/app/Helpers/Common_helper.php(1790): get_option()
#5 /www/wwwroot/app_zapmatic_app/inc/core/Home/Controllers/Home.php(7): parse_config()
#6 /www/wwwroot/app_zapmatic_app/vendor/codeigniter4/framework/system/CodeIgniter.php(809): Core\Home\Controllers\Home->__construct()
#7 /www/wwwroot/app_zapmatic_app/vendor/codeigniter4/framework/system/CodeIgniter.php(857): CodeIgniter\CodeIgniter->createController()
#8 /www/wwwroot/app_zapmatic_app/vendor/codeigniter4/framework/system/CodeIgniter.php(340): CodeIgniter\CodeIgniter->display404errors()
#9 /www/wwwroot/app_zapmatic_app/index.php(44): CodeIgniter\CodeIgniter->run()
#10 {main}
ERROR - 2024-10-04 20:10:42 --> Error connecting to the database: No such file or directory
CRITICAL - 2024-10-04 20:10:42 --> Unable to connect to the database.
Main connection [MySQLi]: No such file or directory
#0 /www/wwwroot/app_zapmatic_app/vendor/codeigniter4/framework/system/Database/BaseConnection.php(577): CodeIgniter\Database\BaseConnection->initialize()
#1 /www/wwwroot/app_zapmatic_app/vendor/codeigniter4/framework/system/Database/BaseBuilder.php(1455): CodeIgniter\Database\BaseConnection->query()
#2 /www/wwwroot/app_zapmatic_app/app/Helpers/Common_helper.php(1441): CodeIgniter\Database\BaseBuilder->get()
#3 /www/wwwroot/app_zapmatic_app/app/Helpers/Common_helper.php(1345): db_get()
#4 /www/wwwroot/app_zapmatic_app/inc/core/Appearance/Filters/beforeFilter.php(32): get_option()
#5 /www/wwwroot/app_zapmatic_app/app/Filters/MainFilter.php(50): include_once('...')
#6 /www/wwwroot/app_zapmatic_app/vendor/codeigniter4/framework/system/Filters/Filters.php(173): App\Filters\MainFilter->before()
#7 /www/wwwroot/app_zapmatic_app/vendor/codeigniter4/framework/system/CodeIgniter.php(393): CodeIgniter\Filters\Filters->run()
#8 /www/wwwroot/app_zapmatic_app/vendor/codeigniter4/framework/system/CodeIgniter.php(326): CodeIgniter\CodeIgniter->handleRequest()
#9 /www/wwwroot/app_zapmatic_app/index.php(44): CodeIgniter\CodeIgniter->run()
#10 {main}
ERROR - 2024-10-04 20:10:43 --> Error connecting to the database: No such file or directory
CRITICAL - 2024-10-04 20:10:43 --> Unable to connect to the database.
Main connection [MySQLi]: No such file or directory
#0 /www/wwwroot/app_zapmatic_app/vendor/codeigniter4/framework/system/Database/BaseConnection.php(577): CodeIgniter\Database\BaseConnection->initialize()
#1 /www/wwwroot/app_zapmatic_app/vendor/codeigniter4/framework/system/Database/BaseBuilder.php(1455): CodeIgniter\Database\BaseConnection->query()
#2 /www/wwwroot/app_zapmatic_app/app/Helpers/Common_helper.php(1441): CodeIgniter\Database\BaseBuilder->get()
#3 /www/wwwroot/app_zapmatic_app/app/Helpers/Common_helper.php(1345): db_get()
#4 /www/wwwroot/app_zapmatic_app/app/Helpers/Common_helper.php(1790): get_option()
#5 /www/wwwroot/app_zapmatic_app/inc/core/Home/Controllers/Home.php(7): parse_config()
#6 /www/wwwroot/app_zapmatic_app/vendor/codeigniter4/framework/system/CodeIgniter.php(809): Core\Home\Controllers\Home->__construct()
#7 /www/wwwroot/app_zapmatic_app/vendor/codeigniter4/framework/system/CodeIgniter.php(857): CodeIgniter\CodeIgniter->createController()
#8 /www/wwwroot/app_zapmatic_app/vendor/codeigniter4/framework/system/CodeIgniter.php(340): CodeIgniter\CodeIgniter->display404errors()
#9 /www/wwwroot/app_zapmatic_app/index.php(44): CodeIgniter\CodeIgniter->run()
#10 {main}
CRITICAL - 2024-10-04 17:20:42 --> Undefined property: stdClass::$name
#0 /www/wwwroot/app_zapmatic_app/inc/core/File_manager/Controllers/File_manager.php(752): CodeIgniter\Debug\Exceptions->errorHandler()
#1 /www/wwwroot/app_zapmatic_app/vendor/codeigniter4/framework/system/CodeIgniter.php(832): Core\File_manager\Controllers\File_manager->delete()
#2 /www/wwwroot/app_zapmatic_app/vendor/codeigniter4/framework/system/CodeIgniter.php(419): CodeIgniter\CodeIgniter->runController()
#3 /www/wwwroot/app_zapmatic_app/vendor/codeigniter4/framework/system/CodeIgniter.php(326): CodeIgniter\CodeIgniter->handleRequest()
#4 /www/wwwroot/app_zapmatic_app/index.php(44): CodeIgniter\CodeIgniter->run()
#5 {main}
CRITICAL - 2024-10-04 20:58:34 --> Call to undefined function cc_code()
#0 /www/wwwroot/app_zapmatic_app/vendor/codeigniter4/framework/system/View/View.php(210): include()
#1 /www/wwwroot/app_zapmatic_app/vendor/codeigniter4/framework/system/View/View.php(213): CodeIgniter\View\View->CodeIgniter\View\{closure}()
#2 /www/wwwroot/app_zapmatic_app/vendor/codeigniter4/framework/system/Common.php(1089): CodeIgniter\View\View->render()
#3 /www/wwwroot/app_zapmatic_app/inc/core/Home/Controllers/Home.php(186): view()
#4 /www/wwwroot/app_zapmatic_app/vendor/codeigniter4/framework/system/CodeIgniter.php(832): Core\Home\Controllers\Home->signup()
#5 /www/wwwroot/app_zapmatic_app/vendor/codeigniter4/framework/system/CodeIgniter.php(419): CodeIgniter\CodeIgniter->runController()
#6 /www/wwwroot/app_zapmatic_app/vendor/codeigniter4/framework/system/CodeIgniter.php(326): CodeIgniter\CodeIgniter->handleRequest()
#7 /www/wwwroot/app_zapmatic_app/index.php(44): CodeIgniter\CodeIgniter->run()
#8 {main}
CRITICAL - 2024-10-04 20:59:03 --> Call to undefined function cc_code()
#0 /www/wwwroot/app_zapmatic_app/vendor/codeigniter4/framework/system/View/View.php(210): include()
#1 /www/wwwroot/app_zapmatic_app/vendor/codeigniter4/framework/system/View/View.php(213): CodeIgniter\View\View->CodeIgniter\View\{closure}()
#2 /www/wwwroot/app_zapmatic_app/vendor/codeigniter4/framework/system/Common.php(1089): CodeIgniter\View\View->render()
#3 /www/wwwroot/app_zapmatic_app/inc/core/Home/Controllers/Home.php(186): view()
#4 /www/wwwroot/app_zapmatic_app/vendor/codeigniter4/framework/system/CodeIgniter.php(832): Core\Home\Controllers\Home->signup()
#5 /www/wwwroot/app_zapmatic_app/vendor/codeigniter4/framework/system/CodeIgniter.php(419): CodeIgniter\CodeIgniter->runController()
#6 /www/wwwroot/app_zapmatic_app/vendor/codeigniter4/framework/system/CodeIgniter.php(326): CodeIgniter\CodeIgniter->handleRequest()
#7 /www/wwwroot/app_zapmatic_app/index.php(44): CodeIgniter\CodeIgniter->run()
#8 {main}
CRITICAL - 2024-10-04 20:59:15 --> Call to undefined function cc_code()
#0 /www/wwwroot/app_zapmatic_app/vendor/codeigniter4/framework/system/View/View.php(210): include()
#1 /www/wwwroot/app_zapmatic_app/vendor/codeigniter4/framework/system/View/View.php(213): CodeIgniter\View\View->CodeIgniter\View\{closure}()
#2 /www/wwwroot/app_zapmatic_app/vendor/codeigniter4/framework/system/Common.php(1089): CodeIgniter\View\View->render()
#3 /www/wwwroot/app_zapmatic_app/inc/core/Home/Controllers/Home.php(186): view()
#4 /www/wwwroot/app_zapmatic_app/vendor/codeigniter4/framework/system/CodeIgniter.php(832): Core\Home\Controllers\Home->signup()
#5 /www/wwwroot/app_zapmatic_app/vendor/codeigniter4/framework/system/CodeIgniter.php(419): CodeIgniter\CodeIgniter->runController()
#6 /www/wwwroot/app_zapmatic_app/vendor/codeigniter4/framework/system/CodeIgniter.php(326): CodeIgniter\CodeIgniter->handleRequest()
#7 /www/wwwroot/app_zapmatic_app/index.php(44): CodeIgniter\CodeIgniter->run()
#8 {main}
