ERROR - 2025-05-06 09:45:43 --> Error connecting to the database: Too many connections
CRITICAL - 2025-05-06 09:45:43 --> Unable to connect to the database.
Main connection [MySQLi]: Too many connections
#0 /www/wwwroot/sender.hubwale.in/vendor/codeigniter4/framework/system/Database/BaseConnection.php(577): CodeIgniter\Database\BaseConnection->initialize()
#1 /www/wwwroot/sender.hubwale.in/vendor/codeigniter4/framework/system/Database/BaseBuilder.php(1455): CodeIgniter\Database\BaseConnection->query()
#2 /www/wwwroot/sender.hubwale.in/app/Helpers/Common_helper.php(1441): CodeIgniter\Database\BaseBuilder->get()
#3 /www/wwwroot/sender.hubwale.in/app/Filters/MainFilter.php(52): db_get()
#4 /www/wwwroot/sender.hubwale.in/vendor/codeigniter4/framework/system/Filters/Filters.php(173): App\Filters\MainFilter->before()
#5 /www/wwwroot/sender.hubwale.in/vendor/codeigniter4/framework/system/CodeIgniter.php(393): CodeIgniter\Filters\Filters->run()
#6 /www/wwwroot/sender.hubwale.in/vendor/codeigniter4/framework/system/CodeIgniter.php(326): CodeIgniter\CodeIgniter->handleRequest()
#7 /www/wwwroot/sender.hubwale.in/index.php(44): CodeIgniter\CodeIgniter->run()
#8 {main}
ERROR - 2025-05-06 09:45:44 --> Error connecting to the database: Too many connections
CRITICAL - 2025-05-06 09:45:44 --> Unable to connect to the database.
Main connection [MySQLi]: Too many connections
#0 /www/wwwroot/sender.hubwale.in/vendor/codeigniter4/framework/system/Database/BaseConnection.php(577): CodeIgniter\Database\BaseConnection->initialize()
#1 /www/wwwroot/sender.hubwale.in/vendor/codeigniter4/framework/system/Database/BaseBuilder.php(1455): CodeIgniter\Database\BaseConnection->query()
#2 /www/wwwroot/sender.hubwale.in/app/Helpers/Common_helper.php(1441): CodeIgniter\Database\BaseBuilder->get()
#3 /www/wwwroot/sender.hubwale.in/app/Filters/MainFilter.php(52): db_get()
#4 /www/wwwroot/sender.hubwale.in/vendor/codeigniter4/framework/system/Filters/Filters.php(173): App\Filters\MainFilter->before()
#5 /www/wwwroot/sender.hubwale.in/vendor/codeigniter4/framework/system/CodeIgniter.php(393): CodeIgniter\Filters\Filters->run()
#6 /www/wwwroot/sender.hubwale.in/vendor/codeigniter4/framework/system/CodeIgniter.php(326): CodeIgniter\CodeIgniter->handleRequest()
#7 /www/wwwroot/sender.hubwale.in/index.php(44): CodeIgniter\CodeIgniter->run()
#8 {main}
ERROR - 2025-05-06 09:46:04 --> Error connecting to the database: Too many connections
CRITICAL - 2025-05-06 09:46:04 --> Unable to connect to the database.
Main connection [MySQLi]: Too many connections
#0 /www/wwwroot/sender.hubwale.in/vendor/codeigniter4/framework/system/Database/BaseConnection.php(577): CodeIgniter\Database\BaseConnection->initialize()
#1 /www/wwwroot/sender.hubwale.in/vendor/codeigniter4/framework/system/Database/BaseBuilder.php(1455): CodeIgniter\Database\BaseConnection->query()
#2 /www/wwwroot/sender.hubwale.in/app/Helpers/Common_helper.php(1441): CodeIgniter\Database\BaseBuilder->get()
#3 /www/wwwroot/sender.hubwale.in/app/Filters/MainFilter.php(52): db_get()
#4 /www/wwwroot/sender.hubwale.in/vendor/codeigniter4/framework/system/Filters/Filters.php(173): App\Filters\MainFilter->before()
#5 /www/wwwroot/sender.hubwale.in/vendor/codeigniter4/framework/system/CodeIgniter.php(393): CodeIgniter\Filters\Filters->run()
#6 /www/wwwroot/sender.hubwale.in/vendor/codeigniter4/framework/system/CodeIgniter.php(326): CodeIgniter\CodeIgniter->handleRequest()
#7 /www/wwwroot/sender.hubwale.in/index.php(44): CodeIgniter\CodeIgniter->run()
#8 {main}
ERROR - 2025-05-06 09:46:13 --> Error connecting to the database: Too many connections
CRITICAL - 2025-05-06 09:46:13 --> Unable to connect to the database.
Main connection [MySQLi]: Too many connections
#0 /www/wwwroot/sender.hubwale.in/vendor/codeigniter4/framework/system/Database/BaseConnection.php(577): CodeIgniter\Database\BaseConnection->initialize()
#1 /www/wwwroot/sender.hubwale.in/vendor/codeigniter4/framework/system/Database/BaseBuilder.php(1455): CodeIgniter\Database\BaseConnection->query()
#2 /www/wwwroot/sender.hubwale.in/app/Helpers/Common_helper.php(1441): CodeIgniter\Database\BaseBuilder->get()
#3 /www/wwwroot/sender.hubwale.in/app/Filters/MainFilter.php(52): db_get()
#4 /www/wwwroot/sender.hubwale.in/vendor/codeigniter4/framework/system/Filters/Filters.php(173): App\Filters\MainFilter->before()
#5 /www/wwwroot/sender.hubwale.in/vendor/codeigniter4/framework/system/CodeIgniter.php(393): CodeIgniter\Filters\Filters->run()
#6 /www/wwwroot/sender.hubwale.in/vendor/codeigniter4/framework/system/CodeIgniter.php(326): CodeIgniter\CodeIgniter->handleRequest()
#7 /www/wwwroot/sender.hubwale.in/index.php(44): CodeIgniter\CodeIgniter->run()
#8 {main}
ERROR - 2025-05-06 09:46:17 --> Error connecting to the database: Too many connections
CRITICAL - 2025-05-06 09:46:17 --> Unable to connect to the database.
Main connection [MySQLi]: Too many connections
#0 /www/wwwroot/sender.hubwale.in/vendor/codeigniter4/framework/system/Database/BaseConnection.php(577): CodeIgniter\Database\BaseConnection->initialize()
#1 /www/wwwroot/sender.hubwale.in/vendor/codeigniter4/framework/system/Database/BaseBuilder.php(1455): CodeIgniter\Database\BaseConnection->query()
#2 /www/wwwroot/sender.hubwale.in/app/Helpers/Common_helper.php(1441): CodeIgniter\Database\BaseBuilder->get()
#3 /www/wwwroot/sender.hubwale.in/app/Filters/MainFilter.php(52): db_get()
#4 /www/wwwroot/sender.hubwale.in/vendor/codeigniter4/framework/system/Filters/Filters.php(173): App\Filters\MainFilter->before()
#5 /www/wwwroot/sender.hubwale.in/vendor/codeigniter4/framework/system/CodeIgniter.php(393): CodeIgniter\Filters\Filters->run()
#6 /www/wwwroot/sender.hubwale.in/vendor/codeigniter4/framework/system/CodeIgniter.php(326): CodeIgniter\CodeIgniter->handleRequest()
#7 /www/wwwroot/sender.hubwale.in/index.php(44): CodeIgniter\CodeIgniter->run()
#8 {main}
ERROR - 2025-05-06 09:46:20 --> Error connecting to the database: Too many connections
CRITICAL - 2025-05-06 09:46:20 --> Unable to connect to the database.
Main connection [MySQLi]: Too many connections
#0 /www/wwwroot/sender.hubwale.in/vendor/codeigniter4/framework/system/Database/BaseConnection.php(577): CodeIgniter\Database\BaseConnection->initialize()
#1 /www/wwwroot/sender.hubwale.in/vendor/codeigniter4/framework/system/Database/BaseBuilder.php(1455): CodeIgniter\Database\BaseConnection->query()
#2 /www/wwwroot/sender.hubwale.in/app/Helpers/Common_helper.php(1441): CodeIgniter\Database\BaseBuilder->get()
#3 /www/wwwroot/sender.hubwale.in/app/Filters/MainFilter.php(52): db_get()
#4 /www/wwwroot/sender.hubwale.in/vendor/codeigniter4/framework/system/Filters/Filters.php(173): App\Filters\MainFilter->before()
#5 /www/wwwroot/sender.hubwale.in/vendor/codeigniter4/framework/system/CodeIgniter.php(393): CodeIgniter\Filters\Filters->run()
#6 /www/wwwroot/sender.hubwale.in/vendor/codeigniter4/framework/system/CodeIgniter.php(326): CodeIgniter\CodeIgniter->handleRequest()
#7 /www/wwwroot/sender.hubwale.in/index.php(44): CodeIgniter\CodeIgniter->run()
#8 {main}
ERROR - 2025-05-06 09:46:21 --> Error connecting to the database: Too many connections
CRITICAL - 2025-05-06 09:46:21 --> Unable to connect to the database.
Main connection [MySQLi]: Too many connections
#0 /www/wwwroot/sender.hubwale.in/vendor/codeigniter4/framework/system/Database/BaseConnection.php(577): CodeIgniter\Database\BaseConnection->initialize()
#1 /www/wwwroot/sender.hubwale.in/vendor/codeigniter4/framework/system/Database/BaseBuilder.php(1455): CodeIgniter\Database\BaseConnection->query()
#2 /www/wwwroot/sender.hubwale.in/app/Helpers/Common_helper.php(1441): CodeIgniter\Database\BaseBuilder->get()
#3 /www/wwwroot/sender.hubwale.in/app/Filters/MainFilter.php(52): db_get()
#4 /www/wwwroot/sender.hubwale.in/vendor/codeigniter4/framework/system/Filters/Filters.php(173): App\Filters\MainFilter->before()
#5 /www/wwwroot/sender.hubwale.in/vendor/codeigniter4/framework/system/CodeIgniter.php(393): CodeIgniter\Filters\Filters->run()
#6 /www/wwwroot/sender.hubwale.in/vendor/codeigniter4/framework/system/CodeIgniter.php(326): CodeIgniter\CodeIgniter->handleRequest()
#7 /www/wwwroot/sender.hubwale.in/index.php(44): CodeIgniter\CodeIgniter->run()
#8 {main}
ERROR - 2025-05-06 09:46:23 --> Error connecting to the database: Too many connections
CRITICAL - 2025-05-06 09:46:23 --> Unable to connect to the database.
Main connection [MySQLi]: Too many connections
#0 /www/wwwroot/sender.hubwale.in/vendor/codeigniter4/framework/system/Database/BaseConnection.php(577): CodeIgniter\Database\BaseConnection->initialize()
#1 /www/wwwroot/sender.hubwale.in/vendor/codeigniter4/framework/system/Database/BaseBuilder.php(1455): CodeIgniter\Database\BaseConnection->query()
#2 /www/wwwroot/sender.hubwale.in/app/Helpers/Common_helper.php(1441): CodeIgniter\Database\BaseBuilder->get()
#3 /www/wwwroot/sender.hubwale.in/app/Filters/MainFilter.php(52): db_get()
#4 /www/wwwroot/sender.hubwale.in/vendor/codeigniter4/framework/system/Filters/Filters.php(173): App\Filters\MainFilter->before()
#5 /www/wwwroot/sender.hubwale.in/vendor/codeigniter4/framework/system/CodeIgniter.php(393): CodeIgniter\Filters\Filters->run()
#6 /www/wwwroot/sender.hubwale.in/vendor/codeigniter4/framework/system/CodeIgniter.php(326): CodeIgniter\CodeIgniter->handleRequest()
#7 /www/wwwroot/sender.hubwale.in/index.php(44): CodeIgniter\CodeIgniter->run()
#8 {main}
ERROR - 2025-05-06 09:46:26 --> Error connecting to the database: Too many connections
CRITICAL - 2025-05-06 09:46:26 --> Unable to connect to the database.
Main connection [MySQLi]: Too many connections
#0 /www/wwwroot/sender.hubwale.in/vendor/codeigniter4/framework/system/Database/BaseConnection.php(577): CodeIgniter\Database\BaseConnection->initialize()
#1 /www/wwwroot/sender.hubwale.in/vendor/codeigniter4/framework/system/Database/BaseBuilder.php(1455): CodeIgniter\Database\BaseConnection->query()
#2 /www/wwwroot/sender.hubwale.in/app/Helpers/Common_helper.php(1441): CodeIgniter\Database\BaseBuilder->get()
#3 /www/wwwroot/sender.hubwale.in/app/Filters/MainFilter.php(52): db_get()
#4 /www/wwwroot/sender.hubwale.in/vendor/codeigniter4/framework/system/Filters/Filters.php(173): App\Filters\MainFilter->before()
#5 /www/wwwroot/sender.hubwale.in/vendor/codeigniter4/framework/system/CodeIgniter.php(393): CodeIgniter\Filters\Filters->run()
#6 /www/wwwroot/sender.hubwale.in/vendor/codeigniter4/framework/system/CodeIgniter.php(326): CodeIgniter\CodeIgniter->handleRequest()
#7 /www/wwwroot/sender.hubwale.in/index.php(44): CodeIgniter\CodeIgniter->run()
#8 {main}
