CRITICAL - 2024-08-16 10:16:18 --> Undefined property: stdClass::$id
#0 /www/wwwroot/iaclicks.com/inc/core/Whatsapp_evo_profiles/Controllers/Whatsapp_evo_profiles.php(170): CodeIgniter\Debug\Exceptions->errorHandler()
#1 /www/wwwroot/iaclicks.com/vendor/codeigniter4/framework/system/CodeIgniter.php(832): Core\Whatsapp_evo_profiles\Controllers\Whatsapp_evo_profiles->check_login()
#2 /www/wwwroot/iaclicks.com/vendor/codeigniter4/framework/system/CodeIgniter.php(419): CodeIgniter\CodeIgniter->runController()
#3 /www/wwwroot/iaclicks.com/vendor/codeigniter4/framework/system/CodeIgniter.php(326): CodeIgniter\CodeIgniter->handleRequest()
#4 /www/wwwroot/iaclicks.com/index.php(44): CodeIgniter\CodeIgniter->run()
#5 {main}
CRITICAL - 2024-08-16 13:20:44 --> Undefined array key "data"
#0 /www/wwwroot/iaclicks.com/inc/plugins/Mercadopago/Controllers/Mercadopago.php(147): CodeIgniter\Debug\Exceptions->errorHandler()
#1 /www/wwwroot/iaclicks.com/vendor/codeigniter4/framework/system/CodeIgniter.php(832): Plugins\Mercadopago\Controllers\Mercadopago->success()
#2 /www/wwwroot/iaclicks.com/vendor/codeigniter4/framework/system/CodeIgniter.php(419): CodeIgniter\CodeIgniter->runController()
#3 /www/wwwroot/iaclicks.com/vendor/codeigniter4/framework/system/CodeIgniter.php(326): CodeIgniter\CodeIgniter->handleRequest()
#4 /www/wwwroot/iaclicks.com/index.php(44): CodeIgniter\CodeIgniter->run()
#5 {main}
CRITICAL - 2024-08-16 13:20:46 --> Undefined array key "data"
#0 /www/wwwroot/iaclicks.com/inc/plugins/Mercadopago/Controllers/Mercadopago.php(147): CodeIgniter\Debug\Exceptions->errorHandler()
#1 /www/wwwroot/iaclicks.com/vendor/codeigniter4/framework/system/CodeIgniter.php(832): Plugins\Mercadopago\Controllers\Mercadopago->success()
#2 /www/wwwroot/iaclicks.com/vendor/codeigniter4/framework/system/CodeIgniter.php(419): CodeIgniter\CodeIgniter->runController()
#3 /www/wwwroot/iaclicks.com/vendor/codeigniter4/framework/system/CodeIgniter.php(326): CodeIgniter\CodeIgniter->handleRequest()
#4 /www/wwwroot/iaclicks.com/index.php(44): CodeIgniter\CodeIgniter->run()
#5 {main}
CRITICAL - 2024-08-16 13:21:21 --> Undefined array key "data"
#0 /www/wwwroot/iaclicks.com/inc/plugins/Mercadopago/Controllers/Mercadopago.php(147): CodeIgniter\Debug\Exceptions->errorHandler()
#1 /www/wwwroot/iaclicks.com/vendor/codeigniter4/framework/system/CodeIgniter.php(832): Plugins\Mercadopago\Controllers\Mercadopago->success()
#2 /www/wwwroot/iaclicks.com/vendor/codeigniter4/framework/system/CodeIgniter.php(419): CodeIgniter\CodeIgniter->runController()
#3 /www/wwwroot/iaclicks.com/vendor/codeigniter4/framework/system/CodeIgniter.php(326): CodeIgniter\CodeIgniter->handleRequest()
#4 /www/wwwroot/iaclicks.com/index.php(44): CodeIgniter\CodeIgniter->run()
#5 {main}
CRITICAL - 2024-08-16 13:21:22 --> Cannot use a scalar value as an array
#0 /www/wwwroot/iaclicks.com/inc/core/Whatsapp/Models/WhatsappModel.php(8): parse_config()
#1 /www/wwwroot/iaclicks.com/app/Helpers/Common_helper.php(652): Core\Whatsapp\Models\WhatsappModel->__construct()
#2 /www/wwwroot/iaclicks.com/inc/core/Plans/Filters/beforeFilter.php(59): get_blocks()
#3 /www/wwwroot/iaclicks.com/app/Filters/MainFilter.php(50): include_once('...')
#4 /www/wwwroot/iaclicks.com/vendor/codeigniter4/framework/system/Filters/Filters.php(173): App\Filters\MainFilter->before()
#5 /www/wwwroot/iaclicks.com/vendor/codeigniter4/framework/system/CodeIgniter.php(393): CodeIgniter\Filters\Filters->run()
#6 /www/wwwroot/iaclicks.com/vendor/codeigniter4/framework/system/CodeIgniter.php(326): CodeIgniter\CodeIgniter->handleRequest()
#7 /www/wwwroot/iaclicks.com/index.php(44): CodeIgniter\CodeIgniter->run()
#8 {main}
CRITICAL - 2024-08-16 13:21:23 --> Undefined array key "data"
#0 /www/wwwroot/iaclicks.com/inc/plugins/Mercadopago/Controllers/Mercadopago.php(147): CodeIgniter\Debug\Exceptions->errorHandler()
#1 /www/wwwroot/iaclicks.com/vendor/codeigniter4/framework/system/CodeIgniter.php(832): Plugins\Mercadopago\Controllers\Mercadopago->success()
#2 /www/wwwroot/iaclicks.com/vendor/codeigniter4/framework/system/CodeIgniter.php(419): CodeIgniter\CodeIgniter->runController()
#3 /www/wwwroot/iaclicks.com/vendor/codeigniter4/framework/system/CodeIgniter.php(326): CodeIgniter\CodeIgniter->handleRequest()
#4 /www/wwwroot/iaclicks.com/index.php(44): CodeIgniter\CodeIgniter->run()
#5 {main}
CRITICAL - 2024-08-16 13:21:24 --> Undefined array key "data"
#0 /www/wwwroot/iaclicks.com/inc/plugins/Mercadopago/Controllers/Mercadopago.php(147): CodeIgniter\Debug\Exceptions->errorHandler()
#1 /www/wwwroot/iaclicks.com/vendor/codeigniter4/framework/system/CodeIgniter.php(832): Plugins\Mercadopago\Controllers\Mercadopago->success()
#2 /www/wwwroot/iaclicks.com/vendor/codeigniter4/framework/system/CodeIgniter.php(419): CodeIgniter\CodeIgniter->runController()
#3 /www/wwwroot/iaclicks.com/vendor/codeigniter4/framework/system/CodeIgniter.php(326): CodeIgniter\CodeIgniter->handleRequest()
#4 /www/wwwroot/iaclicks.com/index.php(44): CodeIgniter\CodeIgniter->run()
#5 {main}
CRITICAL - 2024-08-16 13:40:34 --> Undefined array key "data"
#0 /www/wwwroot/iaclicks.com/inc/plugins/Mercadopago/Controllers/Mercadopago.php(147): CodeIgniter\Debug\Exceptions->errorHandler()
#1 /www/wwwroot/iaclicks.com/vendor/codeigniter4/framework/system/CodeIgniter.php(832): Plugins\Mercadopago\Controllers\Mercadopago->success()
#2 /www/wwwroot/iaclicks.com/vendor/codeigniter4/framework/system/CodeIgniter.php(419): CodeIgniter\CodeIgniter->runController()
#3 /www/wwwroot/iaclicks.com/vendor/codeigniter4/framework/system/CodeIgniter.php(326): CodeIgniter\CodeIgniter->handleRequest()
#4 /www/wwwroot/iaclicks.com/index.php(44): CodeIgniter\CodeIgniter->run()
#5 {main}
CRITICAL - 2024-08-16 13:40:42 --> Undefined array key "data"
#0 /www/wwwroot/iaclicks.com/inc/plugins/Mercadopago/Controllers/Mercadopago.php(147): CodeIgniter\Debug\Exceptions->errorHandler()
#1 /www/wwwroot/iaclicks.com/vendor/codeigniter4/framework/system/CodeIgniter.php(832): Plugins\Mercadopago\Controllers\Mercadopago->success()
#2 /www/wwwroot/iaclicks.com/vendor/codeigniter4/framework/system/CodeIgniter.php(419): CodeIgniter\CodeIgniter->runController()
#3 /www/wwwroot/iaclicks.com/vendor/codeigniter4/framework/system/CodeIgniter.php(326): CodeIgniter\CodeIgniter->handleRequest()
#4 /www/wwwroot/iaclicks.com/index.php(44): CodeIgniter\CodeIgniter->run()
#5 {main}
CRITICAL - 2024-08-16 13:41:04 --> Undefined array key "data"
#0 /www/wwwroot/iaclicks.com/inc/plugins/Mercadopago/Controllers/Mercadopago.php(147): CodeIgniter\Debug\Exceptions->errorHandler()
#1 /www/wwwroot/iaclicks.com/vendor/codeigniter4/framework/system/CodeIgniter.php(832): Plugins\Mercadopago\Controllers\Mercadopago->success()
#2 /www/wwwroot/iaclicks.com/vendor/codeigniter4/framework/system/CodeIgniter.php(419): CodeIgniter\CodeIgniter->runController()
#3 /www/wwwroot/iaclicks.com/vendor/codeigniter4/framework/system/CodeIgniter.php(326): CodeIgniter\CodeIgniter->handleRequest()
#4 /www/wwwroot/iaclicks.com/index.php(44): CodeIgniter\CodeIgniter->run()
#5 {main}
CRITICAL - 2024-08-16 14:15:39 --> Undefined array key "data"
#0 /www/wwwroot/iaclicks.com/inc/plugins/Mercadopago/Controllers/Mercadopago.php(147): CodeIgniter\Debug\Exceptions->errorHandler()
#1 /www/wwwroot/iaclicks.com/vendor/codeigniter4/framework/system/CodeIgniter.php(832): Plugins\Mercadopago\Controllers\Mercadopago->success()
#2 /www/wwwroot/iaclicks.com/vendor/codeigniter4/framework/system/CodeIgniter.php(419): CodeIgniter\CodeIgniter->runController()
#3 /www/wwwroot/iaclicks.com/vendor/codeigniter4/framework/system/CodeIgniter.php(326): CodeIgniter\CodeIgniter->handleRequest()
#4 /www/wwwroot/iaclicks.com/index.php(44): CodeIgniter\CodeIgniter->run()
#5 {main}
CRITICAL - 2024-08-16 14:16:21 --> Undefined array key "data"
#0 /www/wwwroot/iaclicks.com/inc/plugins/Mercadopago/Controllers/Mercadopago.php(147): CodeIgniter\Debug\Exceptions->errorHandler()
#1 /www/wwwroot/iaclicks.com/vendor/codeigniter4/framework/system/CodeIgniter.php(832): Plugins\Mercadopago\Controllers\Mercadopago->success()
#2 /www/wwwroot/iaclicks.com/vendor/codeigniter4/framework/system/CodeIgniter.php(419): CodeIgniter\CodeIgniter->runController()
#3 /www/wwwroot/iaclicks.com/vendor/codeigniter4/framework/system/CodeIgniter.php(326): CodeIgniter\CodeIgniter->handleRequest()
#4 /www/wwwroot/iaclicks.com/index.php(44): CodeIgniter\CodeIgniter->run()
#5 {main}
CRITICAL - 2024-08-16 14:16:22 --> Undefined array key "data"
#0 /www/wwwroot/iaclicks.com/inc/plugins/Mercadopago/Controllers/Mercadopago.php(147): CodeIgniter\Debug\Exceptions->errorHandler()
#1 /www/wwwroot/iaclicks.com/vendor/codeigniter4/framework/system/CodeIgniter.php(832): Plugins\Mercadopago\Controllers\Mercadopago->success()
#2 /www/wwwroot/iaclicks.com/vendor/codeigniter4/framework/system/CodeIgniter.php(419): CodeIgniter\CodeIgniter->runController()
#3 /www/wwwroot/iaclicks.com/vendor/codeigniter4/framework/system/CodeIgniter.php(326): CodeIgniter\CodeIgniter->handleRequest()
#4 /www/wwwroot/iaclicks.com/index.php(44): CodeIgniter\CodeIgniter->run()
#5 {main}
ERROR - 2024-08-16 14:22:21 --> You have an error in your SQL syntax; check the manual that corresponds to your MySQL server version for the right syntax to use near 's Lidiane'' at line 3
CRITICAL - 2024-08-16 14:22:21 --> Call to a member function getRow() on bool
#0 /www/wwwroot/iaclicks.com/inc/core/Whatsapp_contact/Controllers/Whatsapp_contact.php(143): db_get()
#1 /www/wwwroot/iaclicks.com/vendor/codeigniter4/framework/system/CodeIgniter.php(832): Core\Whatsapp_contact\Controllers\Whatsapp_contact->save()
#2 /www/wwwroot/iaclicks.com/vendor/codeigniter4/framework/system/CodeIgniter.php(419): CodeIgniter\CodeIgniter->runController()
#3 /www/wwwroot/iaclicks.com/vendor/codeigniter4/framework/system/CodeIgniter.php(326): CodeIgniter\CodeIgniter->handleRequest()
#4 /www/wwwroot/iaclicks.com/index.php(44): CodeIgniter\CodeIgniter->run()
#5 {main}
ERROR - 2024-08-16 14:28:58 --> You have an error in your SQL syntax; check the manual that corresponds to your MySQL server version for the right syntax to use near 's Lidiane'' at line 3
CRITICAL - 2024-08-16 14:28:58 --> Call to a member function getRow() on bool
#0 /www/wwwroot/iaclicks.com/inc/core/Whatsapp_contact/Controllers/Whatsapp_contact.php(143): db_get()
#1 /www/wwwroot/iaclicks.com/vendor/codeigniter4/framework/system/CodeIgniter.php(832): Core\Whatsapp_contact\Controllers\Whatsapp_contact->save()
#2 /www/wwwroot/iaclicks.com/vendor/codeigniter4/framework/system/CodeIgniter.php(419): CodeIgniter\CodeIgniter->runController()
#3 /www/wwwroot/iaclicks.com/vendor/codeigniter4/framework/system/CodeIgniter.php(326): CodeIgniter\CodeIgniter->handleRequest()
#4 /www/wwwroot/iaclicks.com/index.php(44): CodeIgniter\CodeIgniter->run()
#5 {main}
CRITICAL - 2024-08-16 18:34:01 --> Trying to access array offset on value of type int
#0 /www/wwwroot/iaclicks.com/inc/core/Whatsapp/Config/Routes.php(14): CodeIgniter\Debug\Exceptions->errorHandler()
#1 /www/wwwroot/iaclicks.com/app/Config/Routes.php(86): require('...')
#2 /www/wwwroot/iaclicks.com/vendor/codeigniter4/framework/system/CodeIgniter.php(713): require('...')
#3 /www/wwwroot/iaclicks.com/vendor/codeigniter4/framework/system/CodeIgniter.php(368): CodeIgniter\CodeIgniter->tryToRouteIt()
#4 /www/wwwroot/iaclicks.com/vendor/codeigniter4/framework/system/CodeIgniter.php(326): CodeIgniter\CodeIgniter->handleRequest()
#5 /www/wwwroot/iaclicks.com/index.php(44): CodeIgniter\CodeIgniter->run()
#6 {main}
CRITICAL - 2024-08-16 18:35:06 --> Undefined array key "data"
#0 /www/wwwroot/iaclicks.com/inc/plugins/Mercadopago/Controllers/Mercadopago.php(147): CodeIgniter\Debug\Exceptions->errorHandler()
#1 /www/wwwroot/iaclicks.com/vendor/codeigniter4/framework/system/CodeIgniter.php(832): Plugins\Mercadopago\Controllers\Mercadopago->success()
#2 /www/wwwroot/iaclicks.com/vendor/codeigniter4/framework/system/CodeIgniter.php(419): CodeIgniter\CodeIgniter->runController()
#3 /www/wwwroot/iaclicks.com/vendor/codeigniter4/framework/system/CodeIgniter.php(326): CodeIgniter\CodeIgniter->handleRequest()
#4 /www/wwwroot/iaclicks.com/index.php(44): CodeIgniter\CodeIgniter->run()
#5 {main}
CRITICAL - 2024-08-16 18:36:07 --> Undefined array key "data"
#0 /www/wwwroot/iaclicks.com/inc/plugins/Mercadopago/Controllers/Mercadopago.php(147): CodeIgniter\Debug\Exceptions->errorHandler()
#1 /www/wwwroot/iaclicks.com/vendor/codeigniter4/framework/system/CodeIgniter.php(832): Plugins\Mercadopago\Controllers\Mercadopago->success()
#2 /www/wwwroot/iaclicks.com/vendor/codeigniter4/framework/system/CodeIgniter.php(419): CodeIgniter\CodeIgniter->runController()
#3 /www/wwwroot/iaclicks.com/vendor/codeigniter4/framework/system/CodeIgniter.php(326): CodeIgniter\CodeIgniter->handleRequest()
#4 /www/wwwroot/iaclicks.com/index.php(44): CodeIgniter\CodeIgniter->run()
#5 {main}
CRITICAL - 2024-08-16 18:36:08 --> Undefined array key "data"
#0 /www/wwwroot/iaclicks.com/inc/plugins/Mercadopago/Controllers/Mercadopago.php(147): CodeIgniter\Debug\Exceptions->errorHandler()
#1 /www/wwwroot/iaclicks.com/vendor/codeigniter4/framework/system/CodeIgniter.php(832): Plugins\Mercadopago\Controllers\Mercadopago->success()
#2 /www/wwwroot/iaclicks.com/vendor/codeigniter4/framework/system/CodeIgniter.php(419): CodeIgniter\CodeIgniter->runController()
#3 /www/wwwroot/iaclicks.com/vendor/codeigniter4/framework/system/CodeIgniter.php(326): CodeIgniter\CodeIgniter->handleRequest()
#4 /www/wwwroot/iaclicks.com/index.php(44): CodeIgniter\CodeIgniter->run()
#5 {main}
CRITICAL - 2024-08-16 18:39:03 --> Cannot use a scalar value as an array
#0 /www/wwwroot/iaclicks.com/inc/core/Whatsapp/Models/WhatsappModel.php(8): parse_config()
#1 /www/wwwroot/iaclicks.com/app/Helpers/Common_helper.php(652): Core\Whatsapp\Models\WhatsappModel->__construct()
#2 /www/wwwroot/iaclicks.com/inc/core/Plans/Filters/beforeFilter.php(59): get_blocks()
#3 /www/wwwroot/iaclicks.com/app/Filters/MainFilter.php(50): include_once('...')
#4 /www/wwwroot/iaclicks.com/vendor/codeigniter4/framework/system/Filters/Filters.php(173): App\Filters\MainFilter->before()
#5 /www/wwwroot/iaclicks.com/vendor/codeigniter4/framework/system/CodeIgniter.php(393): CodeIgniter\Filters\Filters->run()
#6 /www/wwwroot/iaclicks.com/vendor/codeigniter4/framework/system/CodeIgniter.php(326): CodeIgniter\CodeIgniter->handleRequest()
#7 /www/wwwroot/iaclicks.com/index.php(44): CodeIgniter\CodeIgniter->run()
#8 {main}
CRITICAL - 2024-08-16 18:42:16 --> Cannot use a scalar value as an array
#0 /www/wwwroot/iaclicks.com/inc/core/Whatsapp/Models/WhatsappModel.php(8): parse_config()
#1 /www/wwwroot/iaclicks.com/app/Helpers/Common_helper.php(652): Core\Whatsapp\Models\WhatsappModel->__construct()
#2 /www/wwwroot/iaclicks.com/inc/core/Plans/Filters/beforeFilter.php(59): get_blocks()
#3 /www/wwwroot/iaclicks.com/app/Filters/MainFilter.php(50): include_once('...')
#4 /www/wwwroot/iaclicks.com/vendor/codeigniter4/framework/system/Filters/Filters.php(173): App\Filters\MainFilter->before()
#5 /www/wwwroot/iaclicks.com/vendor/codeigniter4/framework/system/CodeIgniter.php(393): CodeIgniter\Filters\Filters->run()
#6 /www/wwwroot/iaclicks.com/vendor/codeigniter4/framework/system/CodeIgniter.php(326): CodeIgniter\CodeIgniter->handleRequest()
#7 /www/wwwroot/iaclicks.com/index.php(44): CodeIgniter\CodeIgniter->run()
#8 {main}
CRITICAL - 2024-08-16 18:56:56 --> Undefined array key "data"
#0 /www/wwwroot/iaclicks.com/inc/plugins/Mercadopago/Controllers/Mercadopago.php(147): CodeIgniter\Debug\Exceptions->errorHandler()
#1 /www/wwwroot/iaclicks.com/vendor/codeigniter4/framework/system/CodeIgniter.php(832): Plugins\Mercadopago\Controllers\Mercadopago->success()
#2 /www/wwwroot/iaclicks.com/vendor/codeigniter4/framework/system/CodeIgniter.php(419): CodeIgniter\CodeIgniter->runController()
#3 /www/wwwroot/iaclicks.com/vendor/codeigniter4/framework/system/CodeIgniter.php(326): CodeIgniter\CodeIgniter->handleRequest()
#4 /www/wwwroot/iaclicks.com/index.php(44): CodeIgniter\CodeIgniter->run()
#5 {main}
CRITICAL - 2024-08-16 18:57:01 --> Cannot use a scalar value as an array
#0 /www/wwwroot/iaclicks.com/inc/core/Whatsapp/Models/WhatsappModel.php(8): parse_config()
#1 /www/wwwroot/iaclicks.com/app/Helpers/Common_helper.php(652): Core\Whatsapp\Models\WhatsappModel->__construct()
#2 /www/wwwroot/iaclicks.com/inc/core/Plans/Filters/beforeFilter.php(59): get_blocks()
#3 /www/wwwroot/iaclicks.com/app/Filters/MainFilter.php(50): include_once('...')
#4 /www/wwwroot/iaclicks.com/vendor/codeigniter4/framework/system/Filters/Filters.php(173): App\Filters\MainFilter->before()
#5 /www/wwwroot/iaclicks.com/vendor/codeigniter4/framework/system/CodeIgniter.php(393): CodeIgniter\Filters\Filters->run()
#6 /www/wwwroot/iaclicks.com/vendor/codeigniter4/framework/system/CodeIgniter.php(326): CodeIgniter\CodeIgniter->handleRequest()
#7 /www/wwwroot/iaclicks.com/index.php(44): CodeIgniter\CodeIgniter->run()
#8 {main}
CRITICAL - 2024-08-16 19:10:22 --> Undefined array key "data"
#0 /www/wwwroot/iaclicks.com/inc/plugins/Mercadopago/Controllers/Mercadopago.php(147): CodeIgniter\Debug\Exceptions->errorHandler()
#1 /www/wwwroot/iaclicks.com/vendor/codeigniter4/framework/system/CodeIgniter.php(832): Plugins\Mercadopago\Controllers\Mercadopago->success()
#2 /www/wwwroot/iaclicks.com/vendor/codeigniter4/framework/system/CodeIgniter.php(419): CodeIgniter\CodeIgniter->runController()
#3 /www/wwwroot/iaclicks.com/vendor/codeigniter4/framework/system/CodeIgniter.php(326): CodeIgniter\CodeIgniter->handleRequest()
#4 /www/wwwroot/iaclicks.com/index.php(44): CodeIgniter\CodeIgniter->run()
#5 {main}
CRITICAL - 2024-08-16 19:11:23 --> Undefined array key "data"
#0 /www/wwwroot/iaclicks.com/inc/plugins/Mercadopago/Controllers/Mercadopago.php(147): CodeIgniter\Debug\Exceptions->errorHandler()
#1 /www/wwwroot/iaclicks.com/vendor/codeigniter4/framework/system/CodeIgniter.php(832): Plugins\Mercadopago\Controllers\Mercadopago->success()
#2 /www/wwwroot/iaclicks.com/vendor/codeigniter4/framework/system/CodeIgniter.php(419): CodeIgniter\CodeIgniter->runController()
#3 /www/wwwroot/iaclicks.com/vendor/codeigniter4/framework/system/CodeIgniter.php(326): CodeIgniter\CodeIgniter->handleRequest()
#4 /www/wwwroot/iaclicks.com/index.php(44): CodeIgniter\CodeIgniter->run()
#5 {main}
CRITICAL - 2024-08-16 19:11:24 --> Undefined array key "data"
#0 /www/wwwroot/iaclicks.com/inc/plugins/Mercadopago/Controllers/Mercadopago.php(147): CodeIgniter\Debug\Exceptions->errorHandler()
#1 /www/wwwroot/iaclicks.com/vendor/codeigniter4/framework/system/CodeIgniter.php(832): Plugins\Mercadopago\Controllers\Mercadopago->success()
#2 /www/wwwroot/iaclicks.com/vendor/codeigniter4/framework/system/CodeIgniter.php(419): CodeIgniter\CodeIgniter->runController()
#3 /www/wwwroot/iaclicks.com/vendor/codeigniter4/framework/system/CodeIgniter.php(326): CodeIgniter\CodeIgniter->handleRequest()
#4 /www/wwwroot/iaclicks.com/index.php(44): CodeIgniter\CodeIgniter->run()
#5 {main}
CRITICAL - 2024-08-16 19:30:35 --> Undefined array key "data"
#0 /www/wwwroot/iaclicks.com/inc/plugins/Mercadopago/Controllers/Mercadopago.php(147): CodeIgniter\Debug\Exceptions->errorHandler()
#1 /www/wwwroot/iaclicks.com/vendor/codeigniter4/framework/system/CodeIgniter.php(832): Plugins\Mercadopago\Controllers\Mercadopago->success()
#2 /www/wwwroot/iaclicks.com/vendor/codeigniter4/framework/system/CodeIgniter.php(419): CodeIgniter\CodeIgniter->runController()
#3 /www/wwwroot/iaclicks.com/vendor/codeigniter4/framework/system/CodeIgniter.php(326): CodeIgniter\CodeIgniter->handleRequest()
#4 /www/wwwroot/iaclicks.com/index.php(44): CodeIgniter\CodeIgniter->run()
#5 {main}
CRITICAL - 2024-08-16 19:30:47 --> Undefined array key "data"
#0 /www/wwwroot/iaclicks.com/inc/plugins/Mercadopago/Controllers/Mercadopago.php(147): CodeIgniter\Debug\Exceptions->errorHandler()
#1 /www/wwwroot/iaclicks.com/vendor/codeigniter4/framework/system/CodeIgniter.php(832): Plugins\Mercadopago\Controllers\Mercadopago->success()
#2 /www/wwwroot/iaclicks.com/vendor/codeigniter4/framework/system/CodeIgniter.php(419): CodeIgniter\CodeIgniter->runController()
#3 /www/wwwroot/iaclicks.com/vendor/codeigniter4/framework/system/CodeIgniter.php(326): CodeIgniter\CodeIgniter->handleRequest()
#4 /www/wwwroot/iaclicks.com/index.php(44): CodeIgniter\CodeIgniter->run()
#5 {main}
CRITICAL - 2024-08-16 20:06:40 --> Undefined array key "data"
#0 /www/wwwroot/iaclicks.com/inc/plugins/Mercadopago/Controllers/Mercadopago.php(147): CodeIgniter\Debug\Exceptions->errorHandler()
#1 /www/wwwroot/iaclicks.com/vendor/codeigniter4/framework/system/CodeIgniter.php(832): Plugins\Mercadopago\Controllers\Mercadopago->success()
#2 /www/wwwroot/iaclicks.com/vendor/codeigniter4/framework/system/CodeIgniter.php(419): CodeIgniter\CodeIgniter->runController()
#3 /www/wwwroot/iaclicks.com/vendor/codeigniter4/framework/system/CodeIgniter.php(326): CodeIgniter\CodeIgniter->handleRequest()
#4 /www/wwwroot/iaclicks.com/index.php(44): CodeIgniter\CodeIgniter->run()
#5 {main}
CRITICAL - 2024-08-16 20:21:26 --> Undefined array key "data"
#0 /www/wwwroot/iaclicks.com/inc/plugins/Mercadopago/Controllers/Mercadopago.php(147): CodeIgniter\Debug\Exceptions->errorHandler()
#1 /www/wwwroot/iaclicks.com/vendor/codeigniter4/framework/system/CodeIgniter.php(832): Plugins\Mercadopago\Controllers\Mercadopago->success()
#2 /www/wwwroot/iaclicks.com/vendor/codeigniter4/framework/system/CodeIgniter.php(419): CodeIgniter\CodeIgniter->runController()
#3 /www/wwwroot/iaclicks.com/vendor/codeigniter4/framework/system/CodeIgniter.php(326): CodeIgniter\CodeIgniter->handleRequest()
#4 /www/wwwroot/iaclicks.com/index.php(44): CodeIgniter\CodeIgniter->run()
#5 {main}
CRITICAL - 2024-08-16 20:21:41 --> Undefined array key "data"
#0 /www/wwwroot/iaclicks.com/inc/plugins/Mercadopago/Controllers/Mercadopago.php(147): CodeIgniter\Debug\Exceptions->errorHandler()
#1 /www/wwwroot/iaclicks.com/vendor/codeigniter4/framework/system/CodeIgniter.php(832): Plugins\Mercadopago\Controllers\Mercadopago->success()
#2 /www/wwwroot/iaclicks.com/vendor/codeigniter4/framework/system/CodeIgniter.php(419): CodeIgniter\CodeIgniter->runController()
#3 /www/wwwroot/iaclicks.com/vendor/codeigniter4/framework/system/CodeIgniter.php(326): CodeIgniter\CodeIgniter->handleRequest()
#4 /www/wwwroot/iaclicks.com/index.php(44): CodeIgniter\CodeIgniter->run()
#5 {main}
CRITICAL - 2024-08-16 20:21:59 --> Undefined array key "data"
#0 /www/wwwroot/iaclicks.com/inc/plugins/Mercadopago/Controllers/Mercadopago.php(147): CodeIgniter\Debug\Exceptions->errorHandler()
#1 /www/wwwroot/iaclicks.com/vendor/codeigniter4/framework/system/CodeIgniter.php(832): Plugins\Mercadopago\Controllers\Mercadopago->success()
#2 /www/wwwroot/iaclicks.com/vendor/codeigniter4/framework/system/CodeIgniter.php(419): CodeIgniter\CodeIgniter->runController()
#3 /www/wwwroot/iaclicks.com/vendor/codeigniter4/framework/system/CodeIgniter.php(326): CodeIgniter\CodeIgniter->handleRequest()
#4 /www/wwwroot/iaclicks.com/index.php(44): CodeIgniter\CodeIgniter->run()
#5 {main}
