CRITICAL - 2024-10-02 12:38:38 --> Undefined property: stdClass::$subject
#0 /www/wwwroot/app_zapmatic_app/inc/core/Whatsapp_export_participants/Controllers/Whatsapp_export_participants.php(94): CodeIgniter\Debug\Exceptions->errorHandler()
#1 /www/wwwroot/app_zapmatic_app/vendor/codeigniter4/framework/system/CodeIgniter.php(832): Core\Whatsapp_export_participants\Controllers\Whatsapp_export_participants->export_group()
#2 /www/wwwroot/app_zapmatic_app/vendor/codeigniter4/framework/system/CodeIgniter.php(419): CodeIgniter\CodeIgniter->runController()
#3 /www/wwwroot/app_zapmatic_app/vendor/codeigniter4/framework/system/CodeIgniter.php(326): CodeIgniter\CodeIgniter->handleRequest()
#4 /www/wwwroot/app_zapmatic_app/index.php(44): CodeIgniter\CodeIgniter->run()
#5 {main}
CRITICAL - 2024-10-02 12:40:54 --> Undefined property: stdClass::$subject
#0 /www/wwwroot/app_zapmatic_app/inc/core/Whatsapp_export_participants/Controllers/Whatsapp_export_participants.php(94): CodeIgniter\Debug\Exceptions->errorHandler()
#1 /www/wwwroot/app_zapmatic_app/vendor/codeigniter4/framework/system/CodeIgniter.php(832): Core\Whatsapp_export_participants\Controllers\Whatsapp_export_participants->export_group()
#2 /www/wwwroot/app_zapmatic_app/vendor/codeigniter4/framework/system/CodeIgniter.php(419): CodeIgniter\CodeIgniter->runController()
#3 /www/wwwroot/app_zapmatic_app/vendor/codeigniter4/framework/system/CodeIgniter.php(326): CodeIgniter\CodeIgniter->handleRequest()
#4 /www/wwwroot/app_zapmatic_app/index.php(44): CodeIgniter\CodeIgniter->run()
#5 {main}
CRITICAL - 2024-10-02 12:45:17 --> Undefined property: stdClass::$subject
#0 /www/wwwroot/app_zapmatic_app/inc/core/Whatsapp_export_participants/Controllers/Whatsapp_export_participants.php(94): CodeIgniter\Debug\Exceptions->errorHandler()
#1 /www/wwwroot/app_zapmatic_app/vendor/codeigniter4/framework/system/CodeIgniter.php(832): Core\Whatsapp_export_participants\Controllers\Whatsapp_export_participants->export_group()
#2 /www/wwwroot/app_zapmatic_app/vendor/codeigniter4/framework/system/CodeIgniter.php(419): CodeIgniter\CodeIgniter->runController()
#3 /www/wwwroot/app_zapmatic_app/vendor/codeigniter4/framework/system/CodeIgniter.php(326): CodeIgniter\CodeIgniter->handleRequest()
#4 /www/wwwroot/app_zapmatic_app/index.php(44): CodeIgniter\CodeIgniter->run()
#5 {main}
CRITICAL - 2024-10-02 14:34:03 --> Undefined property: stdClass::$subject
#0 /www/wwwroot/app_zapmatic_app/inc/core/Whatsapp_export_participants/Views/groups.php(20): CodeIgniter\Debug\Exceptions->errorHandler()
#1 /www/wwwroot/app_zapmatic_app/vendor/codeigniter4/framework/system/View/View.php(210): include('...')
#2 /www/wwwroot/app_zapmatic_app/vendor/codeigniter4/framework/system/View/View.php(213): CodeIgniter\View\View->CodeIgniter\View\{closure}()
#3 /www/wwwroot/app_zapmatic_app/vendor/codeigniter4/framework/system/Common.php(1089): CodeIgniter\View\View->render()
#4 /www/wwwroot/app_zapmatic_app/inc/core/Whatsapp_export_participants/Controllers/Whatsapp_export_participants.php(61): view()
#5 /www/wwwroot/app_zapmatic_app/vendor/codeigniter4/framework/system/CodeIgniter.php(832): Core\Whatsapp_export_participants\Controllers\Whatsapp_export_participants->groups()
#6 /www/wwwroot/app_zapmatic_app/vendor/codeigniter4/framework/system/CodeIgniter.php(419): CodeIgniter\CodeIgniter->runController()
#7 /www/wwwroot/app_zapmatic_app/vendor/codeigniter4/framework/system/CodeIgniter.php(326): CodeIgniter\CodeIgniter->handleRequest()
#8 /www/wwwroot/app_zapmatic_app/index.php(44): CodeIgniter\CodeIgniter->run()
#9 {main}
CRITICAL - 2024-10-02 14:34:18 --> Undefined property: stdClass::$subject
#0 /www/wwwroot/app_zapmatic_app/inc/core/Whatsapp_export_participants/Views/groups.php(20): CodeIgniter\Debug\Exceptions->errorHandler()
#1 /www/wwwroot/app_zapmatic_app/vendor/codeigniter4/framework/system/View/View.php(210): include('...')
#2 /www/wwwroot/app_zapmatic_app/vendor/codeigniter4/framework/system/View/View.php(213): CodeIgniter\View\View->CodeIgniter\View\{closure}()
#3 /www/wwwroot/app_zapmatic_app/vendor/codeigniter4/framework/system/Common.php(1089): CodeIgniter\View\View->render()
#4 /www/wwwroot/app_zapmatic_app/inc/core/Whatsapp_export_participants/Controllers/Whatsapp_export_participants.php(61): view()
#5 /www/wwwroot/app_zapmatic_app/vendor/codeigniter4/framework/system/CodeIgniter.php(832): Core\Whatsapp_export_participants\Controllers\Whatsapp_export_participants->groups()
#6 /www/wwwroot/app_zapmatic_app/vendor/codeigniter4/framework/system/CodeIgniter.php(419): CodeIgniter\CodeIgniter->runController()
#7 /www/wwwroot/app_zapmatic_app/vendor/codeigniter4/framework/system/CodeIgniter.php(326): CodeIgniter\CodeIgniter->handleRequest()
#8 /www/wwwroot/app_zapmatic_app/index.php(44): CodeIgniter\CodeIgniter->run()
#9 {main}
CRITICAL - 2024-10-02 14:34:24 --> Undefined property: stdClass::$subject
#0 /www/wwwroot/app_zapmatic_app/inc/core/Whatsapp_export_participants/Views/groups.php(20): CodeIgniter\Debug\Exceptions->errorHandler()
#1 /www/wwwroot/app_zapmatic_app/vendor/codeigniter4/framework/system/View/View.php(210): include('...')
#2 /www/wwwroot/app_zapmatic_app/vendor/codeigniter4/framework/system/View/View.php(213): CodeIgniter\View\View->CodeIgniter\View\{closure}()
#3 /www/wwwroot/app_zapmatic_app/vendor/codeigniter4/framework/system/Common.php(1089): CodeIgniter\View\View->render()
#4 /www/wwwroot/app_zapmatic_app/inc/core/Whatsapp_export_participants/Controllers/Whatsapp_export_participants.php(61): view()
#5 /www/wwwroot/app_zapmatic_app/vendor/codeigniter4/framework/system/CodeIgniter.php(832): Core\Whatsapp_export_participants\Controllers\Whatsapp_export_participants->groups()
#6 /www/wwwroot/app_zapmatic_app/vendor/codeigniter4/framework/system/CodeIgniter.php(419): CodeIgniter\CodeIgniter->runController()
#7 /www/wwwroot/app_zapmatic_app/vendor/codeigniter4/framework/system/CodeIgniter.php(326): CodeIgniter\CodeIgniter->handleRequest()
#8 /www/wwwroot/app_zapmatic_app/index.php(44): CodeIgniter\CodeIgniter->run()
#9 {main}
CRITICAL - 2024-10-02 14:34:34 --> Undefined property: stdClass::$subject
#0 /www/wwwroot/app_zapmatic_app/inc/core/Whatsapp_export_participants/Views/groups.php(20): CodeIgniter\Debug\Exceptions->errorHandler()
#1 /www/wwwroot/app_zapmatic_app/vendor/codeigniter4/framework/system/View/View.php(210): include('...')
#2 /www/wwwroot/app_zapmatic_app/vendor/codeigniter4/framework/system/View/View.php(213): CodeIgniter\View\View->CodeIgniter\View\{closure}()
#3 /www/wwwroot/app_zapmatic_app/vendor/codeigniter4/framework/system/Common.php(1089): CodeIgniter\View\View->render()
#4 /www/wwwroot/app_zapmatic_app/inc/core/Whatsapp_export_participants/Controllers/Whatsapp_export_participants.php(61): view()
#5 /www/wwwroot/app_zapmatic_app/vendor/codeigniter4/framework/system/CodeIgniter.php(832): Core\Whatsapp_export_participants\Controllers\Whatsapp_export_participants->groups()
#6 /www/wwwroot/app_zapmatic_app/vendor/codeigniter4/framework/system/CodeIgniter.php(419): CodeIgniter\CodeIgniter->runController()
#7 /www/wwwroot/app_zapmatic_app/vendor/codeigniter4/framework/system/CodeIgniter.php(326): CodeIgniter\CodeIgniter->handleRequest()
#8 /www/wwwroot/app_zapmatic_app/index.php(44): CodeIgniter\CodeIgniter->run()
#9 {main}
CRITICAL - 2024-10-02 14:34:44 --> Undefined property: stdClass::$subject
#0 /www/wwwroot/app_zapmatic_app/inc/core/Whatsapp_export_participants/Views/groups.php(20): CodeIgniter\Debug\Exceptions->errorHandler()
#1 /www/wwwroot/app_zapmatic_app/vendor/codeigniter4/framework/system/View/View.php(210): include('...')
#2 /www/wwwroot/app_zapmatic_app/vendor/codeigniter4/framework/system/View/View.php(213): CodeIgniter\View\View->CodeIgniter\View\{closure}()
#3 /www/wwwroot/app_zapmatic_app/vendor/codeigniter4/framework/system/Common.php(1089): CodeIgniter\View\View->render()
#4 /www/wwwroot/app_zapmatic_app/inc/core/Whatsapp_export_participants/Controllers/Whatsapp_export_participants.php(61): view()
#5 /www/wwwroot/app_zapmatic_app/vendor/codeigniter4/framework/system/CodeIgniter.php(832): Core\Whatsapp_export_participants\Controllers\Whatsapp_export_participants->groups()
#6 /www/wwwroot/app_zapmatic_app/vendor/codeigniter4/framework/system/CodeIgniter.php(419): CodeIgniter\CodeIgniter->runController()
#7 /www/wwwroot/app_zapmatic_app/vendor/codeigniter4/framework/system/CodeIgniter.php(326): CodeIgniter\CodeIgniter->handleRequest()
#8 /www/wwwroot/app_zapmatic_app/index.php(44): CodeIgniter\CodeIgniter->run()
#9 {main}
CRITICAL - 2024-10-02 14:34:54 --> Undefined property: stdClass::$subject
#0 /www/wwwroot/app_zapmatic_app/inc/core/Whatsapp_export_participants/Views/groups.php(20): CodeIgniter\Debug\Exceptions->errorHandler()
#1 /www/wwwroot/app_zapmatic_app/vendor/codeigniter4/framework/system/View/View.php(210): include('...')
#2 /www/wwwroot/app_zapmatic_app/vendor/codeigniter4/framework/system/View/View.php(213): CodeIgniter\View\View->CodeIgniter\View\{closure}()
#3 /www/wwwroot/app_zapmatic_app/vendor/codeigniter4/framework/system/Common.php(1089): CodeIgniter\View\View->render()
#4 /www/wwwroot/app_zapmatic_app/inc/core/Whatsapp_export_participants/Controllers/Whatsapp_export_participants.php(61): view()
#5 /www/wwwroot/app_zapmatic_app/vendor/codeigniter4/framework/system/CodeIgniter.php(832): Core\Whatsapp_export_participants\Controllers\Whatsapp_export_participants->groups()
#6 /www/wwwroot/app_zapmatic_app/vendor/codeigniter4/framework/system/CodeIgniter.php(419): CodeIgniter\CodeIgniter->runController()
#7 /www/wwwroot/app_zapmatic_app/vendor/codeigniter4/framework/system/CodeIgniter.php(326): CodeIgniter\CodeIgniter->handleRequest()
#8 /www/wwwroot/app_zapmatic_app/index.php(44): CodeIgniter\CodeIgniter->run()
#9 {main}
CRITICAL - 2024-10-02 14:35:04 --> Undefined property: stdClass::$subject
#0 /www/wwwroot/app_zapmatic_app/inc/core/Whatsapp_export_participants/Views/groups.php(20): CodeIgniter\Debug\Exceptions->errorHandler()
#1 /www/wwwroot/app_zapmatic_app/vendor/codeigniter4/framework/system/View/View.php(210): include('...')
#2 /www/wwwroot/app_zapmatic_app/vendor/codeigniter4/framework/system/View/View.php(213): CodeIgniter\View\View->CodeIgniter\View\{closure}()
#3 /www/wwwroot/app_zapmatic_app/vendor/codeigniter4/framework/system/Common.php(1089): CodeIgniter\View\View->render()
#4 /www/wwwroot/app_zapmatic_app/inc/core/Whatsapp_export_participants/Controllers/Whatsapp_export_participants.php(61): view()
#5 /www/wwwroot/app_zapmatic_app/vendor/codeigniter4/framework/system/CodeIgniter.php(832): Core\Whatsapp_export_participants\Controllers\Whatsapp_export_participants->groups()
#6 /www/wwwroot/app_zapmatic_app/vendor/codeigniter4/framework/system/CodeIgniter.php(419): CodeIgniter\CodeIgniter->runController()
#7 /www/wwwroot/app_zapmatic_app/vendor/codeigniter4/framework/system/CodeIgniter.php(326): CodeIgniter\CodeIgniter->handleRequest()
#8 /www/wwwroot/app_zapmatic_app/index.php(44): CodeIgniter\CodeIgniter->run()
#9 {main}
CRITICAL - 2024-10-02 14:35:16 --> Undefined property: stdClass::$subject
#0 /www/wwwroot/app_zapmatic_app/inc/core/Whatsapp_export_participants/Views/groups.php(20): CodeIgniter\Debug\Exceptions->errorHandler()
#1 /www/wwwroot/app_zapmatic_app/vendor/codeigniter4/framework/system/View/View.php(210): include('...')
#2 /www/wwwroot/app_zapmatic_app/vendor/codeigniter4/framework/system/View/View.php(213): CodeIgniter\View\View->CodeIgniter\View\{closure}()
#3 /www/wwwroot/app_zapmatic_app/vendor/codeigniter4/framework/system/Common.php(1089): CodeIgniter\View\View->render()
#4 /www/wwwroot/app_zapmatic_app/inc/core/Whatsapp_export_participants/Controllers/Whatsapp_export_participants.php(61): view()
#5 /www/wwwroot/app_zapmatic_app/vendor/codeigniter4/framework/system/CodeIgniter.php(832): Core\Whatsapp_export_participants\Controllers\Whatsapp_export_participants->groups()
#6 /www/wwwroot/app_zapmatic_app/vendor/codeigniter4/framework/system/CodeIgniter.php(419): CodeIgniter\CodeIgniter->runController()
#7 /www/wwwroot/app_zapmatic_app/vendor/codeigniter4/framework/system/CodeIgniter.php(326): CodeIgniter\CodeIgniter->handleRequest()
#8 /www/wwwroot/app_zapmatic_app/index.php(44): CodeIgniter\CodeIgniter->run()
#9 {main}
CRITICAL - 2024-10-02 14:35:24 --> Undefined property: stdClass::$subject
#0 /www/wwwroot/app_zapmatic_app/inc/core/Whatsapp_export_participants/Views/groups.php(20): CodeIgniter\Debug\Exceptions->errorHandler()
#1 /www/wwwroot/app_zapmatic_app/vendor/codeigniter4/framework/system/View/View.php(210): include('...')
#2 /www/wwwroot/app_zapmatic_app/vendor/codeigniter4/framework/system/View/View.php(213): CodeIgniter\View\View->CodeIgniter\View\{closure}()
#3 /www/wwwroot/app_zapmatic_app/vendor/codeigniter4/framework/system/Common.php(1089): CodeIgniter\View\View->render()
#4 /www/wwwroot/app_zapmatic_app/inc/core/Whatsapp_export_participants/Controllers/Whatsapp_export_participants.php(61): view()
#5 /www/wwwroot/app_zapmatic_app/vendor/codeigniter4/framework/system/CodeIgniter.php(832): Core\Whatsapp_export_participants\Controllers\Whatsapp_export_participants->groups()
#6 /www/wwwroot/app_zapmatic_app/vendor/codeigniter4/framework/system/CodeIgniter.php(419): CodeIgniter\CodeIgniter->runController()
#7 /www/wwwroot/app_zapmatic_app/vendor/codeigniter4/framework/system/CodeIgniter.php(326): CodeIgniter\CodeIgniter->handleRequest()
#8 /www/wwwroot/app_zapmatic_app/index.php(44): CodeIgniter\CodeIgniter->run()
#9 {main}
CRITICAL - 2024-10-02 14:35:34 --> Undefined property: stdClass::$subject
#0 /www/wwwroot/app_zapmatic_app/inc/core/Whatsapp_export_participants/Views/groups.php(20): CodeIgniter\Debug\Exceptions->errorHandler()
#1 /www/wwwroot/app_zapmatic_app/vendor/codeigniter4/framework/system/View/View.php(210): include('...')
#2 /www/wwwroot/app_zapmatic_app/vendor/codeigniter4/framework/system/View/View.php(213): CodeIgniter\View\View->CodeIgniter\View\{closure}()
#3 /www/wwwroot/app_zapmatic_app/vendor/codeigniter4/framework/system/Common.php(1089): CodeIgniter\View\View->render()
#4 /www/wwwroot/app_zapmatic_app/inc/core/Whatsapp_export_participants/Controllers/Whatsapp_export_participants.php(61): view()
#5 /www/wwwroot/app_zapmatic_app/vendor/codeigniter4/framework/system/CodeIgniter.php(832): Core\Whatsapp_export_participants\Controllers\Whatsapp_export_participants->groups()
#6 /www/wwwroot/app_zapmatic_app/vendor/codeigniter4/framework/system/CodeIgniter.php(419): CodeIgniter\CodeIgniter->runController()
#7 /www/wwwroot/app_zapmatic_app/vendor/codeigniter4/framework/system/CodeIgniter.php(326): CodeIgniter\CodeIgniter->handleRequest()
#8 /www/wwwroot/app_zapmatic_app/index.php(44): CodeIgniter\CodeIgniter->run()
#9 {main}
CRITICAL - 2024-10-02 14:35:45 --> Undefined property: stdClass::$subject
#0 /www/wwwroot/app_zapmatic_app/inc/core/Whatsapp_export_participants/Views/groups.php(20): CodeIgniter\Debug\Exceptions->errorHandler()
#1 /www/wwwroot/app_zapmatic_app/vendor/codeigniter4/framework/system/View/View.php(210): include('...')
#2 /www/wwwroot/app_zapmatic_app/vendor/codeigniter4/framework/system/View/View.php(213): CodeIgniter\View\View->CodeIgniter\View\{closure}()
#3 /www/wwwroot/app_zapmatic_app/vendor/codeigniter4/framework/system/Common.php(1089): CodeIgniter\View\View->render()
#4 /www/wwwroot/app_zapmatic_app/inc/core/Whatsapp_export_participants/Controllers/Whatsapp_export_participants.php(61): view()
#5 /www/wwwroot/app_zapmatic_app/vendor/codeigniter4/framework/system/CodeIgniter.php(832): Core\Whatsapp_export_participants\Controllers\Whatsapp_export_participants->groups()
#6 /www/wwwroot/app_zapmatic_app/vendor/codeigniter4/framework/system/CodeIgniter.php(419): CodeIgniter\CodeIgniter->runController()
#7 /www/wwwroot/app_zapmatic_app/vendor/codeigniter4/framework/system/CodeIgniter.php(326): CodeIgniter\CodeIgniter->handleRequest()
#8 /www/wwwroot/app_zapmatic_app/index.php(44): CodeIgniter\CodeIgniter->run()
#9 {main}
CRITICAL - 2024-10-02 14:35:54 --> Undefined property: stdClass::$subject
#0 /www/wwwroot/app_zapmatic_app/inc/core/Whatsapp_export_participants/Views/groups.php(20): CodeIgniter\Debug\Exceptions->errorHandler()
#1 /www/wwwroot/app_zapmatic_app/vendor/codeigniter4/framework/system/View/View.php(210): include('...')
#2 /www/wwwroot/app_zapmatic_app/vendor/codeigniter4/framework/system/View/View.php(213): CodeIgniter\View\View->CodeIgniter\View\{closure}()
#3 /www/wwwroot/app_zapmatic_app/vendor/codeigniter4/framework/system/Common.php(1089): CodeIgniter\View\View->render()
#4 /www/wwwroot/app_zapmatic_app/inc/core/Whatsapp_export_participants/Controllers/Whatsapp_export_participants.php(61): view()
#5 /www/wwwroot/app_zapmatic_app/vendor/codeigniter4/framework/system/CodeIgniter.php(832): Core\Whatsapp_export_participants\Controllers\Whatsapp_export_participants->groups()
#6 /www/wwwroot/app_zapmatic_app/vendor/codeigniter4/framework/system/CodeIgniter.php(419): CodeIgniter\CodeIgniter->runController()
#7 /www/wwwroot/app_zapmatic_app/vendor/codeigniter4/framework/system/CodeIgniter.php(326): CodeIgniter\CodeIgniter->handleRequest()
#8 /www/wwwroot/app_zapmatic_app/index.php(44): CodeIgniter\CodeIgniter->run()
#9 {main}
CRITICAL - 2024-10-02 14:36:55 --> Undefined property: stdClass::$subject
#0 /www/wwwroot/app_zapmatic_app/inc/core/Whatsapp_export_participants/Views/groups.php(20): CodeIgniter\Debug\Exceptions->errorHandler()
#1 /www/wwwroot/app_zapmatic_app/vendor/codeigniter4/framework/system/View/View.php(210): include('...')
#2 /www/wwwroot/app_zapmatic_app/vendor/codeigniter4/framework/system/View/View.php(213): CodeIgniter\View\View->CodeIgniter\View\{closure}()
#3 /www/wwwroot/app_zapmatic_app/vendor/codeigniter4/framework/system/Common.php(1089): CodeIgniter\View\View->render()
#4 /www/wwwroot/app_zapmatic_app/inc/core/Whatsapp_export_participants/Controllers/Whatsapp_export_participants.php(61): view()
#5 /www/wwwroot/app_zapmatic_app/vendor/codeigniter4/framework/system/CodeIgniter.php(832): Core\Whatsapp_export_participants\Controllers\Whatsapp_export_participants->groups()
#6 /www/wwwroot/app_zapmatic_app/vendor/codeigniter4/framework/system/CodeIgniter.php(419): CodeIgniter\CodeIgniter->runController()
#7 /www/wwwroot/app_zapmatic_app/vendor/codeigniter4/framework/system/CodeIgniter.php(326): CodeIgniter\CodeIgniter->handleRequest()
#8 /www/wwwroot/app_zapmatic_app/index.php(44): CodeIgniter\CodeIgniter->run()
#9 {main}
CRITICAL - 2024-10-02 14:37:57 --> Undefined property: stdClass::$subject
#0 /www/wwwroot/app_zapmatic_app/inc/core/Whatsapp_export_participants/Views/groups.php(20): CodeIgniter\Debug\Exceptions->errorHandler()
#1 /www/wwwroot/app_zapmatic_app/vendor/codeigniter4/framework/system/View/View.php(210): include('...')
#2 /www/wwwroot/app_zapmatic_app/vendor/codeigniter4/framework/system/View/View.php(213): CodeIgniter\View\View->CodeIgniter\View\{closure}()
#3 /www/wwwroot/app_zapmatic_app/vendor/codeigniter4/framework/system/Common.php(1089): CodeIgniter\View\View->render()
#4 /www/wwwroot/app_zapmatic_app/inc/core/Whatsapp_export_participants/Controllers/Whatsapp_export_participants.php(61): view()
#5 /www/wwwroot/app_zapmatic_app/vendor/codeigniter4/framework/system/CodeIgniter.php(832): Core\Whatsapp_export_participants\Controllers\Whatsapp_export_participants->groups()
#6 /www/wwwroot/app_zapmatic_app/vendor/codeigniter4/framework/system/CodeIgniter.php(419): CodeIgniter\CodeIgniter->runController()
#7 /www/wwwroot/app_zapmatic_app/vendor/codeigniter4/framework/system/CodeIgniter.php(326): CodeIgniter\CodeIgniter->handleRequest()
#8 /www/wwwroot/app_zapmatic_app/index.php(44): CodeIgniter\CodeIgniter->run()
#9 {main}
CRITICAL - 2024-10-02 14:38:58 --> Undefined property: stdClass::$subject
#0 /www/wwwroot/app_zapmatic_app/inc/core/Whatsapp_export_participants/Views/groups.php(20): CodeIgniter\Debug\Exceptions->errorHandler()
#1 /www/wwwroot/app_zapmatic_app/vendor/codeigniter4/framework/system/View/View.php(210): include('...')
#2 /www/wwwroot/app_zapmatic_app/vendor/codeigniter4/framework/system/View/View.php(213): CodeIgniter\View\View->CodeIgniter\View\{closure}()
#3 /www/wwwroot/app_zapmatic_app/vendor/codeigniter4/framework/system/Common.php(1089): CodeIgniter\View\View->render()
#4 /www/wwwroot/app_zapmatic_app/inc/core/Whatsapp_export_participants/Controllers/Whatsapp_export_participants.php(61): view()
#5 /www/wwwroot/app_zapmatic_app/vendor/codeigniter4/framework/system/CodeIgniter.php(832): Core\Whatsapp_export_participants\Controllers\Whatsapp_export_participants->groups()
#6 /www/wwwroot/app_zapmatic_app/vendor/codeigniter4/framework/system/CodeIgniter.php(419): CodeIgniter\CodeIgniter->runController()
#7 /www/wwwroot/app_zapmatic_app/vendor/codeigniter4/framework/system/CodeIgniter.php(326): CodeIgniter\CodeIgniter->handleRequest()
#8 /www/wwwroot/app_zapmatic_app/index.php(44): CodeIgniter\CodeIgniter->run()
#9 {main}
CRITICAL - 2024-10-02 14:39:50 --> Undefined property: stdClass::$subject
#0 /www/wwwroot/app_zapmatic_app/inc/core/Whatsapp_export_participants/Views/groups.php(20): CodeIgniter\Debug\Exceptions->errorHandler()
#1 /www/wwwroot/app_zapmatic_app/vendor/codeigniter4/framework/system/View/View.php(210): include('...')
#2 /www/wwwroot/app_zapmatic_app/vendor/codeigniter4/framework/system/View/View.php(213): CodeIgniter\View\View->CodeIgniter\View\{closure}()
#3 /www/wwwroot/app_zapmatic_app/vendor/codeigniter4/framework/system/Common.php(1089): CodeIgniter\View\View->render()
#4 /www/wwwroot/app_zapmatic_app/inc/core/Whatsapp_export_participants/Controllers/Whatsapp_export_participants.php(61): view()
#5 /www/wwwroot/app_zapmatic_app/vendor/codeigniter4/framework/system/CodeIgniter.php(832): Core\Whatsapp_export_participants\Controllers\Whatsapp_export_participants->groups()
#6 /www/wwwroot/app_zapmatic_app/vendor/codeigniter4/framework/system/CodeIgniter.php(419): CodeIgniter\CodeIgniter->runController()
#7 /www/wwwroot/app_zapmatic_app/vendor/codeigniter4/framework/system/CodeIgniter.php(326): CodeIgniter\CodeIgniter->handleRequest()
#8 /www/wwwroot/app_zapmatic_app/index.php(44): CodeIgniter\CodeIgniter->run()
#9 {main}
CRITICAL - 2024-10-02 14:39:54 --> Undefined property: stdClass::$subject
#0 /www/wwwroot/app_zapmatic_app/inc/core/Whatsapp_export_participants/Views/groups.php(20): CodeIgniter\Debug\Exceptions->errorHandler()
#1 /www/wwwroot/app_zapmatic_app/vendor/codeigniter4/framework/system/View/View.php(210): include('...')
#2 /www/wwwroot/app_zapmatic_app/vendor/codeigniter4/framework/system/View/View.php(213): CodeIgniter\View\View->CodeIgniter\View\{closure}()
#3 /www/wwwroot/app_zapmatic_app/vendor/codeigniter4/framework/system/Common.php(1089): CodeIgniter\View\View->render()
#4 /www/wwwroot/app_zapmatic_app/inc/core/Whatsapp_export_participants/Controllers/Whatsapp_export_participants.php(61): view()
#5 /www/wwwroot/app_zapmatic_app/vendor/codeigniter4/framework/system/CodeIgniter.php(832): Core\Whatsapp_export_participants\Controllers\Whatsapp_export_participants->groups()
#6 /www/wwwroot/app_zapmatic_app/vendor/codeigniter4/framework/system/CodeIgniter.php(419): CodeIgniter\CodeIgniter->runController()
#7 /www/wwwroot/app_zapmatic_app/vendor/codeigniter4/framework/system/CodeIgniter.php(326): CodeIgniter\CodeIgniter->handleRequest()
#8 /www/wwwroot/app_zapmatic_app/index.php(44): CodeIgniter\CodeIgniter->run()
#9 {main}
CRITICAL - 2024-10-02 14:40:04 --> Undefined property: stdClass::$subject
#0 /www/wwwroot/app_zapmatic_app/inc/core/Whatsapp_export_participants/Controllers/Whatsapp_export_participants.php(94): CodeIgniter\Debug\Exceptions->errorHandler()
#1 /www/wwwroot/app_zapmatic_app/vendor/codeigniter4/framework/system/CodeIgniter.php(832): Core\Whatsapp_export_participants\Controllers\Whatsapp_export_participants->export_group()
#2 /www/wwwroot/app_zapmatic_app/vendor/codeigniter4/framework/system/CodeIgniter.php(419): CodeIgniter\CodeIgniter->runController()
#3 /www/wwwroot/app_zapmatic_app/vendor/codeigniter4/framework/system/CodeIgniter.php(326): CodeIgniter\CodeIgniter->handleRequest()
#4 /www/wwwroot/app_zapmatic_app/index.php(44): CodeIgniter\CodeIgniter->run()
#5 {main}
CRITICAL - 2024-10-02 14:40:04 --> Undefined property: stdClass::$subject
#0 /www/wwwroot/app_zapmatic_app/inc/core/Whatsapp_export_participants/Views/groups.php(20): CodeIgniter\Debug\Exceptions->errorHandler()
#1 /www/wwwroot/app_zapmatic_app/vendor/codeigniter4/framework/system/View/View.php(210): include('...')
#2 /www/wwwroot/app_zapmatic_app/vendor/codeigniter4/framework/system/View/View.php(213): CodeIgniter\View\View->CodeIgniter\View\{closure}()
#3 /www/wwwroot/app_zapmatic_app/vendor/codeigniter4/framework/system/Common.php(1089): CodeIgniter\View\View->render()
#4 /www/wwwroot/app_zapmatic_app/inc/core/Whatsapp_export_participants/Controllers/Whatsapp_export_participants.php(61): view()
#5 /www/wwwroot/app_zapmatic_app/vendor/codeigniter4/framework/system/CodeIgniter.php(832): Core\Whatsapp_export_participants\Controllers\Whatsapp_export_participants->groups()
#6 /www/wwwroot/app_zapmatic_app/vendor/codeigniter4/framework/system/CodeIgniter.php(419): CodeIgniter\CodeIgniter->runController()
#7 /www/wwwroot/app_zapmatic_app/vendor/codeigniter4/framework/system/CodeIgniter.php(326): CodeIgniter\CodeIgniter->handleRequest()
#8 /www/wwwroot/app_zapmatic_app/index.php(44): CodeIgniter\CodeIgniter->run()
#9 {main}
CRITICAL - 2024-10-02 14:40:20 --> Undefined property: stdClass::$subject
#0 /www/wwwroot/app_zapmatic_app/inc/core/Whatsapp_export_participants/Views/groups.php(20): CodeIgniter\Debug\Exceptions->errorHandler()
#1 /www/wwwroot/app_zapmatic_app/vendor/codeigniter4/framework/system/View/View.php(210): include('...')
#2 /www/wwwroot/app_zapmatic_app/vendor/codeigniter4/framework/system/View/View.php(213): CodeIgniter\View\View->CodeIgniter\View\{closure}()
#3 /www/wwwroot/app_zapmatic_app/vendor/codeigniter4/framework/system/Common.php(1089): CodeIgniter\View\View->render()
#4 /www/wwwroot/app_zapmatic_app/inc/core/Whatsapp_export_participants/Controllers/Whatsapp_export_participants.php(61): view()
#5 /www/wwwroot/app_zapmatic_app/vendor/codeigniter4/framework/system/CodeIgniter.php(832): Core\Whatsapp_export_participants\Controllers\Whatsapp_export_participants->groups()
#6 /www/wwwroot/app_zapmatic_app/vendor/codeigniter4/framework/system/CodeIgniter.php(419): CodeIgniter\CodeIgniter->runController()
#7 /www/wwwroot/app_zapmatic_app/vendor/codeigniter4/framework/system/CodeIgniter.php(326): CodeIgniter\CodeIgniter->handleRequest()
#8 /www/wwwroot/app_zapmatic_app/index.php(44): CodeIgniter\CodeIgniter->run()
#9 {main}
CRITICAL - 2024-10-02 14:40:35 --> Undefined property: stdClass::$subject
#0 /www/wwwroot/app_zapmatic_app/inc/core/Whatsapp_export_participants/Views/groups.php(20): CodeIgniter\Debug\Exceptions->errorHandler()
#1 /www/wwwroot/app_zapmatic_app/vendor/codeigniter4/framework/system/View/View.php(210): include('...')
#2 /www/wwwroot/app_zapmatic_app/vendor/codeigniter4/framework/system/View/View.php(213): CodeIgniter\View\View->CodeIgniter\View\{closure}()
#3 /www/wwwroot/app_zapmatic_app/vendor/codeigniter4/framework/system/Common.php(1089): CodeIgniter\View\View->render()
#4 /www/wwwroot/app_zapmatic_app/inc/core/Whatsapp_export_participants/Controllers/Whatsapp_export_participants.php(61): view()
#5 /www/wwwroot/app_zapmatic_app/vendor/codeigniter4/framework/system/CodeIgniter.php(832): Core\Whatsapp_export_participants\Controllers\Whatsapp_export_participants->groups()
#6 /www/wwwroot/app_zapmatic_app/vendor/codeigniter4/framework/system/CodeIgniter.php(419): CodeIgniter\CodeIgniter->runController()
#7 /www/wwwroot/app_zapmatic_app/vendor/codeigniter4/framework/system/CodeIgniter.php(326): CodeIgniter\CodeIgniter->handleRequest()
#8 /www/wwwroot/app_zapmatic_app/index.php(44): CodeIgniter\CodeIgniter->run()
#9 {main}
CRITICAL - 2024-10-02 14:40:36 --> Undefined property: stdClass::$subject
#0 /www/wwwroot/app_zapmatic_app/inc/core/Whatsapp_export_participants/Views/groups.php(20): CodeIgniter\Debug\Exceptions->errorHandler()
#1 /www/wwwroot/app_zapmatic_app/vendor/codeigniter4/framework/system/View/View.php(210): include('...')
#2 /www/wwwroot/app_zapmatic_app/vendor/codeigniter4/framework/system/View/View.php(213): CodeIgniter\View\View->CodeIgniter\View\{closure}()
#3 /www/wwwroot/app_zapmatic_app/vendor/codeigniter4/framework/system/Common.php(1089): CodeIgniter\View\View->render()
#4 /www/wwwroot/app_zapmatic_app/inc/core/Whatsapp_export_participants/Controllers/Whatsapp_export_participants.php(61): view()
#5 /www/wwwroot/app_zapmatic_app/vendor/codeigniter4/framework/system/CodeIgniter.php(832): Core\Whatsapp_export_participants\Controllers\Whatsapp_export_participants->groups()
#6 /www/wwwroot/app_zapmatic_app/vendor/codeigniter4/framework/system/CodeIgniter.php(419): CodeIgniter\CodeIgniter->runController()
#7 /www/wwwroot/app_zapmatic_app/vendor/codeigniter4/framework/system/CodeIgniter.php(326): CodeIgniter\CodeIgniter->handleRequest()
#8 /www/wwwroot/app_zapmatic_app/index.php(44): CodeIgniter\CodeIgniter->run()
#9 {main}
CRITICAL - 2024-10-02 14:40:46 --> Undefined property: stdClass::$subject
#0 /www/wwwroot/app_zapmatic_app/inc/core/Whatsapp_export_participants/Views/groups.php(20): CodeIgniter\Debug\Exceptions->errorHandler()
#1 /www/wwwroot/app_zapmatic_app/vendor/codeigniter4/framework/system/View/View.php(210): include('...')
#2 /www/wwwroot/app_zapmatic_app/vendor/codeigniter4/framework/system/View/View.php(213): CodeIgniter\View\View->CodeIgniter\View\{closure}()
#3 /www/wwwroot/app_zapmatic_app/vendor/codeigniter4/framework/system/Common.php(1089): CodeIgniter\View\View->render()
#4 /www/wwwroot/app_zapmatic_app/inc/core/Whatsapp_export_participants/Controllers/Whatsapp_export_participants.php(61): view()
#5 /www/wwwroot/app_zapmatic_app/vendor/codeigniter4/framework/system/CodeIgniter.php(832): Core\Whatsapp_export_participants\Controllers\Whatsapp_export_participants->groups()
#6 /www/wwwroot/app_zapmatic_app/vendor/codeigniter4/framework/system/CodeIgniter.php(419): CodeIgniter\CodeIgniter->runController()
#7 /www/wwwroot/app_zapmatic_app/vendor/codeigniter4/framework/system/CodeIgniter.php(326): CodeIgniter\CodeIgniter->handleRequest()
#8 /www/wwwroot/app_zapmatic_app/index.php(44): CodeIgniter\CodeIgniter->run()
#9 {main}
