ERROR - 2025-05-27 10:21:46 --> Error connecting to the database: Too many connections
CRITICAL - 2025-05-27 10:21:46 --> Unable to connect to the database.
Main connection [MySQLi]: Too many connections
#0 /www/wwwroot/sender.hubwale.in/vendor/codeigniter4/framework/system/Database/MySQLi/Connection.php(332): CodeIgniter\Database\BaseConnection->initialize()
#1 /www/wwwroot/sender.hubwale.in/vendor/codeigniter4/framework/system/Database/BaseConnection.php(1226): CodeIgniter\Database\MySQLi\Connection->_escapeString()
#2 /www/wwwroot/sender.hubwale.in/app/Helpers/Common_helper.php(1369): CodeIgniter\Database\BaseConnection->escapeString()
#3 /www/wwwroot/sender.hubwale.in/app/Helpers/Common_helper.php(1429): escapeString()
#4 /www/wwwroot/sender.hubwale.in/app/Filters/MainFilter.php(62): db_get()
#5 /www/wwwroot/sender.hubwale.in/vendor/codeigniter4/framework/system/Filters/Filters.php(173): App\Filters\MainFilter->before()
#6 /www/wwwroot/sender.hubwale.in/vendor/codeigniter4/framework/system/CodeIgniter.php(393): CodeIgniter\Filters\Filters->run()
#7 /www/wwwroot/sender.hubwale.in/vendor/codeigniter4/framework/system/CodeIgniter.php(326): CodeIgniter\CodeIgniter->handleRequest()
#8 /www/wwwroot/sender.hubwale.in/index.php(44): CodeIgniter\CodeIgniter->run()
#9 {main}
ERROR - 2025-05-27 10:21:46 --> Error connecting to the database: Too many connections
CRITICAL - 2025-05-27 10:21:46 --> Unable to connect to the database.
Main connection [MySQLi]: Too many connections
#0 /www/wwwroot/sender.hubwale.in/vendor/codeigniter4/framework/system/Database/BaseConnection.php(577): CodeIgniter\Database\BaseConnection->initialize()
#1 /www/wwwroot/sender.hubwale.in/vendor/codeigniter4/framework/system/Database/BaseBuilder.php(1455): CodeIgniter\Database\BaseConnection->query()
#2 /www/wwwroot/sender.hubwale.in/app/Helpers/Common_helper.php(1441): CodeIgniter\Database\BaseBuilder->get()
#3 /www/wwwroot/sender.hubwale.in/app/Helpers/Common_helper.php(1345): db_get()
#4 /www/wwwroot/sender.hubwale.in/app/Helpers/Common_helper.php(1790): get_option()
#5 /www/wwwroot/sender.hubwale.in/inc/core/Home/Controllers/Home.php(7): parse_config()
#6 /www/wwwroot/sender.hubwale.in/vendor/codeigniter4/framework/system/CodeIgniter.php(809): Core\Home\Controllers\Home->__construct()
#7 /www/wwwroot/sender.hubwale.in/vendor/codeigniter4/framework/system/CodeIgniter.php(857): CodeIgniter\CodeIgniter->createController()
#8 /www/wwwroot/sender.hubwale.in/vendor/codeigniter4/framework/system/CodeIgniter.php(340): CodeIgniter\CodeIgniter->display404errors()
#9 /www/wwwroot/sender.hubwale.in/index.php(44): CodeIgniter\CodeIgniter->run()
#10 {main}
ERROR - 2025-05-27 10:21:55 --> Error connecting to the database: Too many connections
CRITICAL - 2025-05-27 10:21:55 --> Unable to connect to the database.
Main connection [MySQLi]: Too many connections
#0 /www/wwwroot/sender.hubwale.in/vendor/codeigniter4/framework/system/Database/MySQLi/Connection.php(332): CodeIgniter\Database\BaseConnection->initialize()
#1 /www/wwwroot/sender.hubwale.in/vendor/codeigniter4/framework/system/Database/BaseConnection.php(1226): CodeIgniter\Database\MySQLi\Connection->_escapeString()
#2 /www/wwwroot/sender.hubwale.in/app/Helpers/Common_helper.php(1369): CodeIgniter\Database\BaseConnection->escapeString()
#3 /www/wwwroot/sender.hubwale.in/app/Helpers/Common_helper.php(1429): escapeString()
#4 /www/wwwroot/sender.hubwale.in/app/Filters/MainFilter.php(62): db_get()
#5 /www/wwwroot/sender.hubwale.in/vendor/codeigniter4/framework/system/Filters/Filters.php(173): App\Filters\MainFilter->before()
#6 /www/wwwroot/sender.hubwale.in/vendor/codeigniter4/framework/system/CodeIgniter.php(393): CodeIgniter\Filters\Filters->run()
#7 /www/wwwroot/sender.hubwale.in/vendor/codeigniter4/framework/system/CodeIgniter.php(326): CodeIgniter\CodeIgniter->handleRequest()
#8 /www/wwwroot/sender.hubwale.in/index.php(44): CodeIgniter\CodeIgniter->run()
#9 {main}
ERROR - 2025-05-27 10:21:56 --> Error connecting to the database: Too many connections
CRITICAL - 2025-05-27 10:21:56 --> Unable to connect to the database.
Main connection [MySQLi]: Too many connections
#0 /www/wwwroot/sender.hubwale.in/vendor/codeigniter4/framework/system/Database/BaseConnection.php(577): CodeIgniter\Database\BaseConnection->initialize()
#1 /www/wwwroot/sender.hubwale.in/vendor/codeigniter4/framework/system/Database/BaseBuilder.php(1455): CodeIgniter\Database\BaseConnection->query()
#2 /www/wwwroot/sender.hubwale.in/app/Helpers/Common_helper.php(1441): CodeIgniter\Database\BaseBuilder->get()
#3 /www/wwwroot/sender.hubwale.in/app/Helpers/Common_helper.php(1345): db_get()
#4 /www/wwwroot/sender.hubwale.in/app/Helpers/Common_helper.php(1790): get_option()
#5 /www/wwwroot/sender.hubwale.in/inc/core/Home/Controllers/Home.php(7): parse_config()
#6 /www/wwwroot/sender.hubwale.in/vendor/codeigniter4/framework/system/CodeIgniter.php(809): Core\Home\Controllers\Home->__construct()
#7 /www/wwwroot/sender.hubwale.in/vendor/codeigniter4/framework/system/CodeIgniter.php(857): CodeIgniter\CodeIgniter->createController()
#8 /www/wwwroot/sender.hubwale.in/vendor/codeigniter4/framework/system/CodeIgniter.php(340): CodeIgniter\CodeIgniter->display404errors()
#9 /www/wwwroot/sender.hubwale.in/index.php(44): CodeIgniter\CodeIgniter->run()
#10 {main}
ERROR - 2025-05-27 10:21:57 --> Error connecting to the database: Too many connections
CRITICAL - 2025-05-27 10:21:57 --> Unable to connect to the database.
Main connection [MySQLi]: Too many connections
#0 /www/wwwroot/sender.hubwale.in/vendor/codeigniter4/framework/system/Database/MySQLi/Connection.php(332): CodeIgniter\Database\BaseConnection->initialize()
#1 /www/wwwroot/sender.hubwale.in/vendor/codeigniter4/framework/system/Database/BaseConnection.php(1226): CodeIgniter\Database\MySQLi\Connection->_escapeString()
#2 /www/wwwroot/sender.hubwale.in/app/Helpers/Common_helper.php(1369): CodeIgniter\Database\BaseConnection->escapeString()
#3 /www/wwwroot/sender.hubwale.in/app/Helpers/Common_helper.php(1429): escapeString()
#4 /www/wwwroot/sender.hubwale.in/app/Filters/MainFilter.php(62): db_get()
#5 /www/wwwroot/sender.hubwale.in/vendor/codeigniter4/framework/system/Filters/Filters.php(173): App\Filters\MainFilter->before()
#6 /www/wwwroot/sender.hubwale.in/vendor/codeigniter4/framework/system/CodeIgniter.php(393): CodeIgniter\Filters\Filters->run()
#7 /www/wwwroot/sender.hubwale.in/vendor/codeigniter4/framework/system/CodeIgniter.php(326): CodeIgniter\CodeIgniter->handleRequest()
#8 /www/wwwroot/sender.hubwale.in/index.php(44): CodeIgniter\CodeIgniter->run()
#9 {main}
ERROR - 2025-05-27 10:21:58 --> Error connecting to the database: Too many connections
CRITICAL - 2025-05-27 10:21:58 --> Unable to connect to the database.
Main connection [MySQLi]: Too many connections
#0 /www/wwwroot/sender.hubwale.in/vendor/codeigniter4/framework/system/Database/BaseConnection.php(577): CodeIgniter\Database\BaseConnection->initialize()
#1 /www/wwwroot/sender.hubwale.in/vendor/codeigniter4/framework/system/Database/BaseBuilder.php(1455): CodeIgniter\Database\BaseConnection->query()
#2 /www/wwwroot/sender.hubwale.in/app/Helpers/Common_helper.php(1441): CodeIgniter\Database\BaseBuilder->get()
#3 /www/wwwroot/sender.hubwale.in/app/Helpers/Common_helper.php(1345): db_get()
#4 /www/wwwroot/sender.hubwale.in/app/Helpers/Common_helper.php(1790): get_option()
#5 /www/wwwroot/sender.hubwale.in/inc/core/Home/Controllers/Home.php(7): parse_config()
#6 /www/wwwroot/sender.hubwale.in/vendor/codeigniter4/framework/system/CodeIgniter.php(809): Core\Home\Controllers\Home->__construct()
#7 /www/wwwroot/sender.hubwale.in/vendor/codeigniter4/framework/system/CodeIgniter.php(857): CodeIgniter\CodeIgniter->createController()
#8 /www/wwwroot/sender.hubwale.in/vendor/codeigniter4/framework/system/CodeIgniter.php(340): CodeIgniter\CodeIgniter->display404errors()
#9 /www/wwwroot/sender.hubwale.in/index.php(44): CodeIgniter\CodeIgniter->run()
#10 {main}
ERROR - 2025-05-27 10:22:02 --> Error connecting to the database: Too many connections
CRITICAL - 2025-05-27 10:22:02 --> Unable to connect to the database.
Main connection [MySQLi]: Too many connections
#0 /www/wwwroot/sender.hubwale.in/vendor/codeigniter4/framework/system/Database/MySQLi/Connection.php(332): CodeIgniter\Database\BaseConnection->initialize()
#1 /www/wwwroot/sender.hubwale.in/vendor/codeigniter4/framework/system/Database/BaseConnection.php(1226): CodeIgniter\Database\MySQLi\Connection->_escapeString()
#2 /www/wwwroot/sender.hubwale.in/app/Helpers/Common_helper.php(1369): CodeIgniter\Database\BaseConnection->escapeString()
#3 /www/wwwroot/sender.hubwale.in/app/Helpers/Common_helper.php(1429): escapeString()
#4 /www/wwwroot/sender.hubwale.in/app/Filters/MainFilter.php(62): db_get()
#5 /www/wwwroot/sender.hubwale.in/vendor/codeigniter4/framework/system/Filters/Filters.php(173): App\Filters\MainFilter->before()
#6 /www/wwwroot/sender.hubwale.in/vendor/codeigniter4/framework/system/CodeIgniter.php(393): CodeIgniter\Filters\Filters->run()
#7 /www/wwwroot/sender.hubwale.in/vendor/codeigniter4/framework/system/CodeIgniter.php(326): CodeIgniter\CodeIgniter->handleRequest()
#8 /www/wwwroot/sender.hubwale.in/index.php(44): CodeIgniter\CodeIgniter->run()
#9 {main}
ERROR - 2025-05-27 10:22:03 --> Error connecting to the database: Too many connections
CRITICAL - 2025-05-27 10:22:03 --> Unable to connect to the database.
Main connection [MySQLi]: Too many connections
#0 /www/wwwroot/sender.hubwale.in/vendor/codeigniter4/framework/system/Database/BaseConnection.php(577): CodeIgniter\Database\BaseConnection->initialize()
#1 /www/wwwroot/sender.hubwale.in/vendor/codeigniter4/framework/system/Database/BaseBuilder.php(1455): CodeIgniter\Database\BaseConnection->query()
#2 /www/wwwroot/sender.hubwale.in/app/Helpers/Common_helper.php(1441): CodeIgniter\Database\BaseBuilder->get()
#3 /www/wwwroot/sender.hubwale.in/app/Helpers/Common_helper.php(1345): db_get()
#4 /www/wwwroot/sender.hubwale.in/app/Helpers/Common_helper.php(1790): get_option()
#5 /www/wwwroot/sender.hubwale.in/inc/core/Home/Controllers/Home.php(7): parse_config()
#6 /www/wwwroot/sender.hubwale.in/vendor/codeigniter4/framework/system/CodeIgniter.php(809): Core\Home\Controllers\Home->__construct()
#7 /www/wwwroot/sender.hubwale.in/vendor/codeigniter4/framework/system/CodeIgniter.php(857): CodeIgniter\CodeIgniter->createController()
#8 /www/wwwroot/sender.hubwale.in/vendor/codeigniter4/framework/system/CodeIgniter.php(340): CodeIgniter\CodeIgniter->display404errors()
#9 /www/wwwroot/sender.hubwale.in/index.php(44): CodeIgniter\CodeIgniter->run()
#10 {main}
ERROR - 2025-05-27 10:22:06 --> Error connecting to the database: Too many connections
CRITICAL - 2025-05-27 10:22:06 --> Unable to connect to the database.
Main connection [MySQLi]: Too many connections
#0 /www/wwwroot/sender.hubwale.in/vendor/codeigniter4/framework/system/Database/MySQLi/Connection.php(332): CodeIgniter\Database\BaseConnection->initialize()
#1 /www/wwwroot/sender.hubwale.in/vendor/codeigniter4/framework/system/Database/BaseConnection.php(1226): CodeIgniter\Database\MySQLi\Connection->_escapeString()
#2 /www/wwwroot/sender.hubwale.in/app/Helpers/Common_helper.php(1369): CodeIgniter\Database\BaseConnection->escapeString()
#3 /www/wwwroot/sender.hubwale.in/app/Helpers/Common_helper.php(1429): escapeString()
#4 /www/wwwroot/sender.hubwale.in/app/Filters/MainFilter.php(62): db_get()
#5 /www/wwwroot/sender.hubwale.in/vendor/codeigniter4/framework/system/Filters/Filters.php(173): App\Filters\MainFilter->before()
#6 /www/wwwroot/sender.hubwale.in/vendor/codeigniter4/framework/system/CodeIgniter.php(393): CodeIgniter\Filters\Filters->run()
#7 /www/wwwroot/sender.hubwale.in/vendor/codeigniter4/framework/system/CodeIgniter.php(326): CodeIgniter\CodeIgniter->handleRequest()
#8 /www/wwwroot/sender.hubwale.in/index.php(44): CodeIgniter\CodeIgniter->run()
#9 {main}
ERROR - 2025-05-27 10:22:06 --> Error connecting to the database: Too many connections
CRITICAL - 2025-05-27 10:22:06 --> Unable to connect to the database.
Main connection [MySQLi]: Too many connections
#0 /www/wwwroot/sender.hubwale.in/vendor/codeigniter4/framework/system/Database/BaseConnection.php(577): CodeIgniter\Database\BaseConnection->initialize()
#1 /www/wwwroot/sender.hubwale.in/vendor/codeigniter4/framework/system/Database/BaseBuilder.php(1455): CodeIgniter\Database\BaseConnection->query()
#2 /www/wwwroot/sender.hubwale.in/app/Helpers/Common_helper.php(1441): CodeIgniter\Database\BaseBuilder->get()
#3 /www/wwwroot/sender.hubwale.in/app/Helpers/Common_helper.php(1345): db_get()
#4 /www/wwwroot/sender.hubwale.in/app/Helpers/Common_helper.php(1790): get_option()
#5 /www/wwwroot/sender.hubwale.in/inc/core/Home/Controllers/Home.php(7): parse_config()
#6 /www/wwwroot/sender.hubwale.in/vendor/codeigniter4/framework/system/CodeIgniter.php(809): Core\Home\Controllers\Home->__construct()
#7 /www/wwwroot/sender.hubwale.in/vendor/codeigniter4/framework/system/CodeIgniter.php(857): CodeIgniter\CodeIgniter->createController()
#8 /www/wwwroot/sender.hubwale.in/vendor/codeigniter4/framework/system/CodeIgniter.php(340): CodeIgniter\CodeIgniter->display404errors()
#9 /www/wwwroot/sender.hubwale.in/index.php(44): CodeIgniter\CodeIgniter->run()
#10 {main}
ERROR - 2025-05-27 10:22:07 --> Error connecting to the database: Too many connections
CRITICAL - 2025-05-27 10:22:07 --> Unable to connect to the database.
Main connection [MySQLi]: Too many connections
#0 /www/wwwroot/sender.hubwale.in/vendor/codeigniter4/framework/system/Database/BaseConnection.php(577): CodeIgniter\Database\BaseConnection->initialize()
#1 /www/wwwroot/sender.hubwale.in/vendor/codeigniter4/framework/system/Database/BaseBuilder.php(1455): CodeIgniter\Database\BaseConnection->query()
#2 /www/wwwroot/sender.hubwale.in/app/Helpers/Common_helper.php(1441): CodeIgniter\Database\BaseBuilder->get()
#3 /www/wwwroot/sender.hubwale.in/app/Helpers/Common_helper.php(1345): db_get()
#4 /www/wwwroot/sender.hubwale.in/app/Helpers/Common_helper.php(1790): get_option()
#5 /www/wwwroot/sender.hubwale.in/inc/core/Home/Controllers/Home.php(7): parse_config()
#6 /www/wwwroot/sender.hubwale.in/vendor/codeigniter4/framework/system/CodeIgniter.php(809): Core\Home\Controllers\Home->__construct()
#7 /www/wwwroot/sender.hubwale.in/vendor/codeigniter4/framework/system/CodeIgniter.php(857): CodeIgniter\CodeIgniter->createController()
#8 /www/wwwroot/sender.hubwale.in/vendor/codeigniter4/framework/system/CodeIgniter.php(340): CodeIgniter\CodeIgniter->display404errors()
#9 /www/wwwroot/sender.hubwale.in/index.php(44): CodeIgniter\CodeIgniter->run()
#10 {main}
ERROR - 2025-05-27 10:22:08 --> Error connecting to the database: Too many connections
CRITICAL - 2025-05-27 10:22:08 --> Unable to connect to the database.
Main connection [MySQLi]: Too many connections
#0 /www/wwwroot/sender.hubwale.in/vendor/codeigniter4/framework/system/Database/BaseConnection.php(577): CodeIgniter\Database\BaseConnection->initialize()
#1 /www/wwwroot/sender.hubwale.in/vendor/codeigniter4/framework/system/Database/BaseBuilder.php(1455): CodeIgniter\Database\BaseConnection->query()
#2 /www/wwwroot/sender.hubwale.in/app/Helpers/Common_helper.php(1441): CodeIgniter\Database\BaseBuilder->get()
#3 /www/wwwroot/sender.hubwale.in/app/Helpers/Common_helper.php(1345): db_get()
#4 /www/wwwroot/sender.hubwale.in/app/Helpers/Common_helper.php(1790): get_option()
#5 /www/wwwroot/sender.hubwale.in/inc/core/Home/Controllers/Home.php(7): parse_config()
#6 /www/wwwroot/sender.hubwale.in/vendor/codeigniter4/framework/system/CodeIgniter.php(809): Core\Home\Controllers\Home->__construct()
#7 /www/wwwroot/sender.hubwale.in/vendor/codeigniter4/framework/system/CodeIgniter.php(857): CodeIgniter\CodeIgniter->createController()
#8 /www/wwwroot/sender.hubwale.in/vendor/codeigniter4/framework/system/CodeIgniter.php(340): CodeIgniter\CodeIgniter->display404errors()
#9 /www/wwwroot/sender.hubwale.in/index.php(44): CodeIgniter\CodeIgniter->run()
#10 {main}
ERROR - 2025-05-27 10:22:10 --> Error connecting to the database: Too many connections
CRITICAL - 2025-05-27 10:22:10 --> Unable to connect to the database.
Main connection [MySQLi]: Too many connections
#0 /www/wwwroot/sender.hubwale.in/vendor/codeigniter4/framework/system/Database/BaseConnection.php(577): CodeIgniter\Database\BaseConnection->initialize()
#1 /www/wwwroot/sender.hubwale.in/vendor/codeigniter4/framework/system/Database/BaseBuilder.php(1455): CodeIgniter\Database\BaseConnection->query()
#2 /www/wwwroot/sender.hubwale.in/app/Helpers/Common_helper.php(1441): CodeIgniter\Database\BaseBuilder->get()
#3 /www/wwwroot/sender.hubwale.in/app/Helpers/Common_helper.php(1345): db_get()
#4 /www/wwwroot/sender.hubwale.in/app/Helpers/Common_helper.php(1790): get_option()
#5 /www/wwwroot/sender.hubwale.in/inc/core/Home/Controllers/Home.php(7): parse_config()
#6 /www/wwwroot/sender.hubwale.in/vendor/codeigniter4/framework/system/CodeIgniter.php(809): Core\Home\Controllers\Home->__construct()
#7 /www/wwwroot/sender.hubwale.in/vendor/codeigniter4/framework/system/CodeIgniter.php(857): CodeIgniter\CodeIgniter->createController()
#8 /www/wwwroot/sender.hubwale.in/vendor/codeigniter4/framework/system/CodeIgniter.php(340): CodeIgniter\CodeIgniter->display404errors()
#9 /www/wwwroot/sender.hubwale.in/index.php(44): CodeIgniter\CodeIgniter->run()
#10 {main}
ERROR - 2025-05-27 10:22:11 --> Error connecting to the database: Too many connections
CRITICAL - 2025-05-27 10:22:11 --> Unable to connect to the database.
Main connection [MySQLi]: Too many connections
#0 /www/wwwroot/sender.hubwale.in/vendor/codeigniter4/framework/system/Database/BaseConnection.php(577): CodeIgniter\Database\BaseConnection->initialize()
#1 /www/wwwroot/sender.hubwale.in/vendor/codeigniter4/framework/system/Database/BaseBuilder.php(1455): CodeIgniter\Database\BaseConnection->query()
#2 /www/wwwroot/sender.hubwale.in/app/Helpers/Common_helper.php(1441): CodeIgniter\Database\BaseBuilder->get()
#3 /www/wwwroot/sender.hubwale.in/app/Helpers/Common_helper.php(1345): db_get()
#4 /www/wwwroot/sender.hubwale.in/app/Helpers/Common_helper.php(1790): get_option()
#5 /www/wwwroot/sender.hubwale.in/inc/core/Home/Controllers/Home.php(7): parse_config()
#6 /www/wwwroot/sender.hubwale.in/vendor/codeigniter4/framework/system/CodeIgniter.php(809): Core\Home\Controllers\Home->__construct()
#7 /www/wwwroot/sender.hubwale.in/vendor/codeigniter4/framework/system/CodeIgniter.php(857): CodeIgniter\CodeIgniter->createController()
#8 /www/wwwroot/sender.hubwale.in/vendor/codeigniter4/framework/system/CodeIgniter.php(340): CodeIgniter\CodeIgniter->display404errors()
#9 /www/wwwroot/sender.hubwale.in/index.php(44): CodeIgniter\CodeIgniter->run()
#10 {main}
ERROR - 2025-05-27 10:22:13 --> Error connecting to the database: Too many connections
CRITICAL - 2025-05-27 10:22:13 --> Unable to connect to the database.
Main connection [MySQLi]: Too many connections
#0 /www/wwwroot/sender.hubwale.in/vendor/codeigniter4/framework/system/Database/MySQLi/Connection.php(332): CodeIgniter\Database\BaseConnection->initialize()
#1 /www/wwwroot/sender.hubwale.in/vendor/codeigniter4/framework/system/Database/BaseConnection.php(1226): CodeIgniter\Database\MySQLi\Connection->_escapeString()
#2 /www/wwwroot/sender.hubwale.in/app/Helpers/Common_helper.php(1369): CodeIgniter\Database\BaseConnection->escapeString()
#3 /www/wwwroot/sender.hubwale.in/app/Helpers/Common_helper.php(1429): escapeString()
#4 /www/wwwroot/sender.hubwale.in/app/Filters/MainFilter.php(62): db_get()
#5 /www/wwwroot/sender.hubwale.in/vendor/codeigniter4/framework/system/Filters/Filters.php(173): App\Filters\MainFilter->before()
#6 /www/wwwroot/sender.hubwale.in/vendor/codeigniter4/framework/system/CodeIgniter.php(393): CodeIgniter\Filters\Filters->run()
#7 /www/wwwroot/sender.hubwale.in/vendor/codeigniter4/framework/system/CodeIgniter.php(326): CodeIgniter\CodeIgniter->handleRequest()
#8 /www/wwwroot/sender.hubwale.in/index.php(44): CodeIgniter\CodeIgniter->run()
#9 {main}
ERROR - 2025-05-27 10:22:14 --> Error connecting to the database: Too many connections
CRITICAL - 2025-05-27 10:22:14 --> Unable to connect to the database.
Main connection [MySQLi]: Too many connections
#0 /www/wwwroot/sender.hubwale.in/vendor/codeigniter4/framework/system/Database/BaseConnection.php(577): CodeIgniter\Database\BaseConnection->initialize()
#1 /www/wwwroot/sender.hubwale.in/vendor/codeigniter4/framework/system/Database/BaseBuilder.php(1455): CodeIgniter\Database\BaseConnection->query()
#2 /www/wwwroot/sender.hubwale.in/app/Helpers/Common_helper.php(1441): CodeIgniter\Database\BaseBuilder->get()
#3 /www/wwwroot/sender.hubwale.in/app/Helpers/Common_helper.php(1345): db_get()
#4 /www/wwwroot/sender.hubwale.in/app/Helpers/Common_helper.php(1790): get_option()
#5 /www/wwwroot/sender.hubwale.in/inc/core/Home/Controllers/Home.php(7): parse_config()
#6 /www/wwwroot/sender.hubwale.in/vendor/codeigniter4/framework/system/CodeIgniter.php(809): Core\Home\Controllers\Home->__construct()
#7 /www/wwwroot/sender.hubwale.in/vendor/codeigniter4/framework/system/CodeIgniter.php(857): CodeIgniter\CodeIgniter->createController()
#8 /www/wwwroot/sender.hubwale.in/vendor/codeigniter4/framework/system/CodeIgniter.php(340): CodeIgniter\CodeIgniter->display404errors()
#9 /www/wwwroot/sender.hubwale.in/index.php(44): CodeIgniter\CodeIgniter->run()
#10 {main}
ERROR - 2025-05-27 10:22:28 --> Error connecting to the database: Too many connections
CRITICAL - 2025-05-27 10:22:28 --> Unable to connect to the database.
Main connection [MySQLi]: Too many connections
#0 /www/wwwroot/sender.hubwale.in/vendor/codeigniter4/framework/system/Database/BaseConnection.php(577): CodeIgniter\Database\BaseConnection->initialize()
#1 /www/wwwroot/sender.hubwale.in/vendor/codeigniter4/framework/system/Database/BaseBuilder.php(1455): CodeIgniter\Database\BaseConnection->query()
#2 /www/wwwroot/sender.hubwale.in/app/Helpers/Common_helper.php(1441): CodeIgniter\Database\BaseBuilder->get()
#3 /www/wwwroot/sender.hubwale.in/app/Filters/MainFilter.php(52): db_get()
#4 /www/wwwroot/sender.hubwale.in/vendor/codeigniter4/framework/system/Filters/Filters.php(173): App\Filters\MainFilter->before()
#5 /www/wwwroot/sender.hubwale.in/vendor/codeigniter4/framework/system/CodeIgniter.php(393): CodeIgniter\Filters\Filters->run()
#6 /www/wwwroot/sender.hubwale.in/vendor/codeigniter4/framework/system/CodeIgniter.php(326): CodeIgniter\CodeIgniter->handleRequest()
#7 /www/wwwroot/sender.hubwale.in/index.php(44): CodeIgniter\CodeIgniter->run()
#8 {main}
ERROR - 2025-05-27 10:22:35 --> Error connecting to the database: Too many connections
CRITICAL - 2025-05-27 10:22:35 --> Unable to connect to the database.
Main connection [MySQLi]: Too many connections
#0 /www/wwwroot/sender.hubwale.in/vendor/codeigniter4/framework/system/Database/MySQLi/Connection.php(332): CodeIgniter\Database\BaseConnection->initialize()
#1 /www/wwwroot/sender.hubwale.in/vendor/codeigniter4/framework/system/Database/BaseConnection.php(1226): CodeIgniter\Database\MySQLi\Connection->_escapeString()
#2 /www/wwwroot/sender.hubwale.in/app/Helpers/Common_helper.php(1369): CodeIgniter\Database\BaseConnection->escapeString()
#3 /www/wwwroot/sender.hubwale.in/app/Helpers/Common_helper.php(1429): escapeString()
#4 /www/wwwroot/sender.hubwale.in/app/Filters/MainFilter.php(62): db_get()
#5 /www/wwwroot/sender.hubwale.in/vendor/codeigniter4/framework/system/Filters/Filters.php(173): App\Filters\MainFilter->before()
#6 /www/wwwroot/sender.hubwale.in/vendor/codeigniter4/framework/system/CodeIgniter.php(393): CodeIgniter\Filters\Filters->run()
#7 /www/wwwroot/sender.hubwale.in/vendor/codeigniter4/framework/system/CodeIgniter.php(326): CodeIgniter\CodeIgniter->handleRequest()
#8 /www/wwwroot/sender.hubwale.in/index.php(44): CodeIgniter\CodeIgniter->run()
#9 {main}
ERROR - 2025-05-27 10:22:35 --> Error connecting to the database: Too many connections
CRITICAL - 2025-05-27 10:22:35 --> Unable to connect to the database.
Main connection [MySQLi]: Too many connections
#0 /www/wwwroot/sender.hubwale.in/vendor/codeigniter4/framework/system/Database/BaseConnection.php(577): CodeIgniter\Database\BaseConnection->initialize()
#1 /www/wwwroot/sender.hubwale.in/vendor/codeigniter4/framework/system/Database/BaseBuilder.php(1455): CodeIgniter\Database\BaseConnection->query()
#2 /www/wwwroot/sender.hubwale.in/app/Helpers/Common_helper.php(1441): CodeIgniter\Database\BaseBuilder->get()
#3 /www/wwwroot/sender.hubwale.in/app/Helpers/Common_helper.php(1345): db_get()
#4 /www/wwwroot/sender.hubwale.in/app/Helpers/Common_helper.php(1790): get_option()
#5 /www/wwwroot/sender.hubwale.in/inc/core/Home/Controllers/Home.php(7): parse_config()
#6 /www/wwwroot/sender.hubwale.in/vendor/codeigniter4/framework/system/CodeIgniter.php(809): Core\Home\Controllers\Home->__construct()
#7 /www/wwwroot/sender.hubwale.in/vendor/codeigniter4/framework/system/CodeIgniter.php(857): CodeIgniter\CodeIgniter->createController()
#8 /www/wwwroot/sender.hubwale.in/vendor/codeigniter4/framework/system/CodeIgniter.php(340): CodeIgniter\CodeIgniter->display404errors()
#9 /www/wwwroot/sender.hubwale.in/index.php(44): CodeIgniter\CodeIgniter->run()
#10 {main}
ERROR - 2025-05-27 10:22:36 --> Error connecting to the database: Too many connections
CRITICAL - 2025-05-27 10:22:36 --> Unable to connect to the database.
Main connection [MySQLi]: Too many connections
#0 /www/wwwroot/sender.hubwale.in/vendor/codeigniter4/framework/system/Database/MySQLi/Connection.php(332): CodeIgniter\Database\BaseConnection->initialize()
#1 /www/wwwroot/sender.hubwale.in/vendor/codeigniter4/framework/system/Database/BaseConnection.php(1226): CodeIgniter\Database\MySQLi\Connection->_escapeString()
#2 /www/wwwroot/sender.hubwale.in/app/Helpers/Common_helper.php(1369): CodeIgniter\Database\BaseConnection->escapeString()
#3 /www/wwwroot/sender.hubwale.in/app/Helpers/Common_helper.php(1429): escapeString()
#4 /www/wwwroot/sender.hubwale.in/app/Filters/MainFilter.php(62): db_get()
#5 /www/wwwroot/sender.hubwale.in/vendor/codeigniter4/framework/system/Filters/Filters.php(173): App\Filters\MainFilter->before()
#6 /www/wwwroot/sender.hubwale.in/vendor/codeigniter4/framework/system/CodeIgniter.php(393): CodeIgniter\Filters\Filters->run()
#7 /www/wwwroot/sender.hubwale.in/vendor/codeigniter4/framework/system/CodeIgniter.php(326): CodeIgniter\CodeIgniter->handleRequest()
#8 /www/wwwroot/sender.hubwale.in/index.php(44): CodeIgniter\CodeIgniter->run()
#9 {main}
ERROR - 2025-05-27 10:22:36 --> Error connecting to the database: Too many connections
CRITICAL - 2025-05-27 10:22:36 --> Unable to connect to the database.
Main connection [MySQLi]: Too many connections
#0 /www/wwwroot/sender.hubwale.in/vendor/codeigniter4/framework/system/Database/BaseConnection.php(577): CodeIgniter\Database\BaseConnection->initialize()
#1 /www/wwwroot/sender.hubwale.in/vendor/codeigniter4/framework/system/Database/BaseBuilder.php(1455): CodeIgniter\Database\BaseConnection->query()
#2 /www/wwwroot/sender.hubwale.in/app/Helpers/Common_helper.php(1441): CodeIgniter\Database\BaseBuilder->get()
#3 /www/wwwroot/sender.hubwale.in/app/Helpers/Common_helper.php(1345): db_get()
#4 /www/wwwroot/sender.hubwale.in/app/Helpers/Common_helper.php(1790): get_option()
#5 /www/wwwroot/sender.hubwale.in/inc/core/Home/Controllers/Home.php(7): parse_config()
#6 /www/wwwroot/sender.hubwale.in/vendor/codeigniter4/framework/system/CodeIgniter.php(809): Core\Home\Controllers\Home->__construct()
#7 /www/wwwroot/sender.hubwale.in/vendor/codeigniter4/framework/system/CodeIgniter.php(857): CodeIgniter\CodeIgniter->createController()
#8 /www/wwwroot/sender.hubwale.in/vendor/codeigniter4/framework/system/CodeIgniter.php(340): CodeIgniter\CodeIgniter->display404errors()
#9 /www/wwwroot/sender.hubwale.in/index.php(44): CodeIgniter\CodeIgniter->run()
#10 {main}
ERROR - 2025-05-27 10:22:37 --> Error connecting to the database: Too many connections
CRITICAL - 2025-05-27 10:22:37 --> Unable to connect to the database.
Main connection [MySQLi]: Too many connections
#0 /www/wwwroot/sender.hubwale.in/vendor/codeigniter4/framework/system/Database/MySQLi/Connection.php(332): CodeIgniter\Database\BaseConnection->initialize()
#1 /www/wwwroot/sender.hubwale.in/vendor/codeigniter4/framework/system/Database/BaseConnection.php(1226): CodeIgniter\Database\MySQLi\Connection->_escapeString()
#2 /www/wwwroot/sender.hubwale.in/app/Helpers/Common_helper.php(1369): CodeIgniter\Database\BaseConnection->escapeString()
#3 /www/wwwroot/sender.hubwale.in/app/Helpers/Common_helper.php(1429): escapeString()
#4 /www/wwwroot/sender.hubwale.in/app/Filters/MainFilter.php(62): db_get()
#5 /www/wwwroot/sender.hubwale.in/vendor/codeigniter4/framework/system/Filters/Filters.php(173): App\Filters\MainFilter->before()
#6 /www/wwwroot/sender.hubwale.in/vendor/codeigniter4/framework/system/CodeIgniter.php(393): CodeIgniter\Filters\Filters->run()
#7 /www/wwwroot/sender.hubwale.in/vendor/codeigniter4/framework/system/CodeIgniter.php(326): CodeIgniter\CodeIgniter->handleRequest()
#8 /www/wwwroot/sender.hubwale.in/index.php(44): CodeIgniter\CodeIgniter->run()
#9 {main}
ERROR - 2025-05-27 10:22:37 --> Error connecting to the database: Too many connections
CRITICAL - 2025-05-27 10:22:37 --> Unable to connect to the database.
Main connection [MySQLi]: Too many connections
#0 /www/wwwroot/sender.hubwale.in/vendor/codeigniter4/framework/system/Database/BaseConnection.php(577): CodeIgniter\Database\BaseConnection->initialize()
#1 /www/wwwroot/sender.hubwale.in/vendor/codeigniter4/framework/system/Database/BaseBuilder.php(1455): CodeIgniter\Database\BaseConnection->query()
#2 /www/wwwroot/sender.hubwale.in/app/Helpers/Common_helper.php(1441): CodeIgniter\Database\BaseBuilder->get()
#3 /www/wwwroot/sender.hubwale.in/app/Helpers/Common_helper.php(1345): db_get()
#4 /www/wwwroot/sender.hubwale.in/app/Helpers/Common_helper.php(1790): get_option()
#5 /www/wwwroot/sender.hubwale.in/inc/core/Home/Controllers/Home.php(7): parse_config()
#6 /www/wwwroot/sender.hubwale.in/vendor/codeigniter4/framework/system/CodeIgniter.php(809): Core\Home\Controllers\Home->__construct()
#7 /www/wwwroot/sender.hubwale.in/vendor/codeigniter4/framework/system/CodeIgniter.php(857): CodeIgniter\CodeIgniter->createController()
#8 /www/wwwroot/sender.hubwale.in/vendor/codeigniter4/framework/system/CodeIgniter.php(340): CodeIgniter\CodeIgniter->display404errors()
#9 /www/wwwroot/sender.hubwale.in/index.php(44): CodeIgniter\CodeIgniter->run()
#10 {main}
ERROR - 2025-05-27 10:22:38 --> Error connecting to the database: Too many connections
CRITICAL - 2025-05-27 10:22:38 --> Unable to connect to the database.
Main connection [MySQLi]: Too many connections
#0 /www/wwwroot/sender.hubwale.in/vendor/codeigniter4/framework/system/Database/MySQLi/Connection.php(332): CodeIgniter\Database\BaseConnection->initialize()
#1 /www/wwwroot/sender.hubwale.in/vendor/codeigniter4/framework/system/Database/BaseConnection.php(1226): CodeIgniter\Database\MySQLi\Connection->_escapeString()
#2 /www/wwwroot/sender.hubwale.in/app/Helpers/Common_helper.php(1369): CodeIgniter\Database\BaseConnection->escapeString()
#3 /www/wwwroot/sender.hubwale.in/app/Helpers/Common_helper.php(1429): escapeString()
#4 /www/wwwroot/sender.hubwale.in/app/Filters/MainFilter.php(62): db_get()
#5 /www/wwwroot/sender.hubwale.in/vendor/codeigniter4/framework/system/Filters/Filters.php(173): App\Filters\MainFilter->before()
#6 /www/wwwroot/sender.hubwale.in/vendor/codeigniter4/framework/system/CodeIgniter.php(393): CodeIgniter\Filters\Filters->run()
#7 /www/wwwroot/sender.hubwale.in/vendor/codeigniter4/framework/system/CodeIgniter.php(326): CodeIgniter\CodeIgniter->handleRequest()
#8 /www/wwwroot/sender.hubwale.in/index.php(44): CodeIgniter\CodeIgniter->run()
#9 {main}
ERROR - 2025-05-27 10:22:39 --> Error connecting to the database: Too many connections
CRITICAL - 2025-05-27 10:22:39 --> Unable to connect to the database.
Main connection [MySQLi]: Too many connections
#0 /www/wwwroot/sender.hubwale.in/vendor/codeigniter4/framework/system/Database/BaseConnection.php(577): CodeIgniter\Database\BaseConnection->initialize()
#1 /www/wwwroot/sender.hubwale.in/vendor/codeigniter4/framework/system/Database/BaseBuilder.php(1455): CodeIgniter\Database\BaseConnection->query()
#2 /www/wwwroot/sender.hubwale.in/app/Helpers/Common_helper.php(1441): CodeIgniter\Database\BaseBuilder->get()
#3 /www/wwwroot/sender.hubwale.in/app/Helpers/Common_helper.php(1345): db_get()
#4 /www/wwwroot/sender.hubwale.in/app/Helpers/Common_helper.php(1790): get_option()
#5 /www/wwwroot/sender.hubwale.in/inc/core/Home/Controllers/Home.php(7): parse_config()
#6 /www/wwwroot/sender.hubwale.in/vendor/codeigniter4/framework/system/CodeIgniter.php(809): Core\Home\Controllers\Home->__construct()
#7 /www/wwwroot/sender.hubwale.in/vendor/codeigniter4/framework/system/CodeIgniter.php(857): CodeIgniter\CodeIgniter->createController()
#8 /www/wwwroot/sender.hubwale.in/vendor/codeigniter4/framework/system/CodeIgniter.php(340): CodeIgniter\CodeIgniter->display404errors()
#9 /www/wwwroot/sender.hubwale.in/index.php(44): CodeIgniter\CodeIgniter->run()
#10 {main}
ERROR - 2025-05-27 10:22:57 --> Error connecting to the database: Too many connections
CRITICAL - 2025-05-27 10:22:57 --> Unable to connect to the database.
Main connection [MySQLi]: Too many connections
#0 /www/wwwroot/sender.hubwale.in/vendor/codeigniter4/framework/system/Database/MySQLi/Connection.php(332): CodeIgniter\Database\BaseConnection->initialize()
#1 /www/wwwroot/sender.hubwale.in/vendor/codeigniter4/framework/system/Database/BaseConnection.php(1226): CodeIgniter\Database\MySQLi\Connection->_escapeString()
#2 /www/wwwroot/sender.hubwale.in/app/Helpers/Common_helper.php(1369): CodeIgniter\Database\BaseConnection->escapeString()
#3 /www/wwwroot/sender.hubwale.in/app/Helpers/Common_helper.php(1429): escapeString()
#4 /www/wwwroot/sender.hubwale.in/app/Filters/MainFilter.php(62): db_get()
#5 /www/wwwroot/sender.hubwale.in/vendor/codeigniter4/framework/system/Filters/Filters.php(173): App\Filters\MainFilter->before()
#6 /www/wwwroot/sender.hubwale.in/vendor/codeigniter4/framework/system/CodeIgniter.php(393): CodeIgniter\Filters\Filters->run()
#7 /www/wwwroot/sender.hubwale.in/vendor/codeigniter4/framework/system/CodeIgniter.php(326): CodeIgniter\CodeIgniter->handleRequest()
#8 /www/wwwroot/sender.hubwale.in/index.php(44): CodeIgniter\CodeIgniter->run()
#9 {main}
ERROR - 2025-05-27 10:22:57 --> Error connecting to the database: Too many connections
CRITICAL - 2025-05-27 10:22:57 --> Unable to connect to the database.
Main connection [MySQLi]: Too many connections
#0 /www/wwwroot/sender.hubwale.in/vendor/codeigniter4/framework/system/Database/BaseConnection.php(577): CodeIgniter\Database\BaseConnection->initialize()
#1 /www/wwwroot/sender.hubwale.in/vendor/codeigniter4/framework/system/Database/BaseBuilder.php(1455): CodeIgniter\Database\BaseConnection->query()
#2 /www/wwwroot/sender.hubwale.in/app/Helpers/Common_helper.php(1441): CodeIgniter\Database\BaseBuilder->get()
#3 /www/wwwroot/sender.hubwale.in/app/Helpers/Common_helper.php(1345): db_get()
#4 /www/wwwroot/sender.hubwale.in/app/Helpers/Common_helper.php(1790): get_option()
#5 /www/wwwroot/sender.hubwale.in/inc/core/Home/Controllers/Home.php(7): parse_config()
#6 /www/wwwroot/sender.hubwale.in/vendor/codeigniter4/framework/system/CodeIgniter.php(809): Core\Home\Controllers\Home->__construct()
#7 /www/wwwroot/sender.hubwale.in/vendor/codeigniter4/framework/system/CodeIgniter.php(857): CodeIgniter\CodeIgniter->createController()
#8 /www/wwwroot/sender.hubwale.in/vendor/codeigniter4/framework/system/CodeIgniter.php(340): CodeIgniter\CodeIgniter->display404errors()
#9 /www/wwwroot/sender.hubwale.in/index.php(44): CodeIgniter\CodeIgniter->run()
#10 {main}
ERROR - 2025-05-27 10:30:39 --> Error connecting to the database: Too many connections
CRITICAL - 2025-05-27 10:30:39 --> Unable to connect to the database.
Main connection [MySQLi]: Too many connections
#0 /www/wwwroot/sender.hubwale.in/vendor/codeigniter4/framework/system/Database/BaseConnection.php(577): CodeIgniter\Database\BaseConnection->initialize()
#1 /www/wwwroot/sender.hubwale.in/vendor/codeigniter4/framework/system/Database/BaseBuilder.php(1455): CodeIgniter\Database\BaseConnection->query()
#2 /www/wwwroot/sender.hubwale.in/app/Helpers/Common_helper.php(1441): CodeIgniter\Database\BaseBuilder->get()
#3 /www/wwwroot/sender.hubwale.in/app/Filters/MainFilter.php(52): db_get()
#4 /www/wwwroot/sender.hubwale.in/vendor/codeigniter4/framework/system/Filters/Filters.php(173): App\Filters\MainFilter->before()
#5 /www/wwwroot/sender.hubwale.in/vendor/codeigniter4/framework/system/CodeIgniter.php(393): CodeIgniter\Filters\Filters->run()
#6 /www/wwwroot/sender.hubwale.in/vendor/codeigniter4/framework/system/CodeIgniter.php(326): CodeIgniter\CodeIgniter->handleRequest()
#7 /www/wwwroot/sender.hubwale.in/index.php(44): CodeIgniter\CodeIgniter->run()
#8 {main}
ERROR - 2025-05-27 10:30:39 --> Error connecting to the database: Too many connections
CRITICAL - 2025-05-27 10:30:39 --> Unable to connect to the database.
Main connection [MySQLi]: Too many connections
#0 /www/wwwroot/sender.hubwale.in/vendor/codeigniter4/framework/system/Database/BaseConnection.php(577): CodeIgniter\Database\BaseConnection->initialize()
#1 /www/wwwroot/sender.hubwale.in/vendor/codeigniter4/framework/system/Database/BaseBuilder.php(1455): CodeIgniter\Database\BaseConnection->query()
#2 /www/wwwroot/sender.hubwale.in/app/Helpers/Common_helper.php(1441): CodeIgniter\Database\BaseBuilder->get()
#3 /www/wwwroot/sender.hubwale.in/app/Helpers/Common_helper.php(1345): db_get()
#4 /www/wwwroot/sender.hubwale.in/app/Helpers/Common_helper.php(1790): get_option()
#5 /www/wwwroot/sender.hubwale.in/inc/core/Home/Controllers/Home.php(7): parse_config()
#6 /www/wwwroot/sender.hubwale.in/vendor/codeigniter4/framework/system/CodeIgniter.php(809): Core\Home\Controllers\Home->__construct()
#7 /www/wwwroot/sender.hubwale.in/vendor/codeigniter4/framework/system/CodeIgniter.php(857): CodeIgniter\CodeIgniter->createController()
#8 /www/wwwroot/sender.hubwale.in/vendor/codeigniter4/framework/system/CodeIgniter.php(340): CodeIgniter\CodeIgniter->display404errors()
#9 /www/wwwroot/sender.hubwale.in/index.php(44): CodeIgniter\CodeIgniter->run()
#10 {main}
ERROR - 2025-05-27 10:31:10 --> Error connecting to the database: Too many connections
CRITICAL - 2025-05-27 10:31:10 --> Unable to connect to the database.
Main connection [MySQLi]: Too many connections
#0 /www/wwwroot/sender.hubwale.in/vendor/codeigniter4/framework/system/Database/MySQLi/Connection.php(332): CodeIgniter\Database\BaseConnection->initialize()
#1 /www/wwwroot/sender.hubwale.in/vendor/codeigniter4/framework/system/Database/BaseConnection.php(1226): CodeIgniter\Database\MySQLi\Connection->_escapeString()
#2 /www/wwwroot/sender.hubwale.in/app/Helpers/Common_helper.php(1369): CodeIgniter\Database\BaseConnection->escapeString()
#3 /www/wwwroot/sender.hubwale.in/app/Helpers/Common_helper.php(1429): escapeString()
#4 /www/wwwroot/sender.hubwale.in/app/Filters/MainFilter.php(62): db_get()
#5 /www/wwwroot/sender.hubwale.in/vendor/codeigniter4/framework/system/Filters/Filters.php(173): App\Filters\MainFilter->before()
#6 /www/wwwroot/sender.hubwale.in/vendor/codeigniter4/framework/system/CodeIgniter.php(393): CodeIgniter\Filters\Filters->run()
#7 /www/wwwroot/sender.hubwale.in/vendor/codeigniter4/framework/system/CodeIgniter.php(326): CodeIgniter\CodeIgniter->handleRequest()
#8 /www/wwwroot/sender.hubwale.in/index.php(44): CodeIgniter\CodeIgniter->run()
#9 {main}
ERROR - 2025-05-27 10:31:44 --> Error connecting to the database: Too many connections
CRITICAL - 2025-05-27 10:31:44 --> Unable to connect to the database.
Main connection [MySQLi]: Too many connections
#0 /www/wwwroot/sender.hubwale.in/vendor/codeigniter4/framework/system/Database/MySQLi/Connection.php(332): CodeIgniter\Database\BaseConnection->initialize()
#1 /www/wwwroot/sender.hubwale.in/vendor/codeigniter4/framework/system/Database/BaseConnection.php(1226): CodeIgniter\Database\MySQLi\Connection->_escapeString()
#2 /www/wwwroot/sender.hubwale.in/app/Helpers/Common_helper.php(1369): CodeIgniter\Database\BaseConnection->escapeString()
#3 /www/wwwroot/sender.hubwale.in/app/Helpers/Common_helper.php(1429): escapeString()
#4 /www/wwwroot/sender.hubwale.in/app/Filters/MainFilter.php(62): db_get()
#5 /www/wwwroot/sender.hubwale.in/vendor/codeigniter4/framework/system/Filters/Filters.php(173): App\Filters\MainFilter->before()
#6 /www/wwwroot/sender.hubwale.in/vendor/codeigniter4/framework/system/CodeIgniter.php(393): CodeIgniter\Filters\Filters->run()
#7 /www/wwwroot/sender.hubwale.in/vendor/codeigniter4/framework/system/CodeIgniter.php(326): CodeIgniter\CodeIgniter->handleRequest()
#8 /www/wwwroot/sender.hubwale.in/index.php(44): CodeIgniter\CodeIgniter->run()
#9 {main}
ERROR - 2025-05-27 10:31:45 --> Error connecting to the database: Too many connections
CRITICAL - 2025-05-27 10:31:45 --> Unable to connect to the database.
Main connection [MySQLi]: Too many connections
#0 /www/wwwroot/sender.hubwale.in/vendor/codeigniter4/framework/system/Database/BaseConnection.php(577): CodeIgniter\Database\BaseConnection->initialize()
#1 /www/wwwroot/sender.hubwale.in/vendor/codeigniter4/framework/system/Database/BaseBuilder.php(1455): CodeIgniter\Database\BaseConnection->query()
#2 /www/wwwroot/sender.hubwale.in/app/Helpers/Common_helper.php(1441): CodeIgniter\Database\BaseBuilder->get()
#3 /www/wwwroot/sender.hubwale.in/app/Helpers/Common_helper.php(1345): db_get()
#4 /www/wwwroot/sender.hubwale.in/app/Helpers/Common_helper.php(1790): get_option()
#5 /www/wwwroot/sender.hubwale.in/inc/core/Home/Controllers/Home.php(7): parse_config()
#6 /www/wwwroot/sender.hubwale.in/vendor/codeigniter4/framework/system/CodeIgniter.php(809): Core\Home\Controllers\Home->__construct()
#7 /www/wwwroot/sender.hubwale.in/vendor/codeigniter4/framework/system/CodeIgniter.php(857): CodeIgniter\CodeIgniter->createController()
#8 /www/wwwroot/sender.hubwale.in/vendor/codeigniter4/framework/system/CodeIgniter.php(340): CodeIgniter\CodeIgniter->display404errors()
#9 /www/wwwroot/sender.hubwale.in/index.php(44): CodeIgniter\CodeIgniter->run()
#10 {main}
ERROR - 2025-05-27 10:31:57 --> Error connecting to the database: Too many connections
CRITICAL - 2025-05-27 10:31:57 --> Unable to connect to the database.
Main connection [MySQLi]: Too many connections
#0 /www/wwwroot/sender.hubwale.in/vendor/codeigniter4/framework/system/Database/MySQLi/Connection.php(332): CodeIgniter\Database\BaseConnection->initialize()
#1 /www/wwwroot/sender.hubwale.in/vendor/codeigniter4/framework/system/Database/BaseConnection.php(1226): CodeIgniter\Database\MySQLi\Connection->_escapeString()
#2 /www/wwwroot/sender.hubwale.in/app/Helpers/Common_helper.php(1369): CodeIgniter\Database\BaseConnection->escapeString()
#3 /www/wwwroot/sender.hubwale.in/app/Helpers/Common_helper.php(1429): escapeString()
#4 /www/wwwroot/sender.hubwale.in/app/Filters/MainFilter.php(62): db_get()
#5 /www/wwwroot/sender.hubwale.in/vendor/codeigniter4/framework/system/Filters/Filters.php(173): App\Filters\MainFilter->before()
#6 /www/wwwroot/sender.hubwale.in/vendor/codeigniter4/framework/system/CodeIgniter.php(393): CodeIgniter\Filters\Filters->run()
#7 /www/wwwroot/sender.hubwale.in/vendor/codeigniter4/framework/system/CodeIgniter.php(326): CodeIgniter\CodeIgniter->handleRequest()
#8 /www/wwwroot/sender.hubwale.in/index.php(44): CodeIgniter\CodeIgniter->run()
#9 {main}
ERROR - 2025-05-27 10:31:57 --> Error connecting to the database: Too many connections
CRITICAL - 2025-05-27 10:31:57 --> Unable to connect to the database.
Main connection [MySQLi]: Too many connections
#0 /www/wwwroot/sender.hubwale.in/vendor/codeigniter4/framework/system/Database/BaseConnection.php(577): CodeIgniter\Database\BaseConnection->initialize()
#1 /www/wwwroot/sender.hubwale.in/vendor/codeigniter4/framework/system/Database/BaseBuilder.php(1455): CodeIgniter\Database\BaseConnection->query()
#2 /www/wwwroot/sender.hubwale.in/app/Helpers/Common_helper.php(1441): CodeIgniter\Database\BaseBuilder->get()
#3 /www/wwwroot/sender.hubwale.in/app/Filters/MainFilter.php(62): db_get()
#4 /www/wwwroot/sender.hubwale.in/vendor/codeigniter4/framework/system/Filters/Filters.php(173): App\Filters\MainFilter->before()
#5 /www/wwwroot/sender.hubwale.in/vendor/codeigniter4/framework/system/CodeIgniter.php(393): CodeIgniter\Filters\Filters->run()
#6 /www/wwwroot/sender.hubwale.in/vendor/codeigniter4/framework/system/CodeIgniter.php(326): CodeIgniter\CodeIgniter->handleRequest()
#7 /www/wwwroot/sender.hubwale.in/index.php(44): CodeIgniter\CodeIgniter->run()
#8 {main}
ERROR - 2025-05-27 10:31:57 --> Error connecting to the database: Too many connections
CRITICAL - 2025-05-27 10:31:57 --> Unable to connect to the database.
Main connection [MySQLi]: Too many connections
#0 /www/wwwroot/sender.hubwale.in/vendor/codeigniter4/framework/system/Database/BaseConnection.php(577): CodeIgniter\Database\BaseConnection->initialize()
#1 /www/wwwroot/sender.hubwale.in/vendor/codeigniter4/framework/system/Database/BaseBuilder.php(1455): CodeIgniter\Database\BaseConnection->query()
#2 /www/wwwroot/sender.hubwale.in/app/Helpers/Common_helper.php(1441): CodeIgniter\Database\BaseBuilder->get()
#3 /www/wwwroot/sender.hubwale.in/app/Filters/MainFilter.php(62): db_get()
#4 /www/wwwroot/sender.hubwale.in/vendor/codeigniter4/framework/system/Filters/Filters.php(173): App\Filters\MainFilter->before()
#5 /www/wwwroot/sender.hubwale.in/vendor/codeigniter4/framework/system/CodeIgniter.php(393): CodeIgniter\Filters\Filters->run()
#6 /www/wwwroot/sender.hubwale.in/vendor/codeigniter4/framework/system/CodeIgniter.php(326): CodeIgniter\CodeIgniter->handleRequest()
#7 /www/wwwroot/sender.hubwale.in/index.php(44): CodeIgniter\CodeIgniter->run()
#8 {main}
ERROR - 2025-05-27 10:31:58 --> Error connecting to the database: Too many connections
CRITICAL - 2025-05-27 10:31:58 --> Unable to connect to the database.
Main connection [MySQLi]: Too many connections
#0 /www/wwwroot/sender.hubwale.in/vendor/codeigniter4/framework/system/Database/BaseConnection.php(577): CodeIgniter\Database\BaseConnection->initialize()
#1 /www/wwwroot/sender.hubwale.in/vendor/codeigniter4/framework/system/Database/BaseBuilder.php(1455): CodeIgniter\Database\BaseConnection->query()
#2 /www/wwwroot/sender.hubwale.in/app/Helpers/Common_helper.php(1441): CodeIgniter\Database\BaseBuilder->get()
#3 /www/wwwroot/sender.hubwale.in/app/Helpers/Common_helper.php(1345): db_get()
#4 /www/wwwroot/sender.hubwale.in/app/Helpers/Common_helper.php(1790): get_option()
#5 /www/wwwroot/sender.hubwale.in/inc/core/Home/Controllers/Home.php(7): parse_config()
#6 /www/wwwroot/sender.hubwale.in/vendor/codeigniter4/framework/system/CodeIgniter.php(809): Core\Home\Controllers\Home->__construct()
#7 /www/wwwroot/sender.hubwale.in/vendor/codeigniter4/framework/system/CodeIgniter.php(857): CodeIgniter\CodeIgniter->createController()
#8 /www/wwwroot/sender.hubwale.in/vendor/codeigniter4/framework/system/CodeIgniter.php(340): CodeIgniter\CodeIgniter->display404errors()
#9 /www/wwwroot/sender.hubwale.in/index.php(44): CodeIgniter\CodeIgniter->run()
#10 {main}
ERROR - 2025-05-27 10:31:58 --> Error connecting to the database: Too many connections
CRITICAL - 2025-05-27 10:31:58 --> Unable to connect to the database.
Main connection [MySQLi]: Too many connections
#0 /www/wwwroot/sender.hubwale.in/vendor/codeigniter4/framework/system/Database/BaseConnection.php(577): CodeIgniter\Database\BaseConnection->initialize()
#1 /www/wwwroot/sender.hubwale.in/vendor/codeigniter4/framework/system/Database/BaseBuilder.php(1455): CodeIgniter\Database\BaseConnection->query()
#2 /www/wwwroot/sender.hubwale.in/app/Helpers/Common_helper.php(1441): CodeIgniter\Database\BaseBuilder->get()
#3 /www/wwwroot/sender.hubwale.in/app/Helpers/Common_helper.php(1345): db_get()
#4 /www/wwwroot/sender.hubwale.in/app/Helpers/Common_helper.php(1790): get_option()
#5 /www/wwwroot/sender.hubwale.in/inc/core/Home/Controllers/Home.php(7): parse_config()
#6 /www/wwwroot/sender.hubwale.in/vendor/codeigniter4/framework/system/CodeIgniter.php(809): Core\Home\Controllers\Home->__construct()
#7 /www/wwwroot/sender.hubwale.in/vendor/codeigniter4/framework/system/CodeIgniter.php(857): CodeIgniter\CodeIgniter->createController()
#8 /www/wwwroot/sender.hubwale.in/vendor/codeigniter4/framework/system/CodeIgniter.php(340): CodeIgniter\CodeIgniter->display404errors()
#9 /www/wwwroot/sender.hubwale.in/index.php(44): CodeIgniter\CodeIgniter->run()
#10 {main}
