CRITICAL - 2024-08-28 01:58:16 --> Undefined array key "data"
#0 /www/wwwroot/iaclicks.com/inc/plugins/Mercadopago/Controllers/Mercadopago.php(147): CodeIgniter\Debug\Exceptions->errorHandler()
#1 /www/wwwroot/iaclicks.com/vendor/codeigniter4/framework/system/CodeIgniter.php(832): Plugins\Mercadopago\Controllers\Mercadopago->success()
#2 /www/wwwroot/iaclicks.com/vendor/codeigniter4/framework/system/CodeIgniter.php(419): CodeIgniter\CodeIgniter->runController()
#3 /www/wwwroot/iaclicks.com/vendor/codeigniter4/framework/system/CodeIgniter.php(326): CodeIgniter\CodeIgniter->handleRequest()
#4 /www/wwwroot/iaclicks.com/index.php(44): CodeIgniter\CodeIgniter->run()
#5 {main}
CRITICAL - 2024-08-28 02:31:56 --> Undefined array key "data"
#0 /www/wwwroot/iaclicks.com/inc/plugins/Mercadopago/Controllers/Mercadopago.php(147): CodeIgniter\Debug\Exceptions->errorHandler()
#1 /www/wwwroot/iaclicks.com/vendor/codeigniter4/framework/system/CodeIgniter.php(832): Plugins\Mercadopago\Controllers\Mercadopago->success()
#2 /www/wwwroot/iaclicks.com/vendor/codeigniter4/framework/system/CodeIgniter.php(419): CodeIgniter\CodeIgniter->runController()
#3 /www/wwwroot/iaclicks.com/vendor/codeigniter4/framework/system/CodeIgniter.php(326): CodeIgniter\CodeIgniter->handleRequest()
#4 /www/wwwroot/iaclicks.com/index.php(44): CodeIgniter\CodeIgniter->run()
#5 {main}
CRITICAL - 2024-08-28 08:22:22 --> Undefined property: stdClass::$hash
#0 /www/wwwroot/iaclicks.com/inc/core/Whatsapp_evo_profiles/Controllers/Whatsapp_evo_profiles.php(128): CodeIgniter\Debug\Exceptions->errorHandler()
#1 /www/wwwroot/iaclicks.com/vendor/codeigniter4/framework/system/CodeIgniter.php(832): Core\Whatsapp_evo_profiles\Controllers\Whatsapp_evo_profiles->get_qrcode()
#2 /www/wwwroot/iaclicks.com/vendor/codeigniter4/framework/system/CodeIgniter.php(419): CodeIgniter\CodeIgniter->runController()
#3 /www/wwwroot/iaclicks.com/vendor/codeigniter4/framework/system/CodeIgniter.php(326): CodeIgniter\CodeIgniter->handleRequest()
#4 /www/wwwroot/iaclicks.com/index.php(44): CodeIgniter\CodeIgniter->run()
#5 {main}
ERROR - 2024-08-28 15:40:04 --> Duplicate entry '0' for key 'PRIMARY'
ERROR - 2024-08-28 15:40:48 --> Duplicate entry '0' for key 'PRIMARY'
