ERROR - 2025-06-20 08:32:44 --> Error connecting to the database: No such file or directory
CRITICAL - 2025-06-20 08:32:44 --> Unable to connect to the database.
Main connection [MySQLi]: No such file or directory
#0 /www/wwwroot/sender.hubwale.in/vendor/codeigniter4/framework/system/Database/BaseConnection.php(577): CodeIgniter\Database\BaseConnection->initialize()
#1 /www/wwwroot/sender.hubwale.in/vendor/codeigniter4/framework/system/Database/BaseBuilder.php(1455): CodeIgniter\Database\BaseConnection->query()
#2 /www/wwwroot/sender.hubwale.in/app/Helpers/Common_helper.php(1441): CodeIgniter\Database\BaseBuilder->get()
#3 /www/wwwroot/sender.hubwale.in/app/Helpers/Common_helper.php(1345): db_get()
#4 /www/wwwroot/sender.hubwale.in/app/Helpers/Common_helper.php(1790): get_option()
#5 /www/wwwroot/sender.hubwale.in/inc/core/Home/Controllers/Home.php(7): parse_config()
#6 /www/wwwroot/sender.hubwale.in/vendor/codeigniter4/framework/system/CodeIgniter.php(809): Core\Home\Controllers\Home->__construct()
#7 /www/wwwroot/sender.hubwale.in/vendor/codeigniter4/framework/system/CodeIgniter.php(857): CodeIgniter\CodeIgniter->createController()
#8 /www/wwwroot/sender.hubwale.in/vendor/codeigniter4/framework/system/CodeIgniter.php(340): CodeIgniter\CodeIgniter->display404errors()
#9 /www/wwwroot/sender.hubwale.in/index.php(44): CodeIgniter\CodeIgniter->run()
#10 {main}
ERROR - 2025-06-20 08:32:44 --> Error connecting to the database: No such file or directory
CRITICAL - 2025-06-20 08:32:44 --> Unable to connect to the database.
Main connection [MySQLi]: No such file or directory
#0 /www/wwwroot/sender.hubwale.in/vendor/codeigniter4/framework/system/Database/MySQLi/Connection.php(332): CodeIgniter\Database\BaseConnection->initialize()
#1 /www/wwwroot/sender.hubwale.in/vendor/codeigniter4/framework/system/Database/BaseConnection.php(1226): CodeIgniter\Database\MySQLi\Connection->_escapeString()
#2 /www/wwwroot/sender.hubwale.in/app/Helpers/Common_helper.php(1369): CodeIgniter\Database\BaseConnection->escapeString()
#3 /www/wwwroot/sender.hubwale.in/app/Helpers/Common_helper.php(1429): escapeString()
#4 /www/wwwroot/sender.hubwale.in/app/Filters/MainFilter.php(62): db_get()
#5 /www/wwwroot/sender.hubwale.in/vendor/codeigniter4/framework/system/Filters/Filters.php(173): App\Filters\MainFilter->before()
#6 /www/wwwroot/sender.hubwale.in/vendor/codeigniter4/framework/system/CodeIgniter.php(393): CodeIgniter\Filters\Filters->run()
#7 /www/wwwroot/sender.hubwale.in/vendor/codeigniter4/framework/system/CodeIgniter.php(326): CodeIgniter\CodeIgniter->handleRequest()
#8 /www/wwwroot/sender.hubwale.in/index.php(44): CodeIgniter\CodeIgniter->run()
#9 {main}
ERROR - 2025-06-20 08:32:44 --> Error connecting to the database: No such file or directory
CRITICAL - 2025-06-20 08:32:44 --> Unable to connect to the database.
Main connection [MySQLi]: No such file or directory
#0 /www/wwwroot/sender.hubwale.in/vendor/codeigniter4/framework/system/Database/BaseConnection.php(577): CodeIgniter\Database\BaseConnection->initialize()
#1 /www/wwwroot/sender.hubwale.in/vendor/codeigniter4/framework/system/Database/BaseBuilder.php(1455): CodeIgniter\Database\BaseConnection->query()
#2 /www/wwwroot/sender.hubwale.in/app/Helpers/Common_helper.php(1441): CodeIgniter\Database\BaseBuilder->get()
#3 /www/wwwroot/sender.hubwale.in/app/Helpers/Common_helper.php(1345): db_get()
#4 /www/wwwroot/sender.hubwale.in/app/Helpers/Common_helper.php(1790): get_option()
#5 /www/wwwroot/sender.hubwale.in/inc/core/Home/Controllers/Home.php(7): parse_config()
#6 /www/wwwroot/sender.hubwale.in/vendor/codeigniter4/framework/system/CodeIgniter.php(809): Core\Home\Controllers\Home->__construct()
#7 /www/wwwroot/sender.hubwale.in/vendor/codeigniter4/framework/system/CodeIgniter.php(857): CodeIgniter\CodeIgniter->createController()
#8 /www/wwwroot/sender.hubwale.in/vendor/codeigniter4/framework/system/CodeIgniter.php(340): CodeIgniter\CodeIgniter->display404errors()
#9 /www/wwwroot/sender.hubwale.in/index.php(44): CodeIgniter\CodeIgniter->run()
#10 {main}
ERROR - 2025-06-20 08:32:46 --> Error connecting to the database: No such file or directory
CRITICAL - 2025-06-20 08:32:46 --> Unable to connect to the database.
Main connection [MySQLi]: No such file or directory
#0 /www/wwwroot/sender.hubwale.in/vendor/codeigniter4/framework/system/Database/MySQLi/Connection.php(332): CodeIgniter\Database\BaseConnection->initialize()
#1 /www/wwwroot/sender.hubwale.in/vendor/codeigniter4/framework/system/Database/BaseConnection.php(1226): CodeIgniter\Database\MySQLi\Connection->_escapeString()
#2 /www/wwwroot/sender.hubwale.in/app/Helpers/Common_helper.php(1369): CodeIgniter\Database\BaseConnection->escapeString()
#3 /www/wwwroot/sender.hubwale.in/app/Helpers/Common_helper.php(1429): escapeString()
#4 /www/wwwroot/sender.hubwale.in/app/Filters/MainFilter.php(62): db_get()
#5 /www/wwwroot/sender.hubwale.in/vendor/codeigniter4/framework/system/Filters/Filters.php(173): App\Filters\MainFilter->before()
#6 /www/wwwroot/sender.hubwale.in/vendor/codeigniter4/framework/system/CodeIgniter.php(393): CodeIgniter\Filters\Filters->run()
#7 /www/wwwroot/sender.hubwale.in/vendor/codeigniter4/framework/system/CodeIgniter.php(326): CodeIgniter\CodeIgniter->handleRequest()
#8 /www/wwwroot/sender.hubwale.in/index.php(44): CodeIgniter\CodeIgniter->run()
#9 {main}
ERROR - 2025-06-20 08:32:47 --> Error connecting to the database: No such file or directory
CRITICAL - 2025-06-20 08:32:47 --> Unable to connect to the database.
Main connection [MySQLi]: No such file or directory
#0 /www/wwwroot/sender.hubwale.in/vendor/codeigniter4/framework/system/Database/BaseConnection.php(577): CodeIgniter\Database\BaseConnection->initialize()
#1 /www/wwwroot/sender.hubwale.in/vendor/codeigniter4/framework/system/Database/BaseBuilder.php(1455): CodeIgniter\Database\BaseConnection->query()
#2 /www/wwwroot/sender.hubwale.in/app/Helpers/Common_helper.php(1441): CodeIgniter\Database\BaseBuilder->get()
#3 /www/wwwroot/sender.hubwale.in/app/Helpers/Common_helper.php(1345): db_get()
#4 /www/wwwroot/sender.hubwale.in/app/Helpers/Common_helper.php(1790): get_option()
#5 /www/wwwroot/sender.hubwale.in/inc/core/Home/Controllers/Home.php(7): parse_config()
#6 /www/wwwroot/sender.hubwale.in/vendor/codeigniter4/framework/system/CodeIgniter.php(809): Core\Home\Controllers\Home->__construct()
#7 /www/wwwroot/sender.hubwale.in/vendor/codeigniter4/framework/system/CodeIgniter.php(857): CodeIgniter\CodeIgniter->createController()
#8 /www/wwwroot/sender.hubwale.in/vendor/codeigniter4/framework/system/CodeIgniter.php(340): CodeIgniter\CodeIgniter->display404errors()
#9 /www/wwwroot/sender.hubwale.in/index.php(44): CodeIgniter\CodeIgniter->run()
#10 {main}
