CRITICAL - 2024-09-21 12:28:55 --> Undefined array key "access_token"
#0 /www/wwwroot/iaclicks.com/inc/core/Whatsapp_api/Controllers/Whatsapp_api.php(160): CodeIgniter\Debug\Exceptions->errorHandler()
#1 /www/wwwroot/iaclicks.com/vendor/codeigniter4/framework/system/CodeIgniter.php(832): Core\Whatsapp_api\Controllers\Whatsapp_api->send_pedido()
#2 /www/wwwroot/iaclicks.com/vendor/codeigniter4/framework/system/CodeIgniter.php(419): CodeIgniter\CodeIgniter->runController()
#3 /www/wwwroot/iaclicks.com/vendor/codeigniter4/framework/system/CodeIgniter.php(326): CodeIgniter\CodeIgniter->handleRequest()
#4 /www/wwwroot/iaclicks.com/index.php(44): CodeIgniter\CodeIgniter->run()
#5 {main}
CRITICAL - 2024-09-21 12:29:00 --> Undefined array key "access_token"
#0 /www/wwwroot/iaclicks.com/inc/core/Whatsapp_api/Controllers/Whatsapp_api.php(160): CodeIgniter\Debug\Exceptions->errorHandler()
#1 /www/wwwroot/iaclicks.com/vendor/codeigniter4/framework/system/CodeIgniter.php(832): Core\Whatsapp_api\Controllers\Whatsapp_api->send_pedido()
#2 /www/wwwroot/iaclicks.com/vendor/codeigniter4/framework/system/CodeIgniter.php(419): CodeIgniter\CodeIgniter->runController()
#3 /www/wwwroot/iaclicks.com/vendor/codeigniter4/framework/system/CodeIgniter.php(326): CodeIgniter\CodeIgniter->handleRequest()
#4 /www/wwwroot/iaclicks.com/index.php(44): CodeIgniter\CodeIgniter->run()
#5 {main}
CRITICAL - 2024-09-21 13:06:08 --> Undefined array key "access_token"
#0 /www/wwwroot/iaclicks.com/inc/core/Whatsapp_api/Controllers/Whatsapp_api.php(160): CodeIgniter\Debug\Exceptions->errorHandler()
#1 /www/wwwroot/iaclicks.com/vendor/codeigniter4/framework/system/CodeIgniter.php(832): Core\Whatsapp_api\Controllers\Whatsapp_api->send_pedido()
#2 /www/wwwroot/iaclicks.com/vendor/codeigniter4/framework/system/CodeIgniter.php(419): CodeIgniter\CodeIgniter->runController()
#3 /www/wwwroot/iaclicks.com/vendor/codeigniter4/framework/system/CodeIgniter.php(326): CodeIgniter\CodeIgniter->handleRequest()
#4 /www/wwwroot/iaclicks.com/index.php(44): CodeIgniter\CodeIgniter->run()
#5 {main}
CRITICAL - 2024-09-21 13:06:11 --> Undefined array key "access_token"
#0 /www/wwwroot/iaclicks.com/inc/core/Whatsapp_api/Controllers/Whatsapp_api.php(160): CodeIgniter\Debug\Exceptions->errorHandler()
#1 /www/wwwroot/iaclicks.com/vendor/codeigniter4/framework/system/CodeIgniter.php(832): Core\Whatsapp_api\Controllers\Whatsapp_api->send_pedido()
#2 /www/wwwroot/iaclicks.com/vendor/codeigniter4/framework/system/CodeIgniter.php(419): CodeIgniter\CodeIgniter->runController()
#3 /www/wwwroot/iaclicks.com/vendor/codeigniter4/framework/system/CodeIgniter.php(326): CodeIgniter\CodeIgniter->handleRequest()
#4 /www/wwwroot/iaclicks.com/index.php(44): CodeIgniter\CodeIgniter->run()
#5 {main}
CRITICAL - 2024-09-21 13:22:34 --> Undefined array key "access_token"
#0 /www/wwwroot/iaclicks.com/inc/core/Whatsapp_api/Controllers/Whatsapp_api.php(160): CodeIgniter\Debug\Exceptions->errorHandler()
#1 /www/wwwroot/iaclicks.com/vendor/codeigniter4/framework/system/CodeIgniter.php(832): Core\Whatsapp_api\Controllers\Whatsapp_api->send_pedido()
#2 /www/wwwroot/iaclicks.com/vendor/codeigniter4/framework/system/CodeIgniter.php(419): CodeIgniter\CodeIgniter->runController()
#3 /www/wwwroot/iaclicks.com/vendor/codeigniter4/framework/system/CodeIgniter.php(326): CodeIgniter\CodeIgniter->handleRequest()
#4 /www/wwwroot/iaclicks.com/index.php(44): CodeIgniter\CodeIgniter->run()
#5 {main}
CRITICAL - 2024-09-21 13:22:36 --> Undefined array key "access_token"
#0 /www/wwwroot/iaclicks.com/inc/core/Whatsapp_api/Controllers/Whatsapp_api.php(160): CodeIgniter\Debug\Exceptions->errorHandler()
#1 /www/wwwroot/iaclicks.com/vendor/codeigniter4/framework/system/CodeIgniter.php(832): Core\Whatsapp_api\Controllers\Whatsapp_api->send_pedido()
#2 /www/wwwroot/iaclicks.com/vendor/codeigniter4/framework/system/CodeIgniter.php(419): CodeIgniter\CodeIgniter->runController()
#3 /www/wwwroot/iaclicks.com/vendor/codeigniter4/framework/system/CodeIgniter.php(326): CodeIgniter\CodeIgniter->handleRequest()
#4 /www/wwwroot/iaclicks.com/index.php(44): CodeIgniter\CodeIgniter->run()
#5 {main}
CRITICAL - 2024-09-21 13:33:34 --> Undefined array key "access_token"
#0 /www/wwwroot/iaclicks.com/inc/core/Whatsapp_api/Controllers/Whatsapp_api.php(160): CodeIgniter\Debug\Exceptions->errorHandler()
#1 /www/wwwroot/iaclicks.com/vendor/codeigniter4/framework/system/CodeIgniter.php(832): Core\Whatsapp_api\Controllers\Whatsapp_api->send_pedido()
#2 /www/wwwroot/iaclicks.com/vendor/codeigniter4/framework/system/CodeIgniter.php(419): CodeIgniter\CodeIgniter->runController()
#3 /www/wwwroot/iaclicks.com/vendor/codeigniter4/framework/system/CodeIgniter.php(326): CodeIgniter\CodeIgniter->handleRequest()
#4 /www/wwwroot/iaclicks.com/index.php(44): CodeIgniter\CodeIgniter->run()
#5 {main}
CRITICAL - 2024-09-21 13:33:35 --> Undefined array key "access_token"
#0 /www/wwwroot/iaclicks.com/inc/core/Whatsapp_api/Controllers/Whatsapp_api.php(160): CodeIgniter\Debug\Exceptions->errorHandler()
#1 /www/wwwroot/iaclicks.com/vendor/codeigniter4/framework/system/CodeIgniter.php(832): Core\Whatsapp_api\Controllers\Whatsapp_api->send_pedido()
#2 /www/wwwroot/iaclicks.com/vendor/codeigniter4/framework/system/CodeIgniter.php(419): CodeIgniter\CodeIgniter->runController()
#3 /www/wwwroot/iaclicks.com/vendor/codeigniter4/framework/system/CodeIgniter.php(326): CodeIgniter\CodeIgniter->handleRequest()
#4 /www/wwwroot/iaclicks.com/index.php(44): CodeIgniter\CodeIgniter->run()
#5 {main}
CRITICAL - 2024-09-21 13:34:34 --> Undefined array key "access_token"
#0 /www/wwwroot/iaclicks.com/inc/core/Whatsapp_api/Controllers/Whatsapp_api.php(160): CodeIgniter\Debug\Exceptions->errorHandler()
#1 /www/wwwroot/iaclicks.com/vendor/codeigniter4/framework/system/CodeIgniter.php(832): Core\Whatsapp_api\Controllers\Whatsapp_api->send_pedido()
#2 /www/wwwroot/iaclicks.com/vendor/codeigniter4/framework/system/CodeIgniter.php(419): CodeIgniter\CodeIgniter->runController()
#3 /www/wwwroot/iaclicks.com/vendor/codeigniter4/framework/system/CodeIgniter.php(326): CodeIgniter\CodeIgniter->handleRequest()
#4 /www/wwwroot/iaclicks.com/index.php(44): CodeIgniter\CodeIgniter->run()
#5 {main}
CRITICAL - 2024-09-21 14:21:14 --> Undefined array key "access_token"
#0 /www/wwwroot/iaclicks.com/inc/core/Whatsapp_api/Controllers/Whatsapp_api.php(160): CodeIgniter\Debug\Exceptions->errorHandler()
#1 /www/wwwroot/iaclicks.com/vendor/codeigniter4/framework/system/CodeIgniter.php(832): Core\Whatsapp_api\Controllers\Whatsapp_api->send_pedido()
#2 /www/wwwroot/iaclicks.com/vendor/codeigniter4/framework/system/CodeIgniter.php(419): CodeIgniter\CodeIgniter->runController()
#3 /www/wwwroot/iaclicks.com/vendor/codeigniter4/framework/system/CodeIgniter.php(326): CodeIgniter\CodeIgniter->handleRequest()
#4 /www/wwwroot/iaclicks.com/index.php(44): CodeIgniter\CodeIgniter->run()
#5 {main}
CRITICAL - 2024-09-21 14:21:16 --> Undefined array key "access_token"
#0 /www/wwwroot/iaclicks.com/inc/core/Whatsapp_api/Controllers/Whatsapp_api.php(160): CodeIgniter\Debug\Exceptions->errorHandler()
#1 /www/wwwroot/iaclicks.com/vendor/codeigniter4/framework/system/CodeIgniter.php(832): Core\Whatsapp_api\Controllers\Whatsapp_api->send_pedido()
#2 /www/wwwroot/iaclicks.com/vendor/codeigniter4/framework/system/CodeIgniter.php(419): CodeIgniter\CodeIgniter->runController()
#3 /www/wwwroot/iaclicks.com/vendor/codeigniter4/framework/system/CodeIgniter.php(326): CodeIgniter\CodeIgniter->handleRequest()
#4 /www/wwwroot/iaclicks.com/index.php(44): CodeIgniter\CodeIgniter->run()
#5 {main}
CRITICAL - 2024-09-21 14:22:17 --> Undefined array key "access_token"
#0 /www/wwwroot/iaclicks.com/inc/core/Whatsapp_api/Controllers/Whatsapp_api.php(160): CodeIgniter\Debug\Exceptions->errorHandler()
#1 /www/wwwroot/iaclicks.com/vendor/codeigniter4/framework/system/CodeIgniter.php(832): Core\Whatsapp_api\Controllers\Whatsapp_api->send_pedido()
#2 /www/wwwroot/iaclicks.com/vendor/codeigniter4/framework/system/CodeIgniter.php(419): CodeIgniter\CodeIgniter->runController()
#3 /www/wwwroot/iaclicks.com/vendor/codeigniter4/framework/system/CodeIgniter.php(326): CodeIgniter\CodeIgniter->handleRequest()
#4 /www/wwwroot/iaclicks.com/index.php(44): CodeIgniter\CodeIgniter->run()
#5 {main}
CRITICAL - 2024-09-21 14:33:55 --> Undefined array key "access_token"
#0 /www/wwwroot/iaclicks.com/inc/core/Whatsapp_api/Controllers/Whatsapp_api.php(160): CodeIgniter\Debug\Exceptions->errorHandler()
#1 /www/wwwroot/iaclicks.com/vendor/codeigniter4/framework/system/CodeIgniter.php(832): Core\Whatsapp_api\Controllers\Whatsapp_api->send_pedido()
#2 /www/wwwroot/iaclicks.com/vendor/codeigniter4/framework/system/CodeIgniter.php(419): CodeIgniter\CodeIgniter->runController()
#3 /www/wwwroot/iaclicks.com/vendor/codeigniter4/framework/system/CodeIgniter.php(326): CodeIgniter\CodeIgniter->handleRequest()
#4 /www/wwwroot/iaclicks.com/index.php(44): CodeIgniter\CodeIgniter->run()
#5 {main}
CRITICAL - 2024-09-21 14:33:56 --> Undefined array key "access_token"
#0 /www/wwwroot/iaclicks.com/inc/core/Whatsapp_api/Controllers/Whatsapp_api.php(160): CodeIgniter\Debug\Exceptions->errorHandler()
#1 /www/wwwroot/iaclicks.com/vendor/codeigniter4/framework/system/CodeIgniter.php(832): Core\Whatsapp_api\Controllers\Whatsapp_api->send_pedido()
#2 /www/wwwroot/iaclicks.com/vendor/codeigniter4/framework/system/CodeIgniter.php(419): CodeIgniter\CodeIgniter->runController()
#3 /www/wwwroot/iaclicks.com/vendor/codeigniter4/framework/system/CodeIgniter.php(326): CodeIgniter\CodeIgniter->handleRequest()
#4 /www/wwwroot/iaclicks.com/index.php(44): CodeIgniter\CodeIgniter->run()
#5 {main}
CRITICAL - 2024-09-21 14:35:11 --> Undefined array key "access_token"
#0 /www/wwwroot/iaclicks.com/inc/core/Whatsapp_api/Controllers/Whatsapp_api.php(160): CodeIgniter\Debug\Exceptions->errorHandler()
#1 /www/wwwroot/iaclicks.com/vendor/codeigniter4/framework/system/CodeIgniter.php(832): Core\Whatsapp_api\Controllers\Whatsapp_api->send_pedido()
#2 /www/wwwroot/iaclicks.com/vendor/codeigniter4/framework/system/CodeIgniter.php(419): CodeIgniter\CodeIgniter->runController()
#3 /www/wwwroot/iaclicks.com/vendor/codeigniter4/framework/system/CodeIgniter.php(326): CodeIgniter\CodeIgniter->handleRequest()
#4 /www/wwwroot/iaclicks.com/index.php(44): CodeIgniter\CodeIgniter->run()
#5 {main}
CRITICAL - 2024-09-21 14:45:15 --> Undefined array key "access_token"
#0 /www/wwwroot/iaclicks.com/inc/core/Whatsapp_api/Controllers/Whatsapp_api.php(160): CodeIgniter\Debug\Exceptions->errorHandler()
#1 /www/wwwroot/iaclicks.com/vendor/codeigniter4/framework/system/CodeIgniter.php(832): Core\Whatsapp_api\Controllers\Whatsapp_api->send_pedido()
#2 /www/wwwroot/iaclicks.com/vendor/codeigniter4/framework/system/CodeIgniter.php(419): CodeIgniter\CodeIgniter->runController()
#3 /www/wwwroot/iaclicks.com/vendor/codeigniter4/framework/system/CodeIgniter.php(326): CodeIgniter\CodeIgniter->handleRequest()
#4 /www/wwwroot/iaclicks.com/index.php(44): CodeIgniter\CodeIgniter->run()
#5 {main}
CRITICAL - 2024-09-21 14:45:17 --> Undefined array key "access_token"
#0 /www/wwwroot/iaclicks.com/inc/core/Whatsapp_api/Controllers/Whatsapp_api.php(160): CodeIgniter\Debug\Exceptions->errorHandler()
#1 /www/wwwroot/iaclicks.com/vendor/codeigniter4/framework/system/CodeIgniter.php(832): Core\Whatsapp_api\Controllers\Whatsapp_api->send_pedido()
#2 /www/wwwroot/iaclicks.com/vendor/codeigniter4/framework/system/CodeIgniter.php(419): CodeIgniter\CodeIgniter->runController()
#3 /www/wwwroot/iaclicks.com/vendor/codeigniter4/framework/system/CodeIgniter.php(326): CodeIgniter\CodeIgniter->handleRequest()
#4 /www/wwwroot/iaclicks.com/index.php(44): CodeIgniter\CodeIgniter->run()
#5 {main}
CRITICAL - 2024-09-21 14:47:14 --> Undefined array key "access_token"
#0 /www/wwwroot/iaclicks.com/inc/core/Whatsapp_api/Controllers/Whatsapp_api.php(160): CodeIgniter\Debug\Exceptions->errorHandler()
#1 /www/wwwroot/iaclicks.com/vendor/codeigniter4/framework/system/CodeIgniter.php(832): Core\Whatsapp_api\Controllers\Whatsapp_api->send_pedido()
#2 /www/wwwroot/iaclicks.com/vendor/codeigniter4/framework/system/CodeIgniter.php(419): CodeIgniter\CodeIgniter->runController()
#3 /www/wwwroot/iaclicks.com/vendor/codeigniter4/framework/system/CodeIgniter.php(326): CodeIgniter\CodeIgniter->handleRequest()
#4 /www/wwwroot/iaclicks.com/index.php(44): CodeIgniter\CodeIgniter->run()
#5 {main}
CRITICAL - 2024-09-21 14:49:38 --> Undefined array key "access_token"
#0 /www/wwwroot/iaclicks.com/inc/core/Whatsapp_api/Controllers/Whatsapp_api.php(160): CodeIgniter\Debug\Exceptions->errorHandler()
#1 /www/wwwroot/iaclicks.com/vendor/codeigniter4/framework/system/CodeIgniter.php(832): Core\Whatsapp_api\Controllers\Whatsapp_api->send_pedido()
#2 /www/wwwroot/iaclicks.com/vendor/codeigniter4/framework/system/CodeIgniter.php(419): CodeIgniter\CodeIgniter->runController()
#3 /www/wwwroot/iaclicks.com/vendor/codeigniter4/framework/system/CodeIgniter.php(326): CodeIgniter\CodeIgniter->handleRequest()
#4 /www/wwwroot/iaclicks.com/index.php(44): CodeIgniter\CodeIgniter->run()
#5 {main}
CRITICAL - 2024-09-21 14:49:40 --> Undefined array key "access_token"
#0 /www/wwwroot/iaclicks.com/inc/core/Whatsapp_api/Controllers/Whatsapp_api.php(160): CodeIgniter\Debug\Exceptions->errorHandler()
#1 /www/wwwroot/iaclicks.com/vendor/codeigniter4/framework/system/CodeIgniter.php(832): Core\Whatsapp_api\Controllers\Whatsapp_api->send_pedido()
#2 /www/wwwroot/iaclicks.com/vendor/codeigniter4/framework/system/CodeIgniter.php(419): CodeIgniter\CodeIgniter->runController()
#3 /www/wwwroot/iaclicks.com/vendor/codeigniter4/framework/system/CodeIgniter.php(326): CodeIgniter\CodeIgniter->handleRequest()
#4 /www/wwwroot/iaclicks.com/index.php(44): CodeIgniter\CodeIgniter->run()
#5 {main}
CRITICAL - 2024-09-21 14:50:35 --> Undefined array key "access_token"
#0 /www/wwwroot/iaclicks.com/inc/core/Whatsapp_api/Controllers/Whatsapp_api.php(160): CodeIgniter\Debug\Exceptions->errorHandler()
#1 /www/wwwroot/iaclicks.com/vendor/codeigniter4/framework/system/CodeIgniter.php(832): Core\Whatsapp_api\Controllers\Whatsapp_api->send_pedido()
#2 /www/wwwroot/iaclicks.com/vendor/codeigniter4/framework/system/CodeIgniter.php(419): CodeIgniter\CodeIgniter->runController()
#3 /www/wwwroot/iaclicks.com/vendor/codeigniter4/framework/system/CodeIgniter.php(326): CodeIgniter\CodeIgniter->handleRequest()
#4 /www/wwwroot/iaclicks.com/index.php(44): CodeIgniter\CodeIgniter->run()
#5 {main}
CRITICAL - 2024-09-21 15:31:32 --> Undefined array key "access_token"
#0 /www/wwwroot/iaclicks.com/inc/core/Whatsapp_api/Controllers/Whatsapp_api.php(160): CodeIgniter\Debug\Exceptions->errorHandler()
#1 /www/wwwroot/iaclicks.com/vendor/codeigniter4/framework/system/CodeIgniter.php(832): Core\Whatsapp_api\Controllers\Whatsapp_api->send_pedido()
#2 /www/wwwroot/iaclicks.com/vendor/codeigniter4/framework/system/CodeIgniter.php(419): CodeIgniter\CodeIgniter->runController()
#3 /www/wwwroot/iaclicks.com/vendor/codeigniter4/framework/system/CodeIgniter.php(326): CodeIgniter\CodeIgniter->handleRequest()
#4 /www/wwwroot/iaclicks.com/index.php(44): CodeIgniter\CodeIgniter->run()
#5 {main}
CRITICAL - 2024-09-21 15:31:34 --> Undefined array key "access_token"
#0 /www/wwwroot/iaclicks.com/inc/core/Whatsapp_api/Controllers/Whatsapp_api.php(160): CodeIgniter\Debug\Exceptions->errorHandler()
#1 /www/wwwroot/iaclicks.com/vendor/codeigniter4/framework/system/CodeIgniter.php(832): Core\Whatsapp_api\Controllers\Whatsapp_api->send_pedido()
#2 /www/wwwroot/iaclicks.com/vendor/codeigniter4/framework/system/CodeIgniter.php(419): CodeIgniter\CodeIgniter->runController()
#3 /www/wwwroot/iaclicks.com/vendor/codeigniter4/framework/system/CodeIgniter.php(326): CodeIgniter\CodeIgniter->handleRequest()
#4 /www/wwwroot/iaclicks.com/index.php(44): CodeIgniter\CodeIgniter->run()
#5 {main}
CRITICAL - 2024-09-21 15:32:03 --> Undefined array key "access_token"
#0 /www/wwwroot/iaclicks.com/inc/core/Whatsapp_api/Controllers/Whatsapp_api.php(160): CodeIgniter\Debug\Exceptions->errorHandler()
#1 /www/wwwroot/iaclicks.com/vendor/codeigniter4/framework/system/CodeIgniter.php(832): Core\Whatsapp_api\Controllers\Whatsapp_api->send_pedido()
#2 /www/wwwroot/iaclicks.com/vendor/codeigniter4/framework/system/CodeIgniter.php(419): CodeIgniter\CodeIgniter->runController()
#3 /www/wwwroot/iaclicks.com/vendor/codeigniter4/framework/system/CodeIgniter.php(326): CodeIgniter\CodeIgniter->handleRequest()
#4 /www/wwwroot/iaclicks.com/index.php(44): CodeIgniter\CodeIgniter->run()
#5 {main}
CRITICAL - 2024-09-21 15:32:04 --> Undefined array key "access_token"
#0 /www/wwwroot/iaclicks.com/inc/core/Whatsapp_api/Controllers/Whatsapp_api.php(160): CodeIgniter\Debug\Exceptions->errorHandler()
#1 /www/wwwroot/iaclicks.com/vendor/codeigniter4/framework/system/CodeIgniter.php(832): Core\Whatsapp_api\Controllers\Whatsapp_api->send_pedido()
#2 /www/wwwroot/iaclicks.com/vendor/codeigniter4/framework/system/CodeIgniter.php(419): CodeIgniter\CodeIgniter->runController()
#3 /www/wwwroot/iaclicks.com/vendor/codeigniter4/framework/system/CodeIgniter.php(326): CodeIgniter\CodeIgniter->handleRequest()
#4 /www/wwwroot/iaclicks.com/index.php(44): CodeIgniter\CodeIgniter->run()
#5 {main}
CRITICAL - 2024-09-21 15:33:14 --> Undefined array key "access_token"
#0 /www/wwwroot/iaclicks.com/inc/core/Whatsapp_api/Controllers/Whatsapp_api.php(160): CodeIgniter\Debug\Exceptions->errorHandler()
#1 /www/wwwroot/iaclicks.com/vendor/codeigniter4/framework/system/CodeIgniter.php(832): Core\Whatsapp_api\Controllers\Whatsapp_api->send_pedido()
#2 /www/wwwroot/iaclicks.com/vendor/codeigniter4/framework/system/CodeIgniter.php(419): CodeIgniter\CodeIgniter->runController()
#3 /www/wwwroot/iaclicks.com/vendor/codeigniter4/framework/system/CodeIgniter.php(326): CodeIgniter\CodeIgniter->handleRequest()
#4 /www/wwwroot/iaclicks.com/index.php(44): CodeIgniter\CodeIgniter->run()
#5 {main}
CRITICAL - 2024-09-21 15:33:19 --> Undefined array key "access_token"
#0 /www/wwwroot/iaclicks.com/inc/core/Whatsapp_api/Controllers/Whatsapp_api.php(160): CodeIgniter\Debug\Exceptions->errorHandler()
#1 /www/wwwroot/iaclicks.com/vendor/codeigniter4/framework/system/CodeIgniter.php(832): Core\Whatsapp_api\Controllers\Whatsapp_api->send_pedido()
#2 /www/wwwroot/iaclicks.com/vendor/codeigniter4/framework/system/CodeIgniter.php(419): CodeIgniter\CodeIgniter->runController()
#3 /www/wwwroot/iaclicks.com/vendor/codeigniter4/framework/system/CodeIgniter.php(326): CodeIgniter\CodeIgniter->handleRequest()
#4 /www/wwwroot/iaclicks.com/index.php(44): CodeIgniter\CodeIgniter->run()
#5 {main}
CRITICAL - 2024-09-21 16:26:26 --> Undefined array key "access_token"
#0 /www/wwwroot/iaclicks.com/inc/core/Whatsapp_api/Controllers/Whatsapp_api.php(160): CodeIgniter\Debug\Exceptions->errorHandler()
#1 /www/wwwroot/iaclicks.com/vendor/codeigniter4/framework/system/CodeIgniter.php(832): Core\Whatsapp_api\Controllers\Whatsapp_api->send_pedido()
#2 /www/wwwroot/iaclicks.com/vendor/codeigniter4/framework/system/CodeIgniter.php(419): CodeIgniter\CodeIgniter->runController()
#3 /www/wwwroot/iaclicks.com/vendor/codeigniter4/framework/system/CodeIgniter.php(326): CodeIgniter\CodeIgniter->handleRequest()
#4 /www/wwwroot/iaclicks.com/index.php(44): CodeIgniter\CodeIgniter->run()
#5 {main}
