ERROR - 2025-05-30 11:02:45 --> Error connecting to the database: Too many connections
CRITICAL - 2025-05-30 11:02:45 --> Unable to connect to the database.
Main connection [MySQLi]: Too many connections
#0 /www/wwwroot/sender.hubwale.in/vendor/codeigniter4/framework/system/Database/MySQLi/Connection.php(332): CodeIgniter\Database\BaseConnection->initialize()
#1 /www/wwwroot/sender.hubwale.in/vendor/codeigniter4/framework/system/Database/BaseConnection.php(1226): CodeIgniter\Database\MySQLi\Connection->_escapeString()
#2 /www/wwwroot/sender.hubwale.in/app/Helpers/Common_helper.php(1369): CodeIgniter\Database\BaseConnection->escapeString()
#3 /www/wwwroot/sender.hubwale.in/app/Helpers/Common_helper.php(1429): escapeString()
#4 /www/wwwroot/sender.hubwale.in/app/Filters/MainFilter.php(62): db_get()
#5 /www/wwwroot/sender.hubwale.in/vendor/codeigniter4/framework/system/Filters/Filters.php(173): App\Filters\MainFilter->before()
#6 /www/wwwroot/sender.hubwale.in/vendor/codeigniter4/framework/system/CodeIgniter.php(393): CodeIgniter\Filters\Filters->run()
#7 /www/wwwroot/sender.hubwale.in/vendor/codeigniter4/framework/system/CodeIgniter.php(326): CodeIgniter\CodeIgniter->handleRequest()
#8 /www/wwwroot/sender.hubwale.in/index.php(44): CodeIgniter\CodeIgniter->run()
#9 {main}
ERROR - 2025-05-30 11:03:55 --> Error connecting to the database: Too many connections
CRITICAL - 2025-05-30 11:03:55 --> Unable to connect to the database.
Main connection [MySQLi]: Too many connections
#0 /www/wwwroot/sender.hubwale.in/vendor/codeigniter4/framework/system/Database/MySQLi/Connection.php(332): CodeIgniter\Database\BaseConnection->initialize()
#1 /www/wwwroot/sender.hubwale.in/vendor/codeigniter4/framework/system/Database/BaseConnection.php(1226): CodeIgniter\Database\MySQLi\Connection->_escapeString()
#2 /www/wwwroot/sender.hubwale.in/app/Helpers/Common_helper.php(1369): CodeIgniter\Database\BaseConnection->escapeString()
#3 /www/wwwroot/sender.hubwale.in/app/Helpers/Common_helper.php(1429): escapeString()
#4 /www/wwwroot/sender.hubwale.in/app/Filters/MainFilter.php(62): db_get()
#5 /www/wwwroot/sender.hubwale.in/vendor/codeigniter4/framework/system/Filters/Filters.php(173): App\Filters\MainFilter->before()
#6 /www/wwwroot/sender.hubwale.in/vendor/codeigniter4/framework/system/CodeIgniter.php(393): CodeIgniter\Filters\Filters->run()
#7 /www/wwwroot/sender.hubwale.in/vendor/codeigniter4/framework/system/CodeIgniter.php(326): CodeIgniter\CodeIgniter->handleRequest()
#8 /www/wwwroot/sender.hubwale.in/index.php(44): CodeIgniter\CodeIgniter->run()
#9 {main}
ERROR - 2025-05-30 11:03:55 --> Error connecting to the database: Too many connections
CRITICAL - 2025-05-30 11:03:55 --> Unable to connect to the database.
Main connection [MySQLi]: Too many connections
#0 /www/wwwroot/sender.hubwale.in/vendor/codeigniter4/framework/system/Database/BaseConnection.php(577): CodeIgniter\Database\BaseConnection->initialize()
#1 /www/wwwroot/sender.hubwale.in/vendor/codeigniter4/framework/system/Database/BaseBuilder.php(1455): CodeIgniter\Database\BaseConnection->query()
#2 /www/wwwroot/sender.hubwale.in/app/Helpers/Common_helper.php(1441): CodeIgniter\Database\BaseBuilder->get()
#3 /www/wwwroot/sender.hubwale.in/app/Helpers/Common_helper.php(1345): db_get()
#4 /www/wwwroot/sender.hubwale.in/app/Helpers/Common_helper.php(1790): get_option()
#5 /www/wwwroot/sender.hubwale.in/inc/core/Home/Controllers/Home.php(7): parse_config()
#6 /www/wwwroot/sender.hubwale.in/vendor/codeigniter4/framework/system/CodeIgniter.php(809): Core\Home\Controllers\Home->__construct()
#7 /www/wwwroot/sender.hubwale.in/vendor/codeigniter4/framework/system/CodeIgniter.php(857): CodeIgniter\CodeIgniter->createController()
#8 /www/wwwroot/sender.hubwale.in/vendor/codeigniter4/framework/system/CodeIgniter.php(340): CodeIgniter\CodeIgniter->display404errors()
#9 /www/wwwroot/sender.hubwale.in/index.php(44): CodeIgniter\CodeIgniter->run()
#10 {main}
CRITICAL - 2025-05-30 11:23:11 --> Cannot use a scalar value as an array
#0 /www/wwwroot/sender.hubwale.in/inc/core/Plans/Filters/beforeFilter.php(59): get_blocks()
#1 /www/wwwroot/sender.hubwale.in/app/Filters/MainFilter.php(130): include_once('...')
#2 /www/wwwroot/sender.hubwale.in/vendor/codeigniter4/framework/system/Filters/Filters.php(173): App\Filters\MainFilter->before()
#3 /www/wwwroot/sender.hubwale.in/vendor/codeigniter4/framework/system/CodeIgniter.php(393): CodeIgniter\Filters\Filters->run()
#4 /www/wwwroot/sender.hubwale.in/vendor/codeigniter4/framework/system/CodeIgniter.php(326): CodeIgniter\CodeIgniter->handleRequest()
#5 /www/wwwroot/sender.hubwale.in/index.php(44): CodeIgniter\CodeIgniter->run()
#6 {main}
CRITICAL - 2025-05-30 11:28:47 --> Trying to access array offset on value of type int
#0 /www/wwwroot/sender.hubwale.in/inc/core/Whatsapp/Config/Routes.php(14): CodeIgniter\Debug\Exceptions->errorHandler()
#1 /www/wwwroot/sender.hubwale.in/app/Config/Routes.php(86): require('...')
#2 /www/wwwroot/sender.hubwale.in/vendor/codeigniter4/framework/system/CodeIgniter.php(713): require('...')
#3 /www/wwwroot/sender.hubwale.in/vendor/codeigniter4/framework/system/CodeIgniter.php(368): CodeIgniter\CodeIgniter->tryToRouteIt()
#4 /www/wwwroot/sender.hubwale.in/vendor/codeigniter4/framework/system/CodeIgniter.php(326): CodeIgniter\CodeIgniter->handleRequest()
#5 /www/wwwroot/sender.hubwale.in/index.php(44): CodeIgniter\CodeIgniter->run()
#6 {main}
CRITICAL - 2025-05-30 19:49:09 --> Trying to access array offset on value of type int
#0 /www/wwwroot/sender.hubwale.in/inc/core/Whatsapp/Models/WhatsappModel.php(26): CodeIgniter\Debug\Exceptions->errorHandler()
#1 /www/wwwroot/sender.hubwale.in/app/Helpers/Common_helper.php(655): Core\Whatsapp\Models\WhatsappModel->block_plans()
#2 /www/wwwroot/sender.hubwale.in/inc/core/Plans/Filters/beforeFilter.php(59): get_blocks()
#3 /www/wwwroot/sender.hubwale.in/app/Filters/MainFilter.php(130): include_once('...')
#4 /www/wwwroot/sender.hubwale.in/vendor/codeigniter4/framework/system/Filters/Filters.php(173): App\Filters\MainFilter->before()
#5 /www/wwwroot/sender.hubwale.in/vendor/codeigniter4/framework/system/CodeIgniter.php(393): CodeIgniter\Filters\Filters->run()
#6 /www/wwwroot/sender.hubwale.in/vendor/codeigniter4/framework/system/CodeIgniter.php(326): CodeIgniter\CodeIgniter->handleRequest()
#7 /www/wwwroot/sender.hubwale.in/index.php(44): CodeIgniter\CodeIgniter->run()
#8 {main}
CRITICAL - 2025-05-30 19:49:11 --> Cannot use a scalar value as an array
#0 /www/wwwroot/sender.hubwale.in/inc/core/Plans/Filters/beforeFilter.php(59): get_blocks()
#1 /www/wwwroot/sender.hubwale.in/app/Filters/MainFilter.php(130): include_once('...')
#2 /www/wwwroot/sender.hubwale.in/vendor/codeigniter4/framework/system/Filters/Filters.php(173): App\Filters\MainFilter->before()
#3 /www/wwwroot/sender.hubwale.in/vendor/codeigniter4/framework/system/CodeIgniter.php(393): CodeIgniter\Filters\Filters->run()
#4 /www/wwwroot/sender.hubwale.in/vendor/codeigniter4/framework/system/CodeIgniter.php(326): CodeIgniter\CodeIgniter->handleRequest()
#5 /www/wwwroot/sender.hubwale.in/index.php(44): CodeIgniter\CodeIgniter->run()
#6 {main}
