ERROR - 2024-09-17 15:45:15 --> Error connecting to the database: Too many connections
CRITICAL - 2024-09-17 15:45:15 --> Unable to connect to the database.
Main connection [MySQLi]: Too many connections
#0 /www/wwwroot/iaclicks.com/vendor/codeigniter4/framework/system/Database/BaseConnection.php(577): CodeIgniter\Database\BaseConnection->initialize()
#1 /www/wwwroot/iaclicks.com/vendor/codeigniter4/framework/system/Database/BaseBuilder.php(1455): CodeIgniter\Database\BaseConnection->query()
#2 /www/wwwroot/iaclicks.com/app/Helpers/Common_helper.php(1441): CodeIgniter\Database\BaseBuilder->get()
#3 /www/wwwroot/iaclicks.com/app/Helpers/Common_helper.php(1345): db_get()
#4 /www/wwwroot/iaclicks.com/inc/core/Appearance/Filters/beforeFilter.php(32): get_option()
#5 /www/wwwroot/iaclicks.com/app/Filters/MainFilter.php(50): include_once('...')
#6 /www/wwwroot/iaclicks.com/vendor/codeigniter4/framework/system/Filters/Filters.php(173): App\Filters\MainFilter->before()
#7 /www/wwwroot/iaclicks.com/vendor/codeigniter4/framework/system/CodeIgniter.php(393): CodeIgniter\Filters\Filters->run()
#8 /www/wwwroot/iaclicks.com/vendor/codeigniter4/framework/system/CodeIgniter.php(326): CodeIgniter\CodeIgniter->handleRequest()
#9 /www/wwwroot/iaclicks.com/index.php(44): CodeIgniter\CodeIgniter->run()
#10 {main}
ERROR - 2024-09-17 15:45:16 --> Error connecting to the database: Too many connections
CRITICAL - 2024-09-17 15:45:16 --> Unable to connect to the database.
Main connection [MySQLi]: Too many connections
#0 /www/wwwroot/iaclicks.com/vendor/codeigniter4/framework/system/Database/BaseConnection.php(577): CodeIgniter\Database\BaseConnection->initialize()
#1 /www/wwwroot/iaclicks.com/vendor/codeigniter4/framework/system/Database/BaseBuilder.php(1455): CodeIgniter\Database\BaseConnection->query()
#2 /www/wwwroot/iaclicks.com/app/Helpers/Common_helper.php(1441): CodeIgniter\Database\BaseBuilder->get()
#3 /www/wwwroot/iaclicks.com/app/Helpers/Common_helper.php(1345): db_get()
#4 /www/wwwroot/iaclicks.com/app/Helpers/Common_helper.php(1790): get_option()
#5 /www/wwwroot/iaclicks.com/inc/core/Home/Controllers/Home.php(7): parse_config()
#6 /www/wwwroot/iaclicks.com/vendor/codeigniter4/framework/system/CodeIgniter.php(809): Core\Home\Controllers\Home->__construct()
#7 /www/wwwroot/iaclicks.com/vendor/codeigniter4/framework/system/CodeIgniter.php(857): CodeIgniter\CodeIgniter->createController()
#8 /www/wwwroot/iaclicks.com/vendor/codeigniter4/framework/system/CodeIgniter.php(340): CodeIgniter\CodeIgniter->display404errors()
#9 /www/wwwroot/iaclicks.com/index.php(44): CodeIgniter\CodeIgniter->run()
#10 {main}
ERROR - 2024-09-17 15:45:37 --> Error connecting to the database: No such file or directory
CRITICAL - 2024-09-17 15:45:37 --> Unable to connect to the database.
Main connection [MySQLi]: No such file or directory
#0 /www/wwwroot/iaclicks.com/vendor/codeigniter4/framework/system/Database/BaseConnection.php(577): CodeIgniter\Database\BaseConnection->initialize()
#1 /www/wwwroot/iaclicks.com/vendor/codeigniter4/framework/system/Database/BaseBuilder.php(1455): CodeIgniter\Database\BaseConnection->query()
#2 /www/wwwroot/iaclicks.com/app/Helpers/Common_helper.php(1441): CodeIgniter\Database\BaseBuilder->get()
#3 /www/wwwroot/iaclicks.com/app/Helpers/Common_helper.php(1345): db_get()
#4 /www/wwwroot/iaclicks.com/inc/core/Appearance/Filters/beforeFilter.php(32): get_option()
#5 /www/wwwroot/iaclicks.com/app/Filters/MainFilter.php(50): include_once('...')
#6 /www/wwwroot/iaclicks.com/vendor/codeigniter4/framework/system/Filters/Filters.php(173): App\Filters\MainFilter->before()
#7 /www/wwwroot/iaclicks.com/vendor/codeigniter4/framework/system/CodeIgniter.php(393): CodeIgniter\Filters\Filters->run()
#8 /www/wwwroot/iaclicks.com/vendor/codeigniter4/framework/system/CodeIgniter.php(326): CodeIgniter\CodeIgniter->handleRequest()
#9 /www/wwwroot/iaclicks.com/index.php(44): CodeIgniter\CodeIgniter->run()
#10 {main}
ERROR - 2024-09-17 15:45:38 --> Error connecting to the database: No such file or directory
CRITICAL - 2024-09-17 15:45:38 --> Unable to connect to the database.
Main connection [MySQLi]: No such file or directory
#0 /www/wwwroot/iaclicks.com/vendor/codeigniter4/framework/system/Database/BaseConnection.php(577): CodeIgniter\Database\BaseConnection->initialize()
#1 /www/wwwroot/iaclicks.com/vendor/codeigniter4/framework/system/Database/BaseBuilder.php(1455): CodeIgniter\Database\BaseConnection->query()
#2 /www/wwwroot/iaclicks.com/app/Helpers/Common_helper.php(1441): CodeIgniter\Database\BaseBuilder->get()
#3 /www/wwwroot/iaclicks.com/app/Helpers/Common_helper.php(1345): db_get()
#4 /www/wwwroot/iaclicks.com/app/Helpers/Common_helper.php(1790): get_option()
#5 /www/wwwroot/iaclicks.com/inc/core/Home/Controllers/Home.php(7): parse_config()
#6 /www/wwwroot/iaclicks.com/vendor/codeigniter4/framework/system/CodeIgniter.php(809): Core\Home\Controllers\Home->__construct()
#7 /www/wwwroot/iaclicks.com/vendor/codeigniter4/framework/system/CodeIgniter.php(857): CodeIgniter\CodeIgniter->createController()
#8 /www/wwwroot/iaclicks.com/vendor/codeigniter4/framework/system/CodeIgniter.php(340): CodeIgniter\CodeIgniter->display404errors()
#9 /www/wwwroot/iaclicks.com/index.php(44): CodeIgniter\CodeIgniter->run()
#10 {main}
