CRITICAL - 2024-09-25 19:44:10 --> file_exists(): open_basedir restriction in effect. File(/www/wwwroot/iaclicks.com/inc/plugins/Payment.zip/Config/Routes.php) is not within the allowed path(s): (/www/wwwroot/iaclicks.com/:/tmp/)
#0 [internal function]: CodeIgniter\Debug\Exceptions->errorHandler()
#1 /www/wwwroot/iaclicks.com/app/Config/Routes.php(68): file_exists()
#2 /www/wwwroot/iaclicks.com/vendor/codeigniter4/framework/system/CodeIgniter.php(713): require('...')
#3 /www/wwwroot/iaclicks.com/vendor/codeigniter4/framework/system/CodeIgniter.php(368): CodeIgniter\CodeIgniter->tryToRouteIt()
#4 /www/wwwroot/iaclicks.com/vendor/codeigniter4/framework/system/CodeIgniter.php(326): CodeIgniter\CodeIgniter->handleRequest()
#5 /www/wwwroot/iaclicks.com/index.php(44): CodeIgniter\CodeIgniter->run()
#6 {main}
CRITICAL - 2024-09-25 19:44:10 --> Uncaught ErrorException: Cannot modify header information - headers already sent by (output started at /www/wwwroot/iaclicks.com/app/Config/Events.php:35) in /www/wwwroot/iaclicks.com/vendor/codeigniter4/framework/system/Debug/Exceptions.php:112
Stack trace:
#0 [internal function]: CodeIgniter\Debug\Exceptions->errorHandler()
#1 /www/wwwroot/iaclicks.com/vendor/codeigniter4/framework/system/Debug/Exceptions.php(112): header()
#2 [internal function]: CodeIgniter\Debug\Exceptions->exceptionHandler()
#3 {main}
  thrown
#0 [internal function]: CodeIgniter\Debug\Exceptions->shutdownHandler()
#1 {main}
CRITICAL - 2024-09-25 19:44:11 --> file_exists(): open_basedir restriction in effect. File(/www/wwwroot/iaclicks.com/inc/plugins/Payment.zip/Config/Routes.php) is not within the allowed path(s): (/www/wwwroot/iaclicks.com/:/tmp/)
#0 [internal function]: CodeIgniter\Debug\Exceptions->errorHandler()
#1 /www/wwwroot/iaclicks.com/app/Config/Routes.php(68): file_exists()
#2 /www/wwwroot/iaclicks.com/vendor/codeigniter4/framework/system/CodeIgniter.php(713): require('...')
#3 /www/wwwroot/iaclicks.com/vendor/codeigniter4/framework/system/CodeIgniter.php(368): CodeIgniter\CodeIgniter->tryToRouteIt()
#4 /www/wwwroot/iaclicks.com/vendor/codeigniter4/framework/system/CodeIgniter.php(326): CodeIgniter\CodeIgniter->handleRequest()
#5 /www/wwwroot/iaclicks.com/index.php(44): CodeIgniter\CodeIgniter->run()
#6 {main}
CRITICAL - 2024-09-25 19:44:11 --> Uncaught ErrorException: Cannot modify header information - headers already sent by (output started at /www/wwwroot/iaclicks.com/app/Config/Events.php:35) in /www/wwwroot/iaclicks.com/vendor/codeigniter4/framework/system/Debug/Exceptions.php:112
Stack trace:
#0 [internal function]: CodeIgniter\Debug\Exceptions->errorHandler()
#1 /www/wwwroot/iaclicks.com/vendor/codeigniter4/framework/system/Debug/Exceptions.php(112): header()
#2 [internal function]: CodeIgniter\Debug\Exceptions->exceptionHandler()
#3 {main}
  thrown
#0 [internal function]: CodeIgniter\Debug\Exceptions->shutdownHandler()
#1 {main}
CRITICAL - 2024-09-25 19:44:11 --> file_exists(): open_basedir restriction in effect. File(/www/wwwroot/iaclicks.com/inc/plugins/Payment.zip/Config/Routes.php) is not within the allowed path(s): (/www/wwwroot/iaclicks.com/:/tmp/)
#0 [internal function]: CodeIgniter\Debug\Exceptions->errorHandler()
#1 /www/wwwroot/iaclicks.com/app/Config/Routes.php(68): file_exists()
#2 /www/wwwroot/iaclicks.com/vendor/codeigniter4/framework/system/CodeIgniter.php(713): require('...')
#3 /www/wwwroot/iaclicks.com/vendor/codeigniter4/framework/system/CodeIgniter.php(368): CodeIgniter\CodeIgniter->tryToRouteIt()
#4 /www/wwwroot/iaclicks.com/vendor/codeigniter4/framework/system/CodeIgniter.php(326): CodeIgniter\CodeIgniter->handleRequest()
#5 /www/wwwroot/iaclicks.com/index.php(44): CodeIgniter\CodeIgniter->run()
#6 {main}
CRITICAL - 2024-09-25 19:44:11 --> Uncaught ErrorException: Cannot modify header information - headers already sent by (output started at /www/wwwroot/iaclicks.com/app/Config/Events.php:35) in /www/wwwroot/iaclicks.com/vendor/codeigniter4/framework/system/Debug/Exceptions.php:112
Stack trace:
#0 [internal function]: CodeIgniter\Debug\Exceptions->errorHandler()
#1 /www/wwwroot/iaclicks.com/vendor/codeigniter4/framework/system/Debug/Exceptions.php(112): header()
#2 [internal function]: CodeIgniter\Debug\Exceptions->exceptionHandler()
#3 {main}
  thrown
#0 [internal function]: CodeIgniter\Debug\Exceptions->shutdownHandler()
#1 {main}
CRITICAL - 2024-09-25 19:44:12 --> file_exists(): open_basedir restriction in effect. File(/www/wwwroot/iaclicks.com/inc/plugins/Payment.zip/Config/Routes.php) is not within the allowed path(s): (/www/wwwroot/iaclicks.com/:/tmp/)
#0 [internal function]: CodeIgniter\Debug\Exceptions->errorHandler()
#1 /www/wwwroot/iaclicks.com/app/Config/Routes.php(68): file_exists()
#2 /www/wwwroot/iaclicks.com/vendor/codeigniter4/framework/system/CodeIgniter.php(713): require('...')
#3 /www/wwwroot/iaclicks.com/vendor/codeigniter4/framework/system/CodeIgniter.php(368): CodeIgniter\CodeIgniter->tryToRouteIt()
#4 /www/wwwroot/iaclicks.com/vendor/codeigniter4/framework/system/CodeIgniter.php(326): CodeIgniter\CodeIgniter->handleRequest()
#5 /www/wwwroot/iaclicks.com/index.php(44): CodeIgniter\CodeIgniter->run()
#6 {main}
CRITICAL - 2024-09-25 19:44:12 --> Uncaught ErrorException: Cannot modify header information - headers already sent by (output started at /www/wwwroot/iaclicks.com/app/Config/Events.php:35) in /www/wwwroot/iaclicks.com/vendor/codeigniter4/framework/system/Debug/Exceptions.php:112
Stack trace:
#0 [internal function]: CodeIgniter\Debug\Exceptions->errorHandler()
#1 /www/wwwroot/iaclicks.com/vendor/codeigniter4/framework/system/Debug/Exceptions.php(112): header()
#2 [internal function]: CodeIgniter\Debug\Exceptions->exceptionHandler()
#3 {main}
  thrown
#0 [internal function]: CodeIgniter\Debug\Exceptions->shutdownHandler()
#1 {main}
CRITICAL - 2024-09-25 21:07:08 --> file_exists(): open_basedir restriction in effect. File(/www/wwwroot/iaclicks.com/inc/plugins/Payment.zip/Config/Routes.php) is not within the allowed path(s): (/www/wwwroot/iaclicks.com/:/tmp/)
#0 [internal function]: CodeIgniter\Debug\Exceptions->errorHandler()
#1 /www/wwwroot/iaclicks.com/app/Config/Routes.php(68): file_exists()
#2 /www/wwwroot/iaclicks.com/vendor/codeigniter4/framework/system/CodeIgniter.php(713): require('...')
#3 /www/wwwroot/iaclicks.com/vendor/codeigniter4/framework/system/CodeIgniter.php(368): CodeIgniter\CodeIgniter->tryToRouteIt()
#4 /www/wwwroot/iaclicks.com/vendor/codeigniter4/framework/system/CodeIgniter.php(326): CodeIgniter\CodeIgniter->handleRequest()
#5 /www/wwwroot/iaclicks.com/index.php(44): CodeIgniter\CodeIgniter->run()
#6 {main}
CRITICAL - 2024-09-25 21:07:08 --> Uncaught ErrorException: Cannot modify header information - headers already sent by (output started at /www/wwwroot/iaclicks.com/app/Config/Events.php:35) in /www/wwwroot/iaclicks.com/vendor/codeigniter4/framework/system/Debug/Exceptions.php:112
Stack trace:
#0 [internal function]: CodeIgniter\Debug\Exceptions->errorHandler()
#1 /www/wwwroot/iaclicks.com/vendor/codeigniter4/framework/system/Debug/Exceptions.php(112): header()
#2 [internal function]: CodeIgniter\Debug\Exceptions->exceptionHandler()
#3 {main}
  thrown
#0 [internal function]: CodeIgniter\Debug\Exceptions->shutdownHandler()
#1 {main}
CRITICAL - 2024-09-25 21:07:09 --> file_exists(): open_basedir restriction in effect. File(/www/wwwroot/iaclicks.com/inc/plugins/Payment.zip/Config/Routes.php) is not within the allowed path(s): (/www/wwwroot/iaclicks.com/:/tmp/)
#0 [internal function]: CodeIgniter\Debug\Exceptions->errorHandler()
#1 /www/wwwroot/iaclicks.com/app/Config/Routes.php(68): file_exists()
#2 /www/wwwroot/iaclicks.com/vendor/codeigniter4/framework/system/CodeIgniter.php(713): require('...')
#3 /www/wwwroot/iaclicks.com/vendor/codeigniter4/framework/system/CodeIgniter.php(368): CodeIgniter\CodeIgniter->tryToRouteIt()
#4 /www/wwwroot/iaclicks.com/vendor/codeigniter4/framework/system/CodeIgniter.php(326): CodeIgniter\CodeIgniter->handleRequest()
#5 /www/wwwroot/iaclicks.com/index.php(44): CodeIgniter\CodeIgniter->run()
#6 {main}
CRITICAL - 2024-09-25 21:07:09 --> Uncaught ErrorException: Cannot modify header information - headers already sent by (output started at /www/wwwroot/iaclicks.com/app/Config/Events.php:35) in /www/wwwroot/iaclicks.com/vendor/codeigniter4/framework/system/Debug/Exceptions.php:112
Stack trace:
#0 [internal function]: CodeIgniter\Debug\Exceptions->errorHandler()
#1 /www/wwwroot/iaclicks.com/vendor/codeigniter4/framework/system/Debug/Exceptions.php(112): header()
#2 [internal function]: CodeIgniter\Debug\Exceptions->exceptionHandler()
#3 {main}
  thrown
#0 [internal function]: CodeIgniter\Debug\Exceptions->shutdownHandler()
#1 {main}
CRITICAL - 2024-09-25 21:07:10 --> file_exists(): open_basedir restriction in effect. File(/www/wwwroot/iaclicks.com/inc/plugins/Payment.zip/Config/Routes.php) is not within the allowed path(s): (/www/wwwroot/iaclicks.com/:/tmp/)
#0 [internal function]: CodeIgniter\Debug\Exceptions->errorHandler()
#1 /www/wwwroot/iaclicks.com/app/Config/Routes.php(68): file_exists()
#2 /www/wwwroot/iaclicks.com/vendor/codeigniter4/framework/system/CodeIgniter.php(713): require('...')
#3 /www/wwwroot/iaclicks.com/vendor/codeigniter4/framework/system/CodeIgniter.php(368): CodeIgniter\CodeIgniter->tryToRouteIt()
#4 /www/wwwroot/iaclicks.com/vendor/codeigniter4/framework/system/CodeIgniter.php(326): CodeIgniter\CodeIgniter->handleRequest()
#5 /www/wwwroot/iaclicks.com/index.php(44): CodeIgniter\CodeIgniter->run()
#6 {main}
CRITICAL - 2024-09-25 21:07:10 --> Uncaught ErrorException: Cannot modify header information - headers already sent by (output started at /www/wwwroot/iaclicks.com/app/Config/Events.php:35) in /www/wwwroot/iaclicks.com/vendor/codeigniter4/framework/system/Debug/Exceptions.php:112
Stack trace:
#0 [internal function]: CodeIgniter\Debug\Exceptions->errorHandler()
#1 /www/wwwroot/iaclicks.com/vendor/codeigniter4/framework/system/Debug/Exceptions.php(112): header()
#2 [internal function]: CodeIgniter\Debug\Exceptions->exceptionHandler()
#3 {main}
  thrown
#0 [internal function]: CodeIgniter\Debug\Exceptions->shutdownHandler()
#1 {main}
CRITICAL - 2024-09-25 21:07:11 --> file_exists(): open_basedir restriction in effect. File(/www/wwwroot/iaclicks.com/inc/plugins/Payment.zip/Config/Routes.php) is not within the allowed path(s): (/www/wwwroot/iaclicks.com/:/tmp/)
#0 [internal function]: CodeIgniter\Debug\Exceptions->errorHandler()
#1 /www/wwwroot/iaclicks.com/app/Config/Routes.php(68): file_exists()
#2 /www/wwwroot/iaclicks.com/vendor/codeigniter4/framework/system/CodeIgniter.php(713): require('...')
#3 /www/wwwroot/iaclicks.com/vendor/codeigniter4/framework/system/CodeIgniter.php(368): CodeIgniter\CodeIgniter->tryToRouteIt()
#4 /www/wwwroot/iaclicks.com/vendor/codeigniter4/framework/system/CodeIgniter.php(326): CodeIgniter\CodeIgniter->handleRequest()
#5 /www/wwwroot/iaclicks.com/index.php(44): CodeIgniter\CodeIgniter->run()
#6 {main}
CRITICAL - 2024-09-25 21:07:11 --> Uncaught ErrorException: Cannot modify header information - headers already sent by (output started at /www/wwwroot/iaclicks.com/app/Config/Events.php:35) in /www/wwwroot/iaclicks.com/vendor/codeigniter4/framework/system/Debug/Exceptions.php:112
Stack trace:
#0 [internal function]: CodeIgniter\Debug\Exceptions->errorHandler()
#1 /www/wwwroot/iaclicks.com/vendor/codeigniter4/framework/system/Debug/Exceptions.php(112): header()
#2 [internal function]: CodeIgniter\Debug\Exceptions->exceptionHandler()
#3 {main}
  thrown
#0 [internal function]: CodeIgniter\Debug\Exceptions->shutdownHandler()
#1 {main}
CRITICAL - 2024-09-25 21:07:11 --> file_exists(): open_basedir restriction in effect. File(/www/wwwroot/iaclicks.com/inc/plugins/Payment.zip/Config/Routes.php) is not within the allowed path(s): (/www/wwwroot/iaclicks.com/:/tmp/)
#0 [internal function]: CodeIgniter\Debug\Exceptions->errorHandler()
#1 /www/wwwroot/iaclicks.com/app/Config/Routes.php(68): file_exists()
#2 /www/wwwroot/iaclicks.com/vendor/codeigniter4/framework/system/CodeIgniter.php(713): require('...')
#3 /www/wwwroot/iaclicks.com/vendor/codeigniter4/framework/system/CodeIgniter.php(368): CodeIgniter\CodeIgniter->tryToRouteIt()
#4 /www/wwwroot/iaclicks.com/vendor/codeigniter4/framework/system/CodeIgniter.php(326): CodeIgniter\CodeIgniter->handleRequest()
#5 /www/wwwroot/iaclicks.com/index.php(44): CodeIgniter\CodeIgniter->run()
#6 {main}
CRITICAL - 2024-09-25 21:07:11 --> Uncaught ErrorException: Cannot modify header information - headers already sent by (output started at /www/wwwroot/iaclicks.com/app/Config/Events.php:35) in /www/wwwroot/iaclicks.com/vendor/codeigniter4/framework/system/Debug/Exceptions.php:112
Stack trace:
#0 [internal function]: CodeIgniter\Debug\Exceptions->errorHandler()
#1 /www/wwwroot/iaclicks.com/vendor/codeigniter4/framework/system/Debug/Exceptions.php(112): header()
#2 [internal function]: CodeIgniter\Debug\Exceptions->exceptionHandler()
#3 {main}
  thrown
#0 [internal function]: CodeIgniter\Debug\Exceptions->shutdownHandler()
#1 {main}
CRITICAL - 2024-09-25 21:07:12 --> file_exists(): open_basedir restriction in effect. File(/www/wwwroot/iaclicks.com/inc/plugins/Payment.zip/Config/Routes.php) is not within the allowed path(s): (/www/wwwroot/iaclicks.com/:/tmp/)
#0 [internal function]: CodeIgniter\Debug\Exceptions->errorHandler()
#1 /www/wwwroot/iaclicks.com/app/Config/Routes.php(68): file_exists()
#2 /www/wwwroot/iaclicks.com/vendor/codeigniter4/framework/system/CodeIgniter.php(713): require('...')
#3 /www/wwwroot/iaclicks.com/vendor/codeigniter4/framework/system/CodeIgniter.php(368): CodeIgniter\CodeIgniter->tryToRouteIt()
#4 /www/wwwroot/iaclicks.com/vendor/codeigniter4/framework/system/CodeIgniter.php(326): CodeIgniter\CodeIgniter->handleRequest()
#5 /www/wwwroot/iaclicks.com/index.php(44): CodeIgniter\CodeIgniter->run()
#6 {main}
CRITICAL - 2024-09-25 21:07:12 --> Uncaught ErrorException: Cannot modify header information - headers already sent by (output started at /www/wwwroot/iaclicks.com/app/Config/Events.php:35) in /www/wwwroot/iaclicks.com/vendor/codeigniter4/framework/system/Debug/Exceptions.php:112
Stack trace:
#0 [internal function]: CodeIgniter\Debug\Exceptions->errorHandler()
#1 /www/wwwroot/iaclicks.com/vendor/codeigniter4/framework/system/Debug/Exceptions.php(112): header()
#2 [internal function]: CodeIgniter\Debug\Exceptions->exceptionHandler()
#3 {main}
  thrown
#0 [internal function]: CodeIgniter\Debug\Exceptions->shutdownHandler()
#1 {main}
CRITICAL - 2024-09-25 21:07:13 --> file_exists(): open_basedir restriction in effect. File(/www/wwwroot/iaclicks.com/inc/plugins/Payment.zip/Config/Routes.php) is not within the allowed path(s): (/www/wwwroot/iaclicks.com/:/tmp/)
#0 [internal function]: CodeIgniter\Debug\Exceptions->errorHandler()
#1 /www/wwwroot/iaclicks.com/app/Config/Routes.php(68): file_exists()
#2 /www/wwwroot/iaclicks.com/vendor/codeigniter4/framework/system/CodeIgniter.php(713): require('...')
#3 /www/wwwroot/iaclicks.com/vendor/codeigniter4/framework/system/CodeIgniter.php(368): CodeIgniter\CodeIgniter->tryToRouteIt()
#4 /www/wwwroot/iaclicks.com/vendor/codeigniter4/framework/system/CodeIgniter.php(326): CodeIgniter\CodeIgniter->handleRequest()
#5 /www/wwwroot/iaclicks.com/index.php(44): CodeIgniter\CodeIgniter->run()
#6 {main}
CRITICAL - 2024-09-25 21:07:13 --> Uncaught ErrorException: Cannot modify header information - headers already sent by (output started at /www/wwwroot/iaclicks.com/app/Config/Events.php:35) in /www/wwwroot/iaclicks.com/vendor/codeigniter4/framework/system/Debug/Exceptions.php:112
Stack trace:
#0 [internal function]: CodeIgniter\Debug\Exceptions->errorHandler()
#1 /www/wwwroot/iaclicks.com/vendor/codeigniter4/framework/system/Debug/Exceptions.php(112): header()
#2 [internal function]: CodeIgniter\Debug\Exceptions->exceptionHandler()
#3 {main}
  thrown
#0 [internal function]: CodeIgniter\Debug\Exceptions->shutdownHandler()
#1 {main}
CRITICAL - 2024-09-25 21:07:13 --> file_exists(): open_basedir restriction in effect. File(/www/wwwroot/iaclicks.com/inc/plugins/Payment.zip/Config/Routes.php) is not within the allowed path(s): (/www/wwwroot/iaclicks.com/:/tmp/)
#0 [internal function]: CodeIgniter\Debug\Exceptions->errorHandler()
#1 /www/wwwroot/iaclicks.com/app/Config/Routes.php(68): file_exists()
#2 /www/wwwroot/iaclicks.com/vendor/codeigniter4/framework/system/CodeIgniter.php(713): require('...')
#3 /www/wwwroot/iaclicks.com/vendor/codeigniter4/framework/system/CodeIgniter.php(368): CodeIgniter\CodeIgniter->tryToRouteIt()
#4 /www/wwwroot/iaclicks.com/vendor/codeigniter4/framework/system/CodeIgniter.php(326): CodeIgniter\CodeIgniter->handleRequest()
#5 /www/wwwroot/iaclicks.com/index.php(44): CodeIgniter\CodeIgniter->run()
#6 {main}
CRITICAL - 2024-09-25 21:07:13 --> Uncaught ErrorException: Cannot modify header information - headers already sent by (output started at /www/wwwroot/iaclicks.com/app/Config/Events.php:35) in /www/wwwroot/iaclicks.com/vendor/codeigniter4/framework/system/Debug/Exceptions.php:112
Stack trace:
#0 [internal function]: CodeIgniter\Debug\Exceptions->errorHandler()
#1 /www/wwwroot/iaclicks.com/vendor/codeigniter4/framework/system/Debug/Exceptions.php(112): header()
#2 [internal function]: CodeIgniter\Debug\Exceptions->exceptionHandler()
#3 {main}
  thrown
#0 [internal function]: CodeIgniter\Debug\Exceptions->shutdownHandler()
#1 {main}
CRITICAL - 2024-09-25 21:07:14 --> file_exists(): open_basedir restriction in effect. File(/www/wwwroot/iaclicks.com/inc/plugins/Payment.zip/Config/Routes.php) is not within the allowed path(s): (/www/wwwroot/iaclicks.com/:/tmp/)
#0 [internal function]: CodeIgniter\Debug\Exceptions->errorHandler()
#1 /www/wwwroot/iaclicks.com/app/Config/Routes.php(68): file_exists()
#2 /www/wwwroot/iaclicks.com/vendor/codeigniter4/framework/system/CodeIgniter.php(713): require('...')
#3 /www/wwwroot/iaclicks.com/vendor/codeigniter4/framework/system/CodeIgniter.php(368): CodeIgniter\CodeIgniter->tryToRouteIt()
#4 /www/wwwroot/iaclicks.com/vendor/codeigniter4/framework/system/CodeIgniter.php(326): CodeIgniter\CodeIgniter->handleRequest()
#5 /www/wwwroot/iaclicks.com/index.php(44): CodeIgniter\CodeIgniter->run()
#6 {main}
CRITICAL - 2024-09-25 21:07:14 --> Uncaught ErrorException: Cannot modify header information - headers already sent by (output started at /www/wwwroot/iaclicks.com/app/Config/Events.php:35) in /www/wwwroot/iaclicks.com/vendor/codeigniter4/framework/system/Debug/Exceptions.php:112
Stack trace:
#0 [internal function]: CodeIgniter\Debug\Exceptions->errorHandler()
#1 /www/wwwroot/iaclicks.com/vendor/codeigniter4/framework/system/Debug/Exceptions.php(112): header()
#2 [internal function]: CodeIgniter\Debug\Exceptions->exceptionHandler()
#3 {main}
  thrown
#0 [internal function]: CodeIgniter\Debug\Exceptions->shutdownHandler()
#1 {main}
CRITICAL - 2024-09-25 21:07:15 --> file_exists(): open_basedir restriction in effect. File(/www/wwwroot/iaclicks.com/inc/plugins/Payment.zip/Config/Routes.php) is not within the allowed path(s): (/www/wwwroot/iaclicks.com/:/tmp/)
#0 [internal function]: CodeIgniter\Debug\Exceptions->errorHandler()
#1 /www/wwwroot/iaclicks.com/app/Config/Routes.php(68): file_exists()
#2 /www/wwwroot/iaclicks.com/vendor/codeigniter4/framework/system/CodeIgniter.php(713): require('...')
#3 /www/wwwroot/iaclicks.com/vendor/codeigniter4/framework/system/CodeIgniter.php(368): CodeIgniter\CodeIgniter->tryToRouteIt()
#4 /www/wwwroot/iaclicks.com/vendor/codeigniter4/framework/system/CodeIgniter.php(326): CodeIgniter\CodeIgniter->handleRequest()
#5 /www/wwwroot/iaclicks.com/index.php(44): CodeIgniter\CodeIgniter->run()
#6 {main}
CRITICAL - 2024-09-25 21:07:15 --> Uncaught ErrorException: Cannot modify header information - headers already sent by (output started at /www/wwwroot/iaclicks.com/app/Config/Events.php:35) in /www/wwwroot/iaclicks.com/vendor/codeigniter4/framework/system/Debug/Exceptions.php:112
Stack trace:
#0 [internal function]: CodeIgniter\Debug\Exceptions->errorHandler()
#1 /www/wwwroot/iaclicks.com/vendor/codeigniter4/framework/system/Debug/Exceptions.php(112): header()
#2 [internal function]: CodeIgniter\Debug\Exceptions->exceptionHandler()
#3 {main}
  thrown
#0 [internal function]: CodeIgniter\Debug\Exceptions->shutdownHandler()
#1 {main}
CRITICAL - 2024-09-25 21:07:16 --> file_exists(): open_basedir restriction in effect. File(/www/wwwroot/iaclicks.com/inc/plugins/Payment.zip/Config/Routes.php) is not within the allowed path(s): (/www/wwwroot/iaclicks.com/:/tmp/)
#0 [internal function]: CodeIgniter\Debug\Exceptions->errorHandler()
#1 /www/wwwroot/iaclicks.com/app/Config/Routes.php(68): file_exists()
#2 /www/wwwroot/iaclicks.com/vendor/codeigniter4/framework/system/CodeIgniter.php(713): require('...')
#3 /www/wwwroot/iaclicks.com/vendor/codeigniter4/framework/system/CodeIgniter.php(368): CodeIgniter\CodeIgniter->tryToRouteIt()
#4 /www/wwwroot/iaclicks.com/vendor/codeigniter4/framework/system/CodeIgniter.php(326): CodeIgniter\CodeIgniter->handleRequest()
#5 /www/wwwroot/iaclicks.com/index.php(44): CodeIgniter\CodeIgniter->run()
#6 {main}
CRITICAL - 2024-09-25 21:07:16 --> Uncaught ErrorException: Cannot modify header information - headers already sent by (output started at /www/wwwroot/iaclicks.com/app/Config/Events.php:35) in /www/wwwroot/iaclicks.com/vendor/codeigniter4/framework/system/Debug/Exceptions.php:112
Stack trace:
#0 [internal function]: CodeIgniter\Debug\Exceptions->errorHandler()
#1 /www/wwwroot/iaclicks.com/vendor/codeigniter4/framework/system/Debug/Exceptions.php(112): header()
#2 [internal function]: CodeIgniter\Debug\Exceptions->exceptionHandler()
#3 {main}
  thrown
#0 [internal function]: CodeIgniter\Debug\Exceptions->shutdownHandler()
#1 {main}
CRITICAL - 2024-09-25 21:07:16 --> file_exists(): open_basedir restriction in effect. File(/www/wwwroot/iaclicks.com/inc/plugins/Payment.zip/Config/Routes.php) is not within the allowed path(s): (/www/wwwroot/iaclicks.com/:/tmp/)
#0 [internal function]: CodeIgniter\Debug\Exceptions->errorHandler()
#1 /www/wwwroot/iaclicks.com/app/Config/Routes.php(68): file_exists()
#2 /www/wwwroot/iaclicks.com/vendor/codeigniter4/framework/system/CodeIgniter.php(713): require('...')
#3 /www/wwwroot/iaclicks.com/vendor/codeigniter4/framework/system/CodeIgniter.php(368): CodeIgniter\CodeIgniter->tryToRouteIt()
#4 /www/wwwroot/iaclicks.com/vendor/codeigniter4/framework/system/CodeIgniter.php(326): CodeIgniter\CodeIgniter->handleRequest()
#5 /www/wwwroot/iaclicks.com/index.php(44): CodeIgniter\CodeIgniter->run()
#6 {main}
CRITICAL - 2024-09-25 21:07:16 --> Uncaught ErrorException: Cannot modify header information - headers already sent by (output started at /www/wwwroot/iaclicks.com/app/Config/Events.php:35) in /www/wwwroot/iaclicks.com/vendor/codeigniter4/framework/system/Debug/Exceptions.php:112
Stack trace:
#0 [internal function]: CodeIgniter\Debug\Exceptions->errorHandler()
#1 /www/wwwroot/iaclicks.com/vendor/codeigniter4/framework/system/Debug/Exceptions.php(112): header()
#2 [internal function]: CodeIgniter\Debug\Exceptions->exceptionHandler()
#3 {main}
  thrown
#0 [internal function]: CodeIgniter\Debug\Exceptions->shutdownHandler()
#1 {main}
CRITICAL - 2024-09-25 21:07:17 --> file_exists(): open_basedir restriction in effect. File(/www/wwwroot/iaclicks.com/inc/plugins/Payment.zip/Config/Routes.php) is not within the allowed path(s): (/www/wwwroot/iaclicks.com/:/tmp/)
#0 [internal function]: CodeIgniter\Debug\Exceptions->errorHandler()
#1 /www/wwwroot/iaclicks.com/app/Config/Routes.php(68): file_exists()
#2 /www/wwwroot/iaclicks.com/vendor/codeigniter4/framework/system/CodeIgniter.php(713): require('...')
#3 /www/wwwroot/iaclicks.com/vendor/codeigniter4/framework/system/CodeIgniter.php(368): CodeIgniter\CodeIgniter->tryToRouteIt()
#4 /www/wwwroot/iaclicks.com/vendor/codeigniter4/framework/system/CodeIgniter.php(326): CodeIgniter\CodeIgniter->handleRequest()
#5 /www/wwwroot/iaclicks.com/index.php(44): CodeIgniter\CodeIgniter->run()
#6 {main}
CRITICAL - 2024-09-25 21:07:17 --> Uncaught ErrorException: Cannot modify header information - headers already sent by (output started at /www/wwwroot/iaclicks.com/app/Config/Events.php:35) in /www/wwwroot/iaclicks.com/vendor/codeigniter4/framework/system/Debug/Exceptions.php:112
Stack trace:
#0 [internal function]: CodeIgniter\Debug\Exceptions->errorHandler()
#1 /www/wwwroot/iaclicks.com/vendor/codeigniter4/framework/system/Debug/Exceptions.php(112): header()
#2 [internal function]: CodeIgniter\Debug\Exceptions->exceptionHandler()
#3 {main}
  thrown
#0 [internal function]: CodeIgniter\Debug\Exceptions->shutdownHandler()
#1 {main}
CRITICAL - 2024-09-25 21:07:18 --> file_exists(): open_basedir restriction in effect. File(/www/wwwroot/iaclicks.com/inc/plugins/Payment.zip/Config/Routes.php) is not within the allowed path(s): (/www/wwwroot/iaclicks.com/:/tmp/)
#0 [internal function]: CodeIgniter\Debug\Exceptions->errorHandler()
#1 /www/wwwroot/iaclicks.com/app/Config/Routes.php(68): file_exists()
#2 /www/wwwroot/iaclicks.com/vendor/codeigniter4/framework/system/CodeIgniter.php(713): require('...')
#3 /www/wwwroot/iaclicks.com/vendor/codeigniter4/framework/system/CodeIgniter.php(368): CodeIgniter\CodeIgniter->tryToRouteIt()
#4 /www/wwwroot/iaclicks.com/vendor/codeigniter4/framework/system/CodeIgniter.php(326): CodeIgniter\CodeIgniter->handleRequest()
#5 /www/wwwroot/iaclicks.com/index.php(44): CodeIgniter\CodeIgniter->run()
#6 {main}
CRITICAL - 2024-09-25 21:07:18 --> Uncaught ErrorException: Cannot modify header information - headers already sent by (output started at /www/wwwroot/iaclicks.com/app/Config/Events.php:35) in /www/wwwroot/iaclicks.com/vendor/codeigniter4/framework/system/Debug/Exceptions.php:112
Stack trace:
#0 [internal function]: CodeIgniter\Debug\Exceptions->errorHandler()
#1 /www/wwwroot/iaclicks.com/vendor/codeigniter4/framework/system/Debug/Exceptions.php(112): header()
#2 [internal function]: CodeIgniter\Debug\Exceptions->exceptionHandler()
#3 {main}
  thrown
#0 [internal function]: CodeIgniter\Debug\Exceptions->shutdownHandler()
#1 {main}
CRITICAL - 2024-09-25 21:07:19 --> file_exists(): open_basedir restriction in effect. File(/www/wwwroot/iaclicks.com/inc/plugins/Payment.zip/Config/Routes.php) is not within the allowed path(s): (/www/wwwroot/iaclicks.com/:/tmp/)
#0 [internal function]: CodeIgniter\Debug\Exceptions->errorHandler()
#1 /www/wwwroot/iaclicks.com/app/Config/Routes.php(68): file_exists()
#2 /www/wwwroot/iaclicks.com/vendor/codeigniter4/framework/system/CodeIgniter.php(713): require('...')
#3 /www/wwwroot/iaclicks.com/vendor/codeigniter4/framework/system/CodeIgniter.php(368): CodeIgniter\CodeIgniter->tryToRouteIt()
#4 /www/wwwroot/iaclicks.com/vendor/codeigniter4/framework/system/CodeIgniter.php(326): CodeIgniter\CodeIgniter->handleRequest()
#5 /www/wwwroot/iaclicks.com/index.php(44): CodeIgniter\CodeIgniter->run()
#6 {main}
CRITICAL - 2024-09-25 21:07:19 --> Uncaught ErrorException: Cannot modify header information - headers already sent by (output started at /www/wwwroot/iaclicks.com/app/Config/Events.php:35) in /www/wwwroot/iaclicks.com/vendor/codeigniter4/framework/system/Debug/Exceptions.php:112
Stack trace:
#0 [internal function]: CodeIgniter\Debug\Exceptions->errorHandler()
#1 /www/wwwroot/iaclicks.com/vendor/codeigniter4/framework/system/Debug/Exceptions.php(112): header()
#2 [internal function]: CodeIgniter\Debug\Exceptions->exceptionHandler()
#3 {main}
  thrown
#0 [internal function]: CodeIgniter\Debug\Exceptions->shutdownHandler()
#1 {main}
CRITICAL - 2024-09-25 21:07:19 --> file_exists(): open_basedir restriction in effect. File(/www/wwwroot/iaclicks.com/inc/plugins/Payment.zip/Config/Routes.php) is not within the allowed path(s): (/www/wwwroot/iaclicks.com/:/tmp/)
#0 [internal function]: CodeIgniter\Debug\Exceptions->errorHandler()
#1 /www/wwwroot/iaclicks.com/app/Config/Routes.php(68): file_exists()
#2 /www/wwwroot/iaclicks.com/vendor/codeigniter4/framework/system/CodeIgniter.php(713): require('...')
#3 /www/wwwroot/iaclicks.com/vendor/codeigniter4/framework/system/CodeIgniter.php(368): CodeIgniter\CodeIgniter->tryToRouteIt()
#4 /www/wwwroot/iaclicks.com/vendor/codeigniter4/framework/system/CodeIgniter.php(326): CodeIgniter\CodeIgniter->handleRequest()
#5 /www/wwwroot/iaclicks.com/index.php(44): CodeIgniter\CodeIgniter->run()
#6 {main}
CRITICAL - 2024-09-25 21:07:19 --> Uncaught ErrorException: Cannot modify header information - headers already sent by (output started at /www/wwwroot/iaclicks.com/app/Config/Events.php:35) in /www/wwwroot/iaclicks.com/vendor/codeigniter4/framework/system/Debug/Exceptions.php:112
Stack trace:
#0 [internal function]: CodeIgniter\Debug\Exceptions->errorHandler()
#1 /www/wwwroot/iaclicks.com/vendor/codeigniter4/framework/system/Debug/Exceptions.php(112): header()
#2 [internal function]: CodeIgniter\Debug\Exceptions->exceptionHandler()
#3 {main}
  thrown
#0 [internal function]: CodeIgniter\Debug\Exceptions->shutdownHandler()
#1 {main}
CRITICAL - 2024-09-25 21:07:20 --> file_exists(): open_basedir restriction in effect. File(/www/wwwroot/iaclicks.com/inc/plugins/Payment.zip/Config/Routes.php) is not within the allowed path(s): (/www/wwwroot/iaclicks.com/:/tmp/)
#0 [internal function]: CodeIgniter\Debug\Exceptions->errorHandler()
#1 /www/wwwroot/iaclicks.com/app/Config/Routes.php(68): file_exists()
#2 /www/wwwroot/iaclicks.com/vendor/codeigniter4/framework/system/CodeIgniter.php(713): require('...')
#3 /www/wwwroot/iaclicks.com/vendor/codeigniter4/framework/system/CodeIgniter.php(368): CodeIgniter\CodeIgniter->tryToRouteIt()
#4 /www/wwwroot/iaclicks.com/vendor/codeigniter4/framework/system/CodeIgniter.php(326): CodeIgniter\CodeIgniter->handleRequest()
#5 /www/wwwroot/iaclicks.com/index.php(44): CodeIgniter\CodeIgniter->run()
#6 {main}
CRITICAL - 2024-09-25 21:07:20 --> Uncaught ErrorException: Cannot modify header information - headers already sent by (output started at /www/wwwroot/iaclicks.com/app/Config/Events.php:35) in /www/wwwroot/iaclicks.com/vendor/codeigniter4/framework/system/Debug/Exceptions.php:112
Stack trace:
#0 [internal function]: CodeIgniter\Debug\Exceptions->errorHandler()
#1 /www/wwwroot/iaclicks.com/vendor/codeigniter4/framework/system/Debug/Exceptions.php(112): header()
#2 [internal function]: CodeIgniter\Debug\Exceptions->exceptionHandler()
#3 {main}
  thrown
#0 [internal function]: CodeIgniter\Debug\Exceptions->shutdownHandler()
#1 {main}
CRITICAL - 2024-09-25 21:07:21 --> file_exists(): open_basedir restriction in effect. File(/www/wwwroot/iaclicks.com/inc/plugins/Payment.zip/Config/Routes.php) is not within the allowed path(s): (/www/wwwroot/iaclicks.com/:/tmp/)
#0 [internal function]: CodeIgniter\Debug\Exceptions->errorHandler()
#1 /www/wwwroot/iaclicks.com/app/Config/Routes.php(68): file_exists()
#2 /www/wwwroot/iaclicks.com/vendor/codeigniter4/framework/system/CodeIgniter.php(713): require('...')
#3 /www/wwwroot/iaclicks.com/vendor/codeigniter4/framework/system/CodeIgniter.php(368): CodeIgniter\CodeIgniter->tryToRouteIt()
#4 /www/wwwroot/iaclicks.com/vendor/codeigniter4/framework/system/CodeIgniter.php(326): CodeIgniter\CodeIgniter->handleRequest()
#5 /www/wwwroot/iaclicks.com/index.php(44): CodeIgniter\CodeIgniter->run()
#6 {main}
CRITICAL - 2024-09-25 21:07:21 --> Uncaught ErrorException: Cannot modify header information - headers already sent by (output started at /www/wwwroot/iaclicks.com/app/Config/Events.php:35) in /www/wwwroot/iaclicks.com/vendor/codeigniter4/framework/system/Debug/Exceptions.php:112
Stack trace:
#0 [internal function]: CodeIgniter\Debug\Exceptions->errorHandler()
#1 /www/wwwroot/iaclicks.com/vendor/codeigniter4/framework/system/Debug/Exceptions.php(112): header()
#2 [internal function]: CodeIgniter\Debug\Exceptions->exceptionHandler()
#3 {main}
  thrown
#0 [internal function]: CodeIgniter\Debug\Exceptions->shutdownHandler()
#1 {main}
CRITICAL - 2024-09-25 21:07:21 --> file_exists(): open_basedir restriction in effect. File(/www/wwwroot/iaclicks.com/inc/plugins/Payment.zip/Config/Routes.php) is not within the allowed path(s): (/www/wwwroot/iaclicks.com/:/tmp/)
#0 [internal function]: CodeIgniter\Debug\Exceptions->errorHandler()
#1 /www/wwwroot/iaclicks.com/app/Config/Routes.php(68): file_exists()
#2 /www/wwwroot/iaclicks.com/vendor/codeigniter4/framework/system/CodeIgniter.php(713): require('...')
#3 /www/wwwroot/iaclicks.com/vendor/codeigniter4/framework/system/CodeIgniter.php(368): CodeIgniter\CodeIgniter->tryToRouteIt()
#4 /www/wwwroot/iaclicks.com/vendor/codeigniter4/framework/system/CodeIgniter.php(326): CodeIgniter\CodeIgniter->handleRequest()
#5 /www/wwwroot/iaclicks.com/index.php(44): CodeIgniter\CodeIgniter->run()
#6 {main}
CRITICAL - 2024-09-25 21:07:21 --> Uncaught ErrorException: Cannot modify header information - headers already sent by (output started at /www/wwwroot/iaclicks.com/app/Config/Events.php:35) in /www/wwwroot/iaclicks.com/vendor/codeigniter4/framework/system/Debug/Exceptions.php:112
Stack trace:
#0 [internal function]: CodeIgniter\Debug\Exceptions->errorHandler()
#1 /www/wwwroot/iaclicks.com/vendor/codeigniter4/framework/system/Debug/Exceptions.php(112): header()
#2 [internal function]: CodeIgniter\Debug\Exceptions->exceptionHandler()
#3 {main}
  thrown
#0 [internal function]: CodeIgniter\Debug\Exceptions->shutdownHandler()
#1 {main}
CRITICAL - 2024-09-25 21:07:22 --> file_exists(): open_basedir restriction in effect. File(/www/wwwroot/iaclicks.com/inc/plugins/Payment.zip/Config/Routes.php) is not within the allowed path(s): (/www/wwwroot/iaclicks.com/:/tmp/)
#0 [internal function]: CodeIgniter\Debug\Exceptions->errorHandler()
#1 /www/wwwroot/iaclicks.com/app/Config/Routes.php(68): file_exists()
#2 /www/wwwroot/iaclicks.com/vendor/codeigniter4/framework/system/CodeIgniter.php(713): require('...')
#3 /www/wwwroot/iaclicks.com/vendor/codeigniter4/framework/system/CodeIgniter.php(368): CodeIgniter\CodeIgniter->tryToRouteIt()
#4 /www/wwwroot/iaclicks.com/vendor/codeigniter4/framework/system/CodeIgniter.php(326): CodeIgniter\CodeIgniter->handleRequest()
#5 /www/wwwroot/iaclicks.com/index.php(44): CodeIgniter\CodeIgniter->run()
#6 {main}
CRITICAL - 2024-09-25 21:07:22 --> Uncaught ErrorException: Cannot modify header information - headers already sent by (output started at /www/wwwroot/iaclicks.com/app/Config/Events.php:35) in /www/wwwroot/iaclicks.com/vendor/codeigniter4/framework/system/Debug/Exceptions.php:112
Stack trace:
#0 [internal function]: CodeIgniter\Debug\Exceptions->errorHandler()
#1 /www/wwwroot/iaclicks.com/vendor/codeigniter4/framework/system/Debug/Exceptions.php(112): header()
#2 [internal function]: CodeIgniter\Debug\Exceptions->exceptionHandler()
#3 {main}
  thrown
#0 [internal function]: CodeIgniter\Debug\Exceptions->shutdownHandler()
#1 {main}
CRITICAL - 2024-09-25 21:07:23 --> file_exists(): open_basedir restriction in effect. File(/www/wwwroot/iaclicks.com/inc/plugins/Payment.zip/Config/Routes.php) is not within the allowed path(s): (/www/wwwroot/iaclicks.com/:/tmp/)
#0 [internal function]: CodeIgniter\Debug\Exceptions->errorHandler()
#1 /www/wwwroot/iaclicks.com/app/Config/Routes.php(68): file_exists()
#2 /www/wwwroot/iaclicks.com/vendor/codeigniter4/framework/system/CodeIgniter.php(713): require('...')
#3 /www/wwwroot/iaclicks.com/vendor/codeigniter4/framework/system/CodeIgniter.php(368): CodeIgniter\CodeIgniter->tryToRouteIt()
#4 /www/wwwroot/iaclicks.com/vendor/codeigniter4/framework/system/CodeIgniter.php(326): CodeIgniter\CodeIgniter->handleRequest()
#5 /www/wwwroot/iaclicks.com/index.php(44): CodeIgniter\CodeIgniter->run()
#6 {main}
CRITICAL - 2024-09-25 21:07:23 --> Uncaught ErrorException: Cannot modify header information - headers already sent by (output started at /www/wwwroot/iaclicks.com/app/Config/Events.php:35) in /www/wwwroot/iaclicks.com/vendor/codeigniter4/framework/system/Debug/Exceptions.php:112
Stack trace:
#0 [internal function]: CodeIgniter\Debug\Exceptions->errorHandler()
#1 /www/wwwroot/iaclicks.com/vendor/codeigniter4/framework/system/Debug/Exceptions.php(112): header()
#2 [internal function]: CodeIgniter\Debug\Exceptions->exceptionHandler()
#3 {main}
  thrown
#0 [internal function]: CodeIgniter\Debug\Exceptions->shutdownHandler()
#1 {main}
CRITICAL - 2024-09-25 21:23:04 --> file_exists(): open_basedir restriction in effect. File(/www/wwwroot/iaclicks.com/inc/plugins/Payment.zip/Config/Routes.php) is not within the allowed path(s): (/www/wwwroot/iaclicks.com/:/tmp/)
#0 [internal function]: CodeIgniter\Debug\Exceptions->errorHandler()
#1 /www/wwwroot/iaclicks.com/app/Config/Routes.php(68): file_exists()
#2 /www/wwwroot/iaclicks.com/vendor/codeigniter4/framework/system/CodeIgniter.php(713): require('...')
#3 /www/wwwroot/iaclicks.com/vendor/codeigniter4/framework/system/CodeIgniter.php(368): CodeIgniter\CodeIgniter->tryToRouteIt()
#4 /www/wwwroot/iaclicks.com/vendor/codeigniter4/framework/system/CodeIgniter.php(326): CodeIgniter\CodeIgniter->handleRequest()
#5 /www/wwwroot/iaclicks.com/index.php(44): CodeIgniter\CodeIgniter->run()
#6 {main}
CRITICAL - 2024-09-25 21:23:04 --> Uncaught ErrorException: Cannot modify header information - headers already sent by (output started at /www/wwwroot/iaclicks.com/app/Config/Events.php:35) in /www/wwwroot/iaclicks.com/vendor/codeigniter4/framework/system/Debug/Exceptions.php:112
Stack trace:
#0 [internal function]: CodeIgniter\Debug\Exceptions->errorHandler()
#1 /www/wwwroot/iaclicks.com/vendor/codeigniter4/framework/system/Debug/Exceptions.php(112): header()
#2 [internal function]: CodeIgniter\Debug\Exceptions->exceptionHandler()
#3 {main}
  thrown
#0 [internal function]: CodeIgniter\Debug\Exceptions->shutdownHandler()
#1 {main}
CRITICAL - 2024-09-25 21:23:05 --> file_exists(): open_basedir restriction in effect. File(/www/wwwroot/iaclicks.com/inc/plugins/Payment.zip/Config/Routes.php) is not within the allowed path(s): (/www/wwwroot/iaclicks.com/:/tmp/)
#0 [internal function]: CodeIgniter\Debug\Exceptions->errorHandler()
#1 /www/wwwroot/iaclicks.com/app/Config/Routes.php(68): file_exists()
#2 /www/wwwroot/iaclicks.com/vendor/codeigniter4/framework/system/CodeIgniter.php(713): require('...')
#3 /www/wwwroot/iaclicks.com/vendor/codeigniter4/framework/system/CodeIgniter.php(368): CodeIgniter\CodeIgniter->tryToRouteIt()
#4 /www/wwwroot/iaclicks.com/vendor/codeigniter4/framework/system/CodeIgniter.php(326): CodeIgniter\CodeIgniter->handleRequest()
#5 /www/wwwroot/iaclicks.com/index.php(44): CodeIgniter\CodeIgniter->run()
#6 {main}
CRITICAL - 2024-09-25 21:23:05 --> Uncaught ErrorException: Cannot modify header information - headers already sent by (output started at /www/wwwroot/iaclicks.com/app/Config/Events.php:35) in /www/wwwroot/iaclicks.com/vendor/codeigniter4/framework/system/Debug/Exceptions.php:112
Stack trace:
#0 [internal function]: CodeIgniter\Debug\Exceptions->errorHandler()
#1 /www/wwwroot/iaclicks.com/vendor/codeigniter4/framework/system/Debug/Exceptions.php(112): header()
#2 [internal function]: CodeIgniter\Debug\Exceptions->exceptionHandler()
#3 {main}
  thrown
#0 [internal function]: CodeIgniter\Debug\Exceptions->shutdownHandler()
#1 {main}
CRITICAL - 2024-09-25 21:24:06 --> file_exists(): open_basedir restriction in effect. File(/www/wwwroot/iaclicks.com/inc/plugins/Payment.zip/Config/Routes.php) is not within the allowed path(s): (/www/wwwroot/iaclicks.com/:/tmp/)
#0 [internal function]: CodeIgniter\Debug\Exceptions->errorHandler()
#1 /www/wwwroot/iaclicks.com/app/Config/Routes.php(68): file_exists()
#2 /www/wwwroot/iaclicks.com/vendor/codeigniter4/framework/system/CodeIgniter.php(713): require('...')
#3 /www/wwwroot/iaclicks.com/vendor/codeigniter4/framework/system/CodeIgniter.php(368): CodeIgniter\CodeIgniter->tryToRouteIt()
#4 /www/wwwroot/iaclicks.com/vendor/codeigniter4/framework/system/CodeIgniter.php(326): CodeIgniter\CodeIgniter->handleRequest()
#5 /www/wwwroot/iaclicks.com/index.php(44): CodeIgniter\CodeIgniter->run()
#6 {main}
CRITICAL - 2024-09-25 21:24:06 --> Uncaught ErrorException: Cannot modify header information - headers already sent by (output started at /www/wwwroot/iaclicks.com/app/Config/Events.php:35) in /www/wwwroot/iaclicks.com/vendor/codeigniter4/framework/system/Debug/Exceptions.php:112
Stack trace:
#0 [internal function]: CodeIgniter\Debug\Exceptions->errorHandler()
#1 /www/wwwroot/iaclicks.com/vendor/codeigniter4/framework/system/Debug/Exceptions.php(112): header()
#2 [internal function]: CodeIgniter\Debug\Exceptions->exceptionHandler()
#3 {main}
  thrown
#0 [internal function]: CodeIgniter\Debug\Exceptions->shutdownHandler()
#1 {main}
CRITICAL - 2024-09-25 21:37:06 --> file_exists(): open_basedir restriction in effect. File(/www/wwwroot/iaclicks.com/inc/plugins/Payment.zip/Config/Routes.php) is not within the allowed path(s): (/www/wwwroot/iaclicks.com/:/tmp/)
#0 [internal function]: CodeIgniter\Debug\Exceptions->errorHandler()
#1 /www/wwwroot/iaclicks.com/app/Config/Routes.php(68): file_exists()
#2 /www/wwwroot/iaclicks.com/vendor/codeigniter4/framework/system/CodeIgniter.php(713): require('...')
#3 /www/wwwroot/iaclicks.com/vendor/codeigniter4/framework/system/CodeIgniter.php(368): CodeIgniter\CodeIgniter->tryToRouteIt()
#4 /www/wwwroot/iaclicks.com/vendor/codeigniter4/framework/system/CodeIgniter.php(326): CodeIgniter\CodeIgniter->handleRequest()
#5 /www/wwwroot/iaclicks.com/index.php(44): CodeIgniter\CodeIgniter->run()
#6 {main}
CRITICAL - 2024-09-25 21:37:06 --> Uncaught ErrorException: Cannot modify header information - headers already sent by (output started at /www/wwwroot/iaclicks.com/app/Config/Events.php:35) in /www/wwwroot/iaclicks.com/vendor/codeigniter4/framework/system/Debug/Exceptions.php:112
Stack trace:
#0 [internal function]: CodeIgniter\Debug\Exceptions->errorHandler()
#1 /www/wwwroot/iaclicks.com/vendor/codeigniter4/framework/system/Debug/Exceptions.php(112): header()
#2 [internal function]: CodeIgniter\Debug\Exceptions->exceptionHandler()
#3 {main}
  thrown
#0 [internal function]: CodeIgniter\Debug\Exceptions->shutdownHandler()
#1 {main}
CRITICAL - 2024-09-25 21:37:23 --> file_exists(): open_basedir restriction in effect. File(/www/wwwroot/iaclicks.com/inc/plugins/Payment.zip/Config/Routes.php) is not within the allowed path(s): (/www/wwwroot/iaclicks.com/:/tmp/)
#0 [internal function]: CodeIgniter\Debug\Exceptions->errorHandler()
#1 /www/wwwroot/iaclicks.com/app/Config/Routes.php(68): file_exists()
#2 /www/wwwroot/iaclicks.com/vendor/codeigniter4/framework/system/CodeIgniter.php(713): require('...')
#3 /www/wwwroot/iaclicks.com/vendor/codeigniter4/framework/system/CodeIgniter.php(368): CodeIgniter\CodeIgniter->tryToRouteIt()
#4 /www/wwwroot/iaclicks.com/vendor/codeigniter4/framework/system/CodeIgniter.php(326): CodeIgniter\CodeIgniter->handleRequest()
#5 /www/wwwroot/iaclicks.com/index.php(44): CodeIgniter\CodeIgniter->run()
#6 {main}
CRITICAL - 2024-09-25 21:37:23 --> Uncaught ErrorException: Cannot modify header information - headers already sent by (output started at /www/wwwroot/iaclicks.com/app/Config/Events.php:35) in /www/wwwroot/iaclicks.com/vendor/codeigniter4/framework/system/Debug/Exceptions.php:112
Stack trace:
#0 [internal function]: CodeIgniter\Debug\Exceptions->errorHandler()
#1 /www/wwwroot/iaclicks.com/vendor/codeigniter4/framework/system/Debug/Exceptions.php(112): header()
#2 [internal function]: CodeIgniter\Debug\Exceptions->exceptionHandler()
#3 {main}
  thrown
#0 [internal function]: CodeIgniter\Debug\Exceptions->shutdownHandler()
#1 {main}
CRITICAL - 2024-09-25 21:37:23 --> file_exists(): open_basedir restriction in effect. File(/www/wwwroot/iaclicks.com/inc/plugins/Payment.zip/Config/Routes.php) is not within the allowed path(s): (/www/wwwroot/iaclicks.com/:/tmp/)
#0 [internal function]: CodeIgniter\Debug\Exceptions->errorHandler()
#1 /www/wwwroot/iaclicks.com/app/Config/Routes.php(68): file_exists()
#2 /www/wwwroot/iaclicks.com/vendor/codeigniter4/framework/system/CodeIgniter.php(713): require('...')
#3 /www/wwwroot/iaclicks.com/vendor/codeigniter4/framework/system/CodeIgniter.php(368): CodeIgniter\CodeIgniter->tryToRouteIt()
#4 /www/wwwroot/iaclicks.com/vendor/codeigniter4/framework/system/CodeIgniter.php(326): CodeIgniter\CodeIgniter->handleRequest()
#5 /www/wwwroot/iaclicks.com/index.php(44): CodeIgniter\CodeIgniter->run()
#6 {main}
CRITICAL - 2024-09-25 21:37:23 --> Uncaught ErrorException: Cannot modify header information - headers already sent by (output started at /www/wwwroot/iaclicks.com/app/Config/Events.php:35) in /www/wwwroot/iaclicks.com/vendor/codeigniter4/framework/system/Debug/Exceptions.php:112
Stack trace:
#0 [internal function]: CodeIgniter\Debug\Exceptions->errorHandler()
#1 /www/wwwroot/iaclicks.com/vendor/codeigniter4/framework/system/Debug/Exceptions.php(112): header()
#2 [internal function]: CodeIgniter\Debug\Exceptions->exceptionHandler()
#3 {main}
  thrown
#0 [internal function]: CodeIgniter\Debug\Exceptions->shutdownHandler()
#1 {main}
CRITICAL - 2024-09-25 21:38:04 --> file_exists(): open_basedir restriction in effect. File(/www/wwwroot/iaclicks.com/inc/plugins/Payment.zip/Config/Routes.php) is not within the allowed path(s): (/www/wwwroot/iaclicks.com/:/tmp/)
#0 [internal function]: CodeIgniter\Debug\Exceptions->errorHandler()
#1 /www/wwwroot/iaclicks.com/app/Config/Routes.php(68): file_exists()
#2 /www/wwwroot/iaclicks.com/vendor/codeigniter4/framework/system/CodeIgniter.php(713): require('...')
#3 /www/wwwroot/iaclicks.com/vendor/codeigniter4/framework/system/CodeIgniter.php(368): CodeIgniter\CodeIgniter->tryToRouteIt()
#4 /www/wwwroot/iaclicks.com/vendor/codeigniter4/framework/system/CodeIgniter.php(326): CodeIgniter\CodeIgniter->handleRequest()
#5 /www/wwwroot/iaclicks.com/index.php(44): CodeIgniter\CodeIgniter->run()
#6 {main}
CRITICAL - 2024-09-25 21:38:04 --> Uncaught ErrorException: Cannot modify header information - headers already sent by (output started at /www/wwwroot/iaclicks.com/app/Config/Events.php:35) in /www/wwwroot/iaclicks.com/vendor/codeigniter4/framework/system/Debug/Exceptions.php:112
Stack trace:
#0 [internal function]: CodeIgniter\Debug\Exceptions->errorHandler()
#1 /www/wwwroot/iaclicks.com/vendor/codeigniter4/framework/system/Debug/Exceptions.php(112): header()
#2 [internal function]: CodeIgniter\Debug\Exceptions->exceptionHandler()
#3 {main}
  thrown
#0 [internal function]: CodeIgniter\Debug\Exceptions->shutdownHandler()
#1 {main}
CRITICAL - 2024-09-25 21:49:16 --> file_exists(): open_basedir restriction in effect. File(/www/wwwroot/iaclicks.com/inc/plugins/Payment.zip/Config/Routes.php) is not within the allowed path(s): (/www/wwwroot/iaclicks.com/:/tmp/)
#0 [internal function]: CodeIgniter\Debug\Exceptions->errorHandler()
#1 /www/wwwroot/iaclicks.com/app/Config/Routes.php(68): file_exists()
#2 /www/wwwroot/iaclicks.com/vendor/codeigniter4/framework/system/CodeIgniter.php(713): require('...')
#3 /www/wwwroot/iaclicks.com/vendor/codeigniter4/framework/system/CodeIgniter.php(368): CodeIgniter\CodeIgniter->tryToRouteIt()
#4 /www/wwwroot/iaclicks.com/vendor/codeigniter4/framework/system/CodeIgniter.php(326): CodeIgniter\CodeIgniter->handleRequest()
#5 /www/wwwroot/iaclicks.com/index.php(44): CodeIgniter\CodeIgniter->run()
#6 {main}
CRITICAL - 2024-09-25 21:49:16 --> Uncaught ErrorException: Cannot modify header information - headers already sent by (output started at /www/wwwroot/iaclicks.com/app/Config/Events.php:35) in /www/wwwroot/iaclicks.com/vendor/codeigniter4/framework/system/Debug/Exceptions.php:112
Stack trace:
#0 [internal function]: CodeIgniter\Debug\Exceptions->errorHandler()
#1 /www/wwwroot/iaclicks.com/vendor/codeigniter4/framework/system/Debug/Exceptions.php(112): header()
#2 [internal function]: CodeIgniter\Debug\Exceptions->exceptionHandler()
#3 {main}
  thrown
#0 [internal function]: CodeIgniter\Debug\Exceptions->shutdownHandler()
#1 {main}
CRITICAL - 2024-09-25 21:49:16 --> file_exists(): open_basedir restriction in effect. File(/www/wwwroot/iaclicks.com/inc/plugins/Payment.zip/Config/Routes.php) is not within the allowed path(s): (/www/wwwroot/iaclicks.com/:/tmp/)
#0 [internal function]: CodeIgniter\Debug\Exceptions->errorHandler()
#1 /www/wwwroot/iaclicks.com/app/Config/Routes.php(68): file_exists()
#2 /www/wwwroot/iaclicks.com/vendor/codeigniter4/framework/system/CodeIgniter.php(713): require('...')
#3 /www/wwwroot/iaclicks.com/vendor/codeigniter4/framework/system/CodeIgniter.php(368): CodeIgniter\CodeIgniter->tryToRouteIt()
#4 /www/wwwroot/iaclicks.com/vendor/codeigniter4/framework/system/CodeIgniter.php(326): CodeIgniter\CodeIgniter->handleRequest()
#5 /www/wwwroot/iaclicks.com/index.php(44): CodeIgniter\CodeIgniter->run()
#6 {main}
CRITICAL - 2024-09-25 21:49:16 --> Uncaught ErrorException: Cannot modify header information - headers already sent by (output started at /www/wwwroot/iaclicks.com/app/Config/Events.php:35) in /www/wwwroot/iaclicks.com/vendor/codeigniter4/framework/system/Debug/Exceptions.php:112
Stack trace:
#0 [internal function]: CodeIgniter\Debug\Exceptions->errorHandler()
#1 /www/wwwroot/iaclicks.com/vendor/codeigniter4/framework/system/Debug/Exceptions.php(112): header()
#2 [internal function]: CodeIgniter\Debug\Exceptions->exceptionHandler()
#3 {main}
  thrown
#0 [internal function]: CodeIgniter\Debug\Exceptions->shutdownHandler()
#1 {main}
CRITICAL - 2024-09-25 21:50:10 --> file_exists(): open_basedir restriction in effect. File(/www/wwwroot/iaclicks.com/inc/plugins/Payment.zip/Config/Routes.php) is not within the allowed path(s): (/www/wwwroot/iaclicks.com/:/tmp/)
#0 [internal function]: CodeIgniter\Debug\Exceptions->errorHandler()
#1 /www/wwwroot/iaclicks.com/app/Config/Routes.php(68): file_exists()
#2 /www/wwwroot/iaclicks.com/vendor/codeigniter4/framework/system/CodeIgniter.php(713): require('...')
#3 /www/wwwroot/iaclicks.com/vendor/codeigniter4/framework/system/CodeIgniter.php(368): CodeIgniter\CodeIgniter->tryToRouteIt()
#4 /www/wwwroot/iaclicks.com/vendor/codeigniter4/framework/system/CodeIgniter.php(326): CodeIgniter\CodeIgniter->handleRequest()
#5 /www/wwwroot/iaclicks.com/index.php(44): CodeIgniter\CodeIgniter->run()
#6 {main}
CRITICAL - 2024-09-25 21:50:10 --> Uncaught ErrorException: Cannot modify header information - headers already sent by (output started at /www/wwwroot/iaclicks.com/app/Config/Events.php:35) in /www/wwwroot/iaclicks.com/vendor/codeigniter4/framework/system/Debug/Exceptions.php:112
Stack trace:
#0 [internal function]: CodeIgniter\Debug\Exceptions->errorHandler()
#1 /www/wwwroot/iaclicks.com/vendor/codeigniter4/framework/system/Debug/Exceptions.php(112): header()
#2 [internal function]: CodeIgniter\Debug\Exceptions->exceptionHandler()
#3 {main}
  thrown
#0 [internal function]: CodeIgniter\Debug\Exceptions->shutdownHandler()
#1 {main}
CRITICAL - 2024-09-25 22:01:59 --> file_exists(): open_basedir restriction in effect. File(/www/wwwroot/iaclicks.com/inc/plugins/Payment.zip/Config/Routes.php) is not within the allowed path(s): (/www/wwwroot/iaclicks.com/:/tmp/)
#0 [internal function]: CodeIgniter\Debug\Exceptions->errorHandler()
#1 /www/wwwroot/iaclicks.com/app/Config/Routes.php(68): file_exists()
#2 /www/wwwroot/iaclicks.com/vendor/codeigniter4/framework/system/CodeIgniter.php(713): require('...')
#3 /www/wwwroot/iaclicks.com/vendor/codeigniter4/framework/system/CodeIgniter.php(368): CodeIgniter\CodeIgniter->tryToRouteIt()
#4 /www/wwwroot/iaclicks.com/vendor/codeigniter4/framework/system/CodeIgniter.php(326): CodeIgniter\CodeIgniter->handleRequest()
#5 /www/wwwroot/iaclicks.com/index.php(44): CodeIgniter\CodeIgniter->run()
#6 {main}
CRITICAL - 2024-09-25 22:01:59 --> Uncaught ErrorException: Cannot modify header information - headers already sent by (output started at /www/wwwroot/iaclicks.com/app/Config/Events.php:35) in /www/wwwroot/iaclicks.com/vendor/codeigniter4/framework/system/Debug/Exceptions.php:112
Stack trace:
#0 [internal function]: CodeIgniter\Debug\Exceptions->errorHandler()
#1 /www/wwwroot/iaclicks.com/vendor/codeigniter4/framework/system/Debug/Exceptions.php(112): header()
#2 [internal function]: CodeIgniter\Debug\Exceptions->exceptionHandler()
#3 {main}
  thrown
#0 [internal function]: CodeIgniter\Debug\Exceptions->shutdownHandler()
#1 {main}
CRITICAL - 2024-09-25 22:23:06 --> file_exists(): open_basedir restriction in effect. File(/www/wwwroot/iaclicks.com/inc/plugins/Payment.zip/Config/Routes.php) is not within the allowed path(s): (/www/wwwroot/iaclicks.com/:/tmp/)
#0 [internal function]: CodeIgniter\Debug\Exceptions->errorHandler()
#1 /www/wwwroot/iaclicks.com/app/Config/Routes.php(68): file_exists()
#2 /www/wwwroot/iaclicks.com/vendor/codeigniter4/framework/system/CodeIgniter.php(713): require('...')
#3 /www/wwwroot/iaclicks.com/vendor/codeigniter4/framework/system/CodeIgniter.php(368): CodeIgniter\CodeIgniter->tryToRouteIt()
#4 /www/wwwroot/iaclicks.com/vendor/codeigniter4/framework/system/CodeIgniter.php(326): CodeIgniter\CodeIgniter->handleRequest()
#5 /www/wwwroot/iaclicks.com/index.php(44): CodeIgniter\CodeIgniter->run()
#6 {main}
CRITICAL - 2024-09-25 22:23:06 --> Uncaught ErrorException: Cannot modify header information - headers already sent by (output started at /www/wwwroot/iaclicks.com/app/Config/Events.php:35) in /www/wwwroot/iaclicks.com/vendor/codeigniter4/framework/system/Debug/Exceptions.php:112
Stack trace:
#0 [internal function]: CodeIgniter\Debug\Exceptions->errorHandler()
#1 /www/wwwroot/iaclicks.com/vendor/codeigniter4/framework/system/Debug/Exceptions.php(112): header()
#2 [internal function]: CodeIgniter\Debug\Exceptions->exceptionHandler()
#3 {main}
  thrown
#0 [internal function]: CodeIgniter\Debug\Exceptions->shutdownHandler()
#1 {main}
CRITICAL - 2024-09-25 22:23:07 --> file_exists(): open_basedir restriction in effect. File(/www/wwwroot/iaclicks.com/inc/plugins/Payment.zip/Config/Routes.php) is not within the allowed path(s): (/www/wwwroot/iaclicks.com/:/tmp/)
#0 [internal function]: CodeIgniter\Debug\Exceptions->errorHandler()
#1 /www/wwwroot/iaclicks.com/app/Config/Routes.php(68): file_exists()
#2 /www/wwwroot/iaclicks.com/vendor/codeigniter4/framework/system/CodeIgniter.php(713): require('...')
#3 /www/wwwroot/iaclicks.com/vendor/codeigniter4/framework/system/CodeIgniter.php(368): CodeIgniter\CodeIgniter->tryToRouteIt()
#4 /www/wwwroot/iaclicks.com/vendor/codeigniter4/framework/system/CodeIgniter.php(326): CodeIgniter\CodeIgniter->handleRequest()
#5 /www/wwwroot/iaclicks.com/index.php(44): CodeIgniter\CodeIgniter->run()
#6 {main}
CRITICAL - 2024-09-25 22:23:07 --> Uncaught ErrorException: Cannot modify header information - headers already sent by (output started at /www/wwwroot/iaclicks.com/app/Config/Events.php:35) in /www/wwwroot/iaclicks.com/vendor/codeigniter4/framework/system/Debug/Exceptions.php:112
Stack trace:
#0 [internal function]: CodeIgniter\Debug\Exceptions->errorHandler()
#1 /www/wwwroot/iaclicks.com/vendor/codeigniter4/framework/system/Debug/Exceptions.php(112): header()
#2 [internal function]: CodeIgniter\Debug\Exceptions->exceptionHandler()
#3 {main}
  thrown
#0 [internal function]: CodeIgniter\Debug\Exceptions->shutdownHandler()
#1 {main}
CRITICAL - 2024-09-25 22:23:48 --> file_exists(): open_basedir restriction in effect. File(/www/wwwroot/iaclicks.com/inc/plugins/Payment.zip/Config/Routes.php) is not within the allowed path(s): (/www/wwwroot/iaclicks.com/:/tmp/)
#0 [internal function]: CodeIgniter\Debug\Exceptions->errorHandler()
#1 /www/wwwroot/iaclicks.com/app/Config/Routes.php(68): file_exists()
#2 /www/wwwroot/iaclicks.com/vendor/codeigniter4/framework/system/CodeIgniter.php(713): require('...')
#3 /www/wwwroot/iaclicks.com/vendor/codeigniter4/framework/system/CodeIgniter.php(368): CodeIgniter\CodeIgniter->tryToRouteIt()
#4 /www/wwwroot/iaclicks.com/vendor/codeigniter4/framework/system/CodeIgniter.php(326): CodeIgniter\CodeIgniter->handleRequest()
#5 /www/wwwroot/iaclicks.com/index.php(44): CodeIgniter\CodeIgniter->run()
#6 {main}
CRITICAL - 2024-09-25 22:23:48 --> Uncaught ErrorException: Cannot modify header information - headers already sent by (output started at /www/wwwroot/iaclicks.com/app/Config/Events.php:35) in /www/wwwroot/iaclicks.com/vendor/codeigniter4/framework/system/Debug/Exceptions.php:112
Stack trace:
#0 [internal function]: CodeIgniter\Debug\Exceptions->errorHandler()
#1 /www/wwwroot/iaclicks.com/vendor/codeigniter4/framework/system/Debug/Exceptions.php(112): header()
#2 [internal function]: CodeIgniter\Debug\Exceptions->exceptionHandler()
#3 {main}
  thrown
#0 [internal function]: CodeIgniter\Debug\Exceptions->shutdownHandler()
#1 {main}
CRITICAL - 2024-09-25 22:27:00 --> file_exists(): open_basedir restriction in effect. File(/www/wwwroot/iaclicks.com/inc/plugins/Payment.zip/Config/Routes.php) is not within the allowed path(s): (/www/wwwroot/iaclicks.com/:/tmp/)
#0 [internal function]: CodeIgniter\Debug\Exceptions->errorHandler()
#1 /www/wwwroot/iaclicks.com/app/Config/Routes.php(68): file_exists()
#2 /www/wwwroot/iaclicks.com/vendor/codeigniter4/framework/system/CodeIgniter.php(713): require('...')
#3 /www/wwwroot/iaclicks.com/vendor/codeigniter4/framework/system/CodeIgniter.php(368): CodeIgniter\CodeIgniter->tryToRouteIt()
#4 /www/wwwroot/iaclicks.com/vendor/codeigniter4/framework/system/CodeIgniter.php(326): CodeIgniter\CodeIgniter->handleRequest()
#5 /www/wwwroot/iaclicks.com/index.php(44): CodeIgniter\CodeIgniter->run()
#6 {main}
CRITICAL - 2024-09-25 22:27:00 --> Uncaught ErrorException: Cannot modify header information - headers already sent by (output started at /www/wwwroot/iaclicks.com/app/Config/Events.php:35) in /www/wwwroot/iaclicks.com/vendor/codeigniter4/framework/system/Debug/Exceptions.php:112
Stack trace:
#0 [internal function]: CodeIgniter\Debug\Exceptions->errorHandler()
#1 /www/wwwroot/iaclicks.com/vendor/codeigniter4/framework/system/Debug/Exceptions.php(112): header()
#2 [internal function]: CodeIgniter\Debug\Exceptions->exceptionHandler()
#3 {main}
  thrown
#0 [internal function]: CodeIgniter\Debug\Exceptions->shutdownHandler()
#1 {main}
CRITICAL - 2024-09-25 22:27:00 --> file_exists(): open_basedir restriction in effect. File(/www/wwwroot/iaclicks.com/inc/plugins/Payment.zip/Config/Routes.php) is not within the allowed path(s): (/www/wwwroot/iaclicks.com/:/tmp/)
#0 [internal function]: CodeIgniter\Debug\Exceptions->errorHandler()
#1 /www/wwwroot/iaclicks.com/app/Config/Routes.php(68): file_exists()
#2 /www/wwwroot/iaclicks.com/vendor/codeigniter4/framework/system/CodeIgniter.php(713): require('...')
#3 /www/wwwroot/iaclicks.com/vendor/codeigniter4/framework/system/CodeIgniter.php(368): CodeIgniter\CodeIgniter->tryToRouteIt()
#4 /www/wwwroot/iaclicks.com/vendor/codeigniter4/framework/system/CodeIgniter.php(326): CodeIgniter\CodeIgniter->handleRequest()
#5 /www/wwwroot/iaclicks.com/index.php(44): CodeIgniter\CodeIgniter->run()
#6 {main}
CRITICAL - 2024-09-25 22:27:00 --> Uncaught ErrorException: Cannot modify header information - headers already sent by (output started at /www/wwwroot/iaclicks.com/app/Config/Events.php:35) in /www/wwwroot/iaclicks.com/vendor/codeigniter4/framework/system/Debug/Exceptions.php:112
Stack trace:
#0 [internal function]: CodeIgniter\Debug\Exceptions->errorHandler()
#1 /www/wwwroot/iaclicks.com/vendor/codeigniter4/framework/system/Debug/Exceptions.php(112): header()
#2 [internal function]: CodeIgniter\Debug\Exceptions->exceptionHandler()
#3 {main}
  thrown
#0 [internal function]: CodeIgniter\Debug\Exceptions->shutdownHandler()
#1 {main}
CRITICAL - 2024-09-25 22:27:55 --> file_exists(): open_basedir restriction in effect. File(/www/wwwroot/iaclicks.com/inc/plugins/Payment.zip/Config/Routes.php) is not within the allowed path(s): (/www/wwwroot/iaclicks.com/:/tmp/)
#0 [internal function]: CodeIgniter\Debug\Exceptions->errorHandler()
#1 /www/wwwroot/iaclicks.com/app/Config/Routes.php(68): file_exists()
#2 /www/wwwroot/iaclicks.com/vendor/codeigniter4/framework/system/CodeIgniter.php(713): require('...')
#3 /www/wwwroot/iaclicks.com/vendor/codeigniter4/framework/system/CodeIgniter.php(368): CodeIgniter\CodeIgniter->tryToRouteIt()
#4 /www/wwwroot/iaclicks.com/vendor/codeigniter4/framework/system/CodeIgniter.php(326): CodeIgniter\CodeIgniter->handleRequest()
#5 /www/wwwroot/iaclicks.com/index.php(44): CodeIgniter\CodeIgniter->run()
#6 {main}
CRITICAL - 2024-09-25 22:27:55 --> Uncaught ErrorException: Cannot modify header information - headers already sent by (output started at /www/wwwroot/iaclicks.com/app/Config/Events.php:35) in /www/wwwroot/iaclicks.com/vendor/codeigniter4/framework/system/Debug/Exceptions.php:112
Stack trace:
#0 [internal function]: CodeIgniter\Debug\Exceptions->errorHandler()
#1 /www/wwwroot/iaclicks.com/vendor/codeigniter4/framework/system/Debug/Exceptions.php(112): header()
#2 [internal function]: CodeIgniter\Debug\Exceptions->exceptionHandler()
#3 {main}
  thrown
#0 [internal function]: CodeIgniter\Debug\Exceptions->shutdownHandler()
#1 {main}
CRITICAL - 2024-09-25 22:33:57 --> file_exists(): open_basedir restriction in effect. File(/www/wwwroot/iaclicks.com/inc/plugins/Payment.zip/Config/Routes.php) is not within the allowed path(s): (/www/wwwroot/iaclicks.com/:/tmp/)
#0 [internal function]: CodeIgniter\Debug\Exceptions->errorHandler()
#1 /www/wwwroot/iaclicks.com/app/Config/Routes.php(68): file_exists()
#2 /www/wwwroot/iaclicks.com/vendor/codeigniter4/framework/system/CodeIgniter.php(713): require('...')
#3 /www/wwwroot/iaclicks.com/vendor/codeigniter4/framework/system/CodeIgniter.php(368): CodeIgniter\CodeIgniter->tryToRouteIt()
#4 /www/wwwroot/iaclicks.com/vendor/codeigniter4/framework/system/CodeIgniter.php(326): CodeIgniter\CodeIgniter->handleRequest()
#5 /www/wwwroot/iaclicks.com/index.php(44): CodeIgniter\CodeIgniter->run()
#6 {main}
CRITICAL - 2024-09-25 22:33:57 --> Uncaught ErrorException: Cannot modify header information - headers already sent by (output started at /www/wwwroot/iaclicks.com/app/Config/Events.php:35) in /www/wwwroot/iaclicks.com/vendor/codeigniter4/framework/system/Debug/Exceptions.php:112
Stack trace:
#0 [internal function]: CodeIgniter\Debug\Exceptions->errorHandler()
#1 /www/wwwroot/iaclicks.com/vendor/codeigniter4/framework/system/Debug/Exceptions.php(112): header()
#2 [internal function]: CodeIgniter\Debug\Exceptions->exceptionHandler()
#3 {main}
  thrown
#0 [internal function]: CodeIgniter\Debug\Exceptions->shutdownHandler()
#1 {main}
CRITICAL - 2024-09-25 22:33:58 --> file_exists(): open_basedir restriction in effect. File(/www/wwwroot/iaclicks.com/inc/plugins/Payment.zip/Config/Routes.php) is not within the allowed path(s): (/www/wwwroot/iaclicks.com/:/tmp/)
#0 [internal function]: CodeIgniter\Debug\Exceptions->errorHandler()
#1 /www/wwwroot/iaclicks.com/app/Config/Routes.php(68): file_exists()
#2 /www/wwwroot/iaclicks.com/vendor/codeigniter4/framework/system/CodeIgniter.php(713): require('...')
#3 /www/wwwroot/iaclicks.com/vendor/codeigniter4/framework/system/CodeIgniter.php(368): CodeIgniter\CodeIgniter->tryToRouteIt()
#4 /www/wwwroot/iaclicks.com/vendor/codeigniter4/framework/system/CodeIgniter.php(326): CodeIgniter\CodeIgniter->handleRequest()
#5 /www/wwwroot/iaclicks.com/index.php(44): CodeIgniter\CodeIgniter->run()
#6 {main}
CRITICAL - 2024-09-25 22:33:58 --> Uncaught ErrorException: Cannot modify header information - headers already sent by (output started at /www/wwwroot/iaclicks.com/app/Config/Events.php:35) in /www/wwwroot/iaclicks.com/vendor/codeigniter4/framework/system/Debug/Exceptions.php:112
Stack trace:
#0 [internal function]: CodeIgniter\Debug\Exceptions->errorHandler()
#1 /www/wwwroot/iaclicks.com/vendor/codeigniter4/framework/system/Debug/Exceptions.php(112): header()
#2 [internal function]: CodeIgniter\Debug\Exceptions->exceptionHandler()
#3 {main}
  thrown
#0 [internal function]: CodeIgniter\Debug\Exceptions->shutdownHandler()
#1 {main}
CRITICAL - 2024-09-25 22:34:23 --> file_exists(): open_basedir restriction in effect. File(/www/wwwroot/iaclicks.com/inc/plugins/Payment.zip/Config/Routes.php) is not within the allowed path(s): (/www/wwwroot/iaclicks.com/:/tmp/)
#0 [internal function]: CodeIgniter\Debug\Exceptions->errorHandler()
#1 /www/wwwroot/iaclicks.com/app/Config/Routes.php(68): file_exists()
#2 /www/wwwroot/iaclicks.com/vendor/codeigniter4/framework/system/CodeIgniter.php(713): require('...')
#3 /www/wwwroot/iaclicks.com/vendor/codeigniter4/framework/system/CodeIgniter.php(368): CodeIgniter\CodeIgniter->tryToRouteIt()
#4 /www/wwwroot/iaclicks.com/vendor/codeigniter4/framework/system/CodeIgniter.php(326): CodeIgniter\CodeIgniter->handleRequest()
#5 /www/wwwroot/iaclicks.com/index.php(44): CodeIgniter\CodeIgniter->run()
#6 {main}
CRITICAL - 2024-09-25 22:34:23 --> Uncaught ErrorException: Cannot modify header information - headers already sent by (output started at /www/wwwroot/iaclicks.com/app/Config/Events.php:35) in /www/wwwroot/iaclicks.com/vendor/codeigniter4/framework/system/Debug/Exceptions.php:112
Stack trace:
#0 [internal function]: CodeIgniter\Debug\Exceptions->errorHandler()
#1 /www/wwwroot/iaclicks.com/vendor/codeigniter4/framework/system/Debug/Exceptions.php(112): header()
#2 [internal function]: CodeIgniter\Debug\Exceptions->exceptionHandler()
#3 {main}
  thrown
#0 [internal function]: CodeIgniter\Debug\Exceptions->shutdownHandler()
#1 {main}
CRITICAL - 2024-09-25 22:37:32 --> file_exists(): open_basedir restriction in effect. File(/www/wwwroot/iaclicks.com/inc/plugins/Payment.zip/Config/Routes.php) is not within the allowed path(s): (/www/wwwroot/iaclicks.com/:/tmp/)
#0 [internal function]: CodeIgniter\Debug\Exceptions->errorHandler()
#1 /www/wwwroot/iaclicks.com/app/Config/Routes.php(68): file_exists()
#2 /www/wwwroot/iaclicks.com/vendor/codeigniter4/framework/system/CodeIgniter.php(713): require('...')
#3 /www/wwwroot/iaclicks.com/vendor/codeigniter4/framework/system/CodeIgniter.php(368): CodeIgniter\CodeIgniter->tryToRouteIt()
#4 /www/wwwroot/iaclicks.com/vendor/codeigniter4/framework/system/CodeIgniter.php(326): CodeIgniter\CodeIgniter->handleRequest()
#5 /www/wwwroot/iaclicks.com/index.php(44): CodeIgniter\CodeIgniter->run()
#6 {main}
CRITICAL - 2024-09-25 22:37:32 --> Uncaught ErrorException: Cannot modify header information - headers already sent by (output started at /www/wwwroot/iaclicks.com/app/Config/Events.php:35) in /www/wwwroot/iaclicks.com/vendor/codeigniter4/framework/system/Debug/Exceptions.php:112
Stack trace:
#0 [internal function]: CodeIgniter\Debug\Exceptions->errorHandler()
#1 /www/wwwroot/iaclicks.com/vendor/codeigniter4/framework/system/Debug/Exceptions.php(112): header()
#2 [internal function]: CodeIgniter\Debug\Exceptions->exceptionHandler()
#3 {main}
  thrown
#0 [internal function]: CodeIgniter\Debug\Exceptions->shutdownHandler()
#1 {main}
CRITICAL - 2024-09-25 22:37:33 --> file_exists(): open_basedir restriction in effect. File(/www/wwwroot/iaclicks.com/inc/plugins/Payment.zip/Config/Routes.php) is not within the allowed path(s): (/www/wwwroot/iaclicks.com/:/tmp/)
#0 [internal function]: CodeIgniter\Debug\Exceptions->errorHandler()
#1 /www/wwwroot/iaclicks.com/app/Config/Routes.php(68): file_exists()
#2 /www/wwwroot/iaclicks.com/vendor/codeigniter4/framework/system/CodeIgniter.php(713): require('...')
#3 /www/wwwroot/iaclicks.com/vendor/codeigniter4/framework/system/CodeIgniter.php(368): CodeIgniter\CodeIgniter->tryToRouteIt()
#4 /www/wwwroot/iaclicks.com/vendor/codeigniter4/framework/system/CodeIgniter.php(326): CodeIgniter\CodeIgniter->handleRequest()
#5 /www/wwwroot/iaclicks.com/index.php(44): CodeIgniter\CodeIgniter->run()
#6 {main}
CRITICAL - 2024-09-25 22:37:33 --> Uncaught ErrorException: Cannot modify header information - headers already sent by (output started at /www/wwwroot/iaclicks.com/app/Config/Events.php:35) in /www/wwwroot/iaclicks.com/vendor/codeigniter4/framework/system/Debug/Exceptions.php:112
Stack trace:
#0 [internal function]: CodeIgniter\Debug\Exceptions->errorHandler()
#1 /www/wwwroot/iaclicks.com/vendor/codeigniter4/framework/system/Debug/Exceptions.php(112): header()
#2 [internal function]: CodeIgniter\Debug\Exceptions->exceptionHandler()
#3 {main}
  thrown
#0 [internal function]: CodeIgniter\Debug\Exceptions->shutdownHandler()
#1 {main}
CRITICAL - 2024-09-25 22:38:03 --> file_exists(): open_basedir restriction in effect. File(/www/wwwroot/iaclicks.com/inc/plugins/Payment.zip/Config/Routes.php) is not within the allowed path(s): (/www/wwwroot/iaclicks.com/:/tmp/)
#0 [internal function]: CodeIgniter\Debug\Exceptions->errorHandler()
#1 /www/wwwroot/iaclicks.com/app/Config/Routes.php(68): file_exists()
#2 /www/wwwroot/iaclicks.com/vendor/codeigniter4/framework/system/CodeIgniter.php(713): require('...')
#3 /www/wwwroot/iaclicks.com/vendor/codeigniter4/framework/system/CodeIgniter.php(368): CodeIgniter\CodeIgniter->tryToRouteIt()
#4 /www/wwwroot/iaclicks.com/vendor/codeigniter4/framework/system/CodeIgniter.php(326): CodeIgniter\CodeIgniter->handleRequest()
#5 /www/wwwroot/iaclicks.com/index.php(44): CodeIgniter\CodeIgniter->run()
#6 {main}
CRITICAL - 2024-09-25 22:38:03 --> Uncaught ErrorException: Cannot modify header information - headers already sent by (output started at /www/wwwroot/iaclicks.com/app/Config/Events.php:35) in /www/wwwroot/iaclicks.com/vendor/codeigniter4/framework/system/Debug/Exceptions.php:112
Stack trace:
#0 [internal function]: CodeIgniter\Debug\Exceptions->errorHandler()
#1 /www/wwwroot/iaclicks.com/vendor/codeigniter4/framework/system/Debug/Exceptions.php(112): header()
#2 [internal function]: CodeIgniter\Debug\Exceptions->exceptionHandler()
#3 {main}
  thrown
#0 [internal function]: CodeIgniter\Debug\Exceptions->shutdownHandler()
#1 {main}
CRITICAL - 2024-09-25 23:02:46 --> file_exists(): open_basedir restriction in effect. File(/www/wwwroot/iaclicks.com/inc/plugins/Payment.zip/Config/Routes.php) is not within the allowed path(s): (/www/wwwroot/iaclicks.com/:/tmp/)
#0 [internal function]: CodeIgniter\Debug\Exceptions->errorHandler()
#1 /www/wwwroot/iaclicks.com/app/Config/Routes.php(68): file_exists()
#2 /www/wwwroot/iaclicks.com/vendor/codeigniter4/framework/system/CodeIgniter.php(713): require('...')
#3 /www/wwwroot/iaclicks.com/vendor/codeigniter4/framework/system/CodeIgniter.php(368): CodeIgniter\CodeIgniter->tryToRouteIt()
#4 /www/wwwroot/iaclicks.com/vendor/codeigniter4/framework/system/CodeIgniter.php(326): CodeIgniter\CodeIgniter->handleRequest()
#5 /www/wwwroot/iaclicks.com/index.php(44): CodeIgniter\CodeIgniter->run()
#6 {main}
CRITICAL - 2024-09-25 23:02:46 --> Uncaught ErrorException: Cannot modify header information - headers already sent by (output started at /www/wwwroot/iaclicks.com/app/Config/Events.php:35) in /www/wwwroot/iaclicks.com/vendor/codeigniter4/framework/system/Debug/Exceptions.php:112
Stack trace:
#0 [internal function]: CodeIgniter\Debug\Exceptions->errorHandler()
#1 /www/wwwroot/iaclicks.com/vendor/codeigniter4/framework/system/Debug/Exceptions.php(112): header()
#2 [internal function]: CodeIgniter\Debug\Exceptions->exceptionHandler()
#3 {main}
  thrown
#0 [internal function]: CodeIgniter\Debug\Exceptions->shutdownHandler()
#1 {main}
CRITICAL - 2024-09-25 23:02:47 --> file_exists(): open_basedir restriction in effect. File(/www/wwwroot/iaclicks.com/inc/plugins/Payment.zip/Config/Routes.php) is not within the allowed path(s): (/www/wwwroot/iaclicks.com/:/tmp/)
#0 [internal function]: CodeIgniter\Debug\Exceptions->errorHandler()
#1 /www/wwwroot/iaclicks.com/app/Config/Routes.php(68): file_exists()
#2 /www/wwwroot/iaclicks.com/vendor/codeigniter4/framework/system/CodeIgniter.php(713): require('...')
#3 /www/wwwroot/iaclicks.com/vendor/codeigniter4/framework/system/CodeIgniter.php(368): CodeIgniter\CodeIgniter->tryToRouteIt()
#4 /www/wwwroot/iaclicks.com/vendor/codeigniter4/framework/system/CodeIgniter.php(326): CodeIgniter\CodeIgniter->handleRequest()
#5 /www/wwwroot/iaclicks.com/index.php(44): CodeIgniter\CodeIgniter->run()
#6 {main}
CRITICAL - 2024-09-25 23:02:47 --> Uncaught ErrorException: Cannot modify header information - headers already sent by (output started at /www/wwwroot/iaclicks.com/app/Config/Events.php:35) in /www/wwwroot/iaclicks.com/vendor/codeigniter4/framework/system/Debug/Exceptions.php:112
Stack trace:
#0 [internal function]: CodeIgniter\Debug\Exceptions->errorHandler()
#1 /www/wwwroot/iaclicks.com/vendor/codeigniter4/framework/system/Debug/Exceptions.php(112): header()
#2 [internal function]: CodeIgniter\Debug\Exceptions->exceptionHandler()
#3 {main}
  thrown
#0 [internal function]: CodeIgniter\Debug\Exceptions->shutdownHandler()
#1 {main}
CRITICAL - 2024-09-25 23:02:56 --> file_exists(): open_basedir restriction in effect. File(/www/wwwroot/iaclicks.com/inc/plugins/Payment.zip/Config/Routes.php) is not within the allowed path(s): (/www/wwwroot/iaclicks.com/:/tmp/)
#0 [internal function]: CodeIgniter\Debug\Exceptions->errorHandler()
#1 /www/wwwroot/iaclicks.com/app/Config/Routes.php(68): file_exists()
#2 /www/wwwroot/iaclicks.com/vendor/codeigniter4/framework/system/CodeIgniter.php(713): require('...')
#3 /www/wwwroot/iaclicks.com/vendor/codeigniter4/framework/system/CodeIgniter.php(368): CodeIgniter\CodeIgniter->tryToRouteIt()
#4 /www/wwwroot/iaclicks.com/vendor/codeigniter4/framework/system/CodeIgniter.php(326): CodeIgniter\CodeIgniter->handleRequest()
#5 /www/wwwroot/iaclicks.com/index.php(44): CodeIgniter\CodeIgniter->run()
#6 {main}
CRITICAL - 2024-09-25 23:02:56 --> Uncaught ErrorException: Cannot modify header information - headers already sent by (output started at /www/wwwroot/iaclicks.com/app/Config/Events.php:35) in /www/wwwroot/iaclicks.com/vendor/codeigniter4/framework/system/Debug/Exceptions.php:112
Stack trace:
#0 [internal function]: CodeIgniter\Debug\Exceptions->errorHandler()
#1 /www/wwwroot/iaclicks.com/vendor/codeigniter4/framework/system/Debug/Exceptions.php(112): header()
#2 [internal function]: CodeIgniter\Debug\Exceptions->exceptionHandler()
#3 {main}
  thrown
#0 [internal function]: CodeIgniter\Debug\Exceptions->shutdownHandler()
#1 {main}
CRITICAL - 2024-09-25 23:02:58 --> file_exists(): open_basedir restriction in effect. File(/www/wwwroot/iaclicks.com/inc/plugins/Payment.zip/Config/Routes.php) is not within the allowed path(s): (/www/wwwroot/iaclicks.com/:/tmp/)
#0 [internal function]: CodeIgniter\Debug\Exceptions->errorHandler()
#1 /www/wwwroot/iaclicks.com/app/Config/Routes.php(68): file_exists()
#2 /www/wwwroot/iaclicks.com/vendor/codeigniter4/framework/system/CodeIgniter.php(713): require('...')
#3 /www/wwwroot/iaclicks.com/vendor/codeigniter4/framework/system/CodeIgniter.php(368): CodeIgniter\CodeIgniter->tryToRouteIt()
#4 /www/wwwroot/iaclicks.com/vendor/codeigniter4/framework/system/CodeIgniter.php(326): CodeIgniter\CodeIgniter->handleRequest()
#5 /www/wwwroot/iaclicks.com/index.php(44): CodeIgniter\CodeIgniter->run()
#6 {main}
CRITICAL - 2024-09-25 23:02:58 --> Uncaught ErrorException: Cannot modify header information - headers already sent by (output started at /www/wwwroot/iaclicks.com/app/Config/Events.php:35) in /www/wwwroot/iaclicks.com/vendor/codeigniter4/framework/system/Debug/Exceptions.php:112
Stack trace:
#0 [internal function]: CodeIgniter\Debug\Exceptions->errorHandler()
#1 /www/wwwroot/iaclicks.com/vendor/codeigniter4/framework/system/Debug/Exceptions.php(112): header()
#2 [internal function]: CodeIgniter\Debug\Exceptions->exceptionHandler()
#3 {main}
  thrown
#0 [internal function]: CodeIgniter\Debug\Exceptions->shutdownHandler()
#1 {main}
