CRITICAL - 2024-07-03 17:05:10 --> Attempt to read property "hash" on null
#0 /www/wwwroot/app_zapmatic_app/inc/core/Whatsapp_evo_profiles/Controllers/Whatsapp_evo_profiles.php(128): CodeIgniter\Debug\Exceptions->errorHandler()
#1 /www/wwwroot/app_zapmatic_app/vendor/codeigniter4/framework/system/CodeIgniter.php(832): Core\Whatsapp_evo_profiles\Controllers\Whatsapp_evo_profiles->get_qrcode()
#2 /www/wwwroot/app_zapmatic_app/vendor/codeigniter4/framework/system/CodeIgniter.php(419): CodeIgniter\CodeIgniter->runController()
#3 /www/wwwroot/app_zapmatic_app/vendor/codeigniter4/framework/system/CodeIgniter.php(326): CodeIgniter\CodeIgniter->handleRequest()
#4 /www/wwwroot/app_zapmatic_app/index.php(44): CodeIgniter\CodeIgniter->run()
#5 {main}
CRITICAL - 2024-07-03 17:05:36 --> Attempt to read property "hash" on null
#0 /www/wwwroot/app_zapmatic_app/inc/core/Whatsapp_evo_profiles/Controllers/Whatsapp_evo_profiles.php(128): CodeIgniter\Debug\Exceptions->errorHandler()
#1 /www/wwwroot/app_zapmatic_app/vendor/codeigniter4/framework/system/CodeIgniter.php(832): Core\Whatsapp_evo_profiles\Controllers\Whatsapp_evo_profiles->get_qrcode()
#2 /www/wwwroot/app_zapmatic_app/vendor/codeigniter4/framework/system/CodeIgniter.php(419): CodeIgniter\CodeIgniter->runController()
#3 /www/wwwroot/app_zapmatic_app/vendor/codeigniter4/framework/system/CodeIgniter.php(326): CodeIgniter\CodeIgniter->handleRequest()
#4 /www/wwwroot/app_zapmatic_app/index.php(44): CodeIgniter\CodeIgniter->run()
#5 {main}
CRITICAL - 2024-07-03 17:07:48 --> Attempt to read property "hash" on null
#0 /www/wwwroot/app_zapmatic_app/inc/core/Whatsapp_evo_profiles/Controllers/Whatsapp_evo_profiles.php(128): CodeIgniter\Debug\Exceptions->errorHandler()
#1 /www/wwwroot/app_zapmatic_app/vendor/codeigniter4/framework/system/CodeIgniter.php(832): Core\Whatsapp_evo_profiles\Controllers\Whatsapp_evo_profiles->get_qrcode()
#2 /www/wwwroot/app_zapmatic_app/vendor/codeigniter4/framework/system/CodeIgniter.php(419): CodeIgniter\CodeIgniter->runController()
#3 /www/wwwroot/app_zapmatic_app/vendor/codeigniter4/framework/system/CodeIgniter.php(326): CodeIgniter\CodeIgniter->handleRequest()
#4 /www/wwwroot/app_zapmatic_app/index.php(44): CodeIgniter\CodeIgniter->run()
#5 {main}
CRITICAL - 2024-07-03 17:16:40 --> Attempt to read property "hash" on null
#0 /www/wwwroot/app_zapmatic_app/inc/core/Whatsapp_evo_profiles/Controllers/Whatsapp_evo_profiles.php(128): CodeIgniter\Debug\Exceptions->errorHandler()
#1 /www/wwwroot/app_zapmatic_app/vendor/codeigniter4/framework/system/CodeIgniter.php(832): Core\Whatsapp_evo_profiles\Controllers\Whatsapp_evo_profiles->get_qrcode()
#2 /www/wwwroot/app_zapmatic_app/vendor/codeigniter4/framework/system/CodeIgniter.php(419): CodeIgniter\CodeIgniter->runController()
#3 /www/wwwroot/app_zapmatic_app/vendor/codeigniter4/framework/system/CodeIgniter.php(326): CodeIgniter\CodeIgniter->handleRequest()
#4 /www/wwwroot/app_zapmatic_app/index.php(44): CodeIgniter\CodeIgniter->run()
#5 {main}
CRITICAL - 2024-07-03 17:22:03 --> Attempt to read property "hash" on null
#0 /www/wwwroot/app_zapmatic_app/inc/core/Whatsapp_evo_profiles/Controllers/Whatsapp_evo_profiles.php(128): CodeIgniter\Debug\Exceptions->errorHandler()
#1 /www/wwwroot/app_zapmatic_app/vendor/codeigniter4/framework/system/CodeIgniter.php(832): Core\Whatsapp_evo_profiles\Controllers\Whatsapp_evo_profiles->get_qrcode()
#2 /www/wwwroot/app_zapmatic_app/vendor/codeigniter4/framework/system/CodeIgniter.php(419): CodeIgniter\CodeIgniter->runController()
#3 /www/wwwroot/app_zapmatic_app/vendor/codeigniter4/framework/system/CodeIgniter.php(326): CodeIgniter\CodeIgniter->handleRequest()
#4 /www/wwwroot/app_zapmatic_app/index.php(44): CodeIgniter\CodeIgniter->run()
#5 {main}
CRITICAL - 2024-07-03 17:24:19 --> Attempt to read property "hash" on null
#0 /www/wwwroot/app_zapmatic_app/inc/core/Whatsapp_evo_profiles/Controllers/Whatsapp_evo_profiles.php(128): CodeIgniter\Debug\Exceptions->errorHandler()
#1 /www/wwwroot/app_zapmatic_app/vendor/codeigniter4/framework/system/CodeIgniter.php(832): Core\Whatsapp_evo_profiles\Controllers\Whatsapp_evo_profiles->get_qrcode()
#2 /www/wwwroot/app_zapmatic_app/vendor/codeigniter4/framework/system/CodeIgniter.php(419): CodeIgniter\CodeIgniter->runController()
#3 /www/wwwroot/app_zapmatic_app/vendor/codeigniter4/framework/system/CodeIgniter.php(326): CodeIgniter\CodeIgniter->handleRequest()
#4 /www/wwwroot/app_zapmatic_app/index.php(44): CodeIgniter\CodeIgniter->run()
#5 {main}
CRITICAL - 2024-07-03 17:25:43 --> Attempt to read property "hash" on null
#0 /www/wwwroot/app_zapmatic_app/inc/core/Whatsapp_evo_profiles/Controllers/Whatsapp_evo_profiles.php(128): CodeIgniter\Debug\Exceptions->errorHandler()
#1 /www/wwwroot/app_zapmatic_app/vendor/codeigniter4/framework/system/CodeIgniter.php(832): Core\Whatsapp_evo_profiles\Controllers\Whatsapp_evo_profiles->get_qrcode()
#2 /www/wwwroot/app_zapmatic_app/vendor/codeigniter4/framework/system/CodeIgniter.php(419): CodeIgniter\CodeIgniter->runController()
#3 /www/wwwroot/app_zapmatic_app/vendor/codeigniter4/framework/system/CodeIgniter.php(326): CodeIgniter\CodeIgniter->handleRequest()
#4 /www/wwwroot/app_zapmatic_app/index.php(44): CodeIgniter\CodeIgniter->run()
#5 {main}
